#
# There is insufficient memory for the Java Runtime Environment to continue.
# Native memory allocation (mmap) failed to map 10485760 bytes for G1 virtual space
# Possible reasons:
#   The system is out of physical RAM or swap space
#   The process is running with CompressedOops enabled, and the Java Heap may be blocking the growth of the native heap
# Possible solutions:
#   Reduce memory load on the system
#   Increase physical memory or swap space
#   Check if swap backing store is full
#   Decrease Java heap size (-Xmx/-Xms)
#   Decrease number of Java threads
#   Decrease Java thread stack sizes (-Xss)
#   Set larger code cache with -XX:ReservedCodeCacheSize=
#   JVM is running with Unscaled Compressed Oops mode in which the Java heap is
#     placed in the first 4GB address space. The Java Heap base address is the
#     maximum limit for the native heap growth. Please use -XX:HeapBaseMinAddress
#     to set the Java Heap base and to place the Java Heap above 4GB virtual address.
# This output file may be truncated or incomplete.
#
#  Out of Memory Error (./open/src/hotspot/os/windows/os_windows.cpp:3472), pid=1260, tid=18184
#
# JRE version: Java(TM) SE Runtime Environment (15.0.1+9) (build 15.0.1+9-18)
# Java VM: Java HotSpot(TM) 64-Bit Server VM (15.0.1+9-18, mixed mode, sharing, tiered, compressed oops, g1 gc, windows-amd64)
# No core dump will be written. Minidumps are not enabled by default on client versions of Windows
#

---------------  S U M M A R Y ------------

Command Line: -Dapplication.home=C:\Program Files\Java\jdk-15.0.1 --add-modules=ALL-DEFAULT -Xms8m -Djdk.module.main=jdk.compiler jdk.compiler/com.sun.tools.javac.Main -d C:\Users\Shri\Documents\NetBeansProjects\Travel Management System\build\classes -classpath C:\Users\Shri\Documents\NetBeansProjects\Travel Management System\build\classes -sourcepath C:\Users\Shri\Documents\NetBeansProjects\Travel Management System\src -target 15 -encoding UTF-8 -g -processorpath C:\Users\Shri\Documents\NetBeansProjects\Travel Management System\build\empty -s C:\Users\Shri\Documents\NetBeansProjects\Travel Management System\build\generated-sources\ap-source-output -source 15 C:\Users\Shri\Documents\NetBeansProjects\Travel Management System\src\travel\management\system\Login.java

Host: Intel(R) Core(TM) i3-7020U CPU @ 2.30GHz, 4 cores, 3G,  Windows 10 , 64 bit Build 19041 (10.0.19041.804)
Time: Sat Mar 20 23:49:27 2021 India Standard Time elapsed time: 1.130200 seconds (0d 0h 0m 1s)

---------------  T H R E A D  ---------------

Current thread (0x00000272f8fea440):  VMThread "VM Thread" [stack: 0x000000e78f300000,0x000000e78f400000] [id=18184]

Stack: [0x000000e78f300000,0x000000e78f400000]
[error occurred during error reporting (printing stack bounds), id 0xc0000005, EXCEPTION_ACCESS_VIOLATION (0xc0000005) at pc=0x00000272881810ad]

Native frames: (J=compiled Java code, j=interpreted, Vv=VM code, C=native code)
V  [jvm.dll+0x62ae9a]
V  [jvm.dll+0x781389]
V  [jvm.dll+0x782ae3]
V  [jvm.dll+0x7830a5]
V  [jvm.dll+0x78305b]
V  [jvm.dll+0x62a2b9]
V  [jvm.dll+0x62aa88]
C  [ntdll.dll+0xa1f6f]
C  [ntdll.dll+0x51454]
C  [ntdll.dll+0xa0a9e]
C  0x00000272881810ad

VM_Operation (0x000000e78edfc740): G1CollectForAllocation, mode: safepoint, requested by thread 0x00000272f6dc9f80


---------------  P R O C E S S  ---------------

Threads class SMR info:
_java_thread_list=0x000002729cd68790, length=11, elements={
0x00000272f6dc9f80, 0x00000272f8ff00d0, 0x00000272f8ff0ca0, 0x000002729caac2e0,
0x000002729cab0bc0, 0x000002729cab3580, 0x000002729cabab80, 0x000002729cabc990,
0x000002729cac7770, 0x000002729ccf5e10, 0x000002729cd68b90
}

Java Threads: ( => current thread )
  0x00000272f6dc9f80 JavaThread "main" [_thread_blocked, id=20276, stack(0x000000e78ed00000,0x000000e78ee00000)]
  0x00000272f8ff00d0 JavaThread "Reference Handler" daemon [_thread_blocked, id=15524, stack(0x000000e78f400000,0x000000e78f500000)]
  0x00000272f8ff0ca0 JavaThread "Finalizer" daemon [_thread_blocked, id=18340, stack(0x000000e78f500000,0x000000e78f600000)]
  0x000002729caac2e0 JavaThread "Signal Dispatcher" daemon [_thread_blocked, id=15604, stack(0x000000e78f600000,0x000000e78f700000)]
  0x000002729cab0bc0 JavaThread "Attach Listener" daemon [_thread_blocked, id=4880, stack(0x000000e78f700000,0x000000e78f800000)]
  0x000002729cab3580 JavaThread "Service Thread" daemon [_thread_blocked, id=13496, stack(0x000000e78f800000,0x000000e78f900000)]
  0x000002729cabab80 JavaThread "C2 CompilerThread0" daemon [_thread_blocked, id=7700, stack(0x000000e78f900000,0x000000e78fa00000)]
  0x000002729cabc990 JavaThread "C1 CompilerThread0" daemon [_thread_blocked, id=18676, stack(0x000000e78fa00000,0x000000e78fb00000)]
  0x000002729cac7770 JavaThread "Sweeper thread" daemon [_thread_blocked, id=18592, stack(0x000000e78fb00000,0x000000e78fc00000)]
  0x000002729ccf5e10 JavaThread "Common-Cleaner" daemon [_thread_blocked, id=6280, stack(0x000000e78fc00000,0x000000e78fd00000)]
  0x000002729cd68b90 JavaThread "Notification Thread" daemon [_thread_blocked, id=72, stack(0x000000e78fd00000,0x000000e78fe00000)]

Other Threads:
=>0x00000272f8fea440 VMThread "VM Thread" [stack: 0x000000e78f300000,0x000000e78f400000] [id=18184]
  0x000002729cd6a480 WatcherThread [stack: 0x000000e78fe00000,0x000000e78ff00000] [id=3084]
  0x00000272f8f5fc60 GCTaskThread "GC Thread#0" [stack: 0x000000e78ee00000,0x000000e78ef00000] [id=8064]
  0x000002729cd6fad0 GCTaskThread "GC Thread#1" [stack: 0x000000e78ff00000,0x000000e790000000] [id=9808]
  0x00000272f8f68b30 ConcurrentGCThread "G1 Main Marker" [stack: 0x000000e78ef00000,0x000000e78f000000] [id=11344]
  0x00000272f8f69ec0 ConcurrentGCThread "G1 Conc#0" [stack: 0x000000e78f000000,0x000000e78f100000] [id=16272]
  0x00000272f8f82660 ConcurrentGCThread "G1 Refine#0" [stack: 0x000000e78f100000,0x000000e78f200000] [id=17796]
  0x00000272f8f83260 ConcurrentGCThread "G1 Young RemSet Sampling" [stack: 0x000000e78f200000,0x000000e78f300000] [id=17296]

Threads with active compile tasks:
C2 CompilerThread0     1151 1130       4       com.sun.tools.javac.util.SharedNameTable::fromUtf (174 bytes)

VM state: at safepoint (normal execution)

VM Mutex/Monitor currently owned by a thread:  ([mutex/lock_event])
[0x00000272f8f32590] Threads_lock - owner thread: 0x00000272f8fea440
[0x00000272f8f328f0] Heap_lock - owner thread: 0x00000272f6dc9f80

Heap address: 0x00000000c1400000, size: 1004 MB, Compressed Oops mode: 32-bit
CDS archive(s) mapped at: [0x0000000800000000-0x0000000800b50000-0x0000000800b50000), size 11862016, SharedBaseAddress: 0x0000000800000000, ArchiveRelocationMode: 0.
Compressed class space mapped at: 0x0000000800b50000-0x0000000840b50000, size: 1073741824
Narrow klass base: 0x0000000800000000, Narrow klass shift: 3, Narrow klass range: 0x100000000

GC Precious Log:
 CPUs: 4 total, 4 available
 Memory: 4011M
 Large Page Support: Disabled
 NUMA Support: Disabled
 Compressed Oops: Enabled (32-bit)
 Heap Region Size: 1M
 Heap Min Capacity: 8M
 Heap Initial Capacity: 8M
 Heap Max Capacity: 1004M
 Pre-touch: Disabled
 Parallel Workers: 4
 Concurrent Workers: 1
 Concurrent Refinement Workers: 4
 Periodic GC: Disabled

Heap:
 garbage-first heap   total 24576K, used 6655K [0x00000000c1400000, 0x0000000100000000)
  region size 1024K, 1 young (1024K), 1 survivors (1024K)
 Metaspace       used 8612K, capacity 11335K, committed 11520K, reserved 1058816K
  class space    used 996K, capacity 1265K, committed 1280K, reserved 1048576K

Heap Regions: E=young(eden), S=young(survivor), O=old, HS=humongous(starts), HC=humongous(continues), CS=collection set, F=free, OA=open archive, CA=closed archive, TAMS=top-at-mark-start (previous, next)
|   0|0x00000000c1400000, 0x00000000c1500000, 0x00000000c1500000|100%| O|  |TAMS 0x00000000c1400000, 0x00000000c1400000| Untracked 
|   1|0x00000000c1500000, 0x00000000c1600000, 0x00000000c1600000|100%| O|  |TAMS 0x00000000c1500000, 0x00000000c1500000| Untracked 
|   2|0x00000000c1600000, 0x00000000c1700000, 0x00000000c1700000|100%| O|  |TAMS 0x00000000c1600000, 0x00000000c1600000| Untracked 
|   3|0x00000000c1700000, 0x00000000c1800000, 0x00000000c1800000|100%| O|  |TAMS 0x00000000c1700000, 0x00000000c1700000| Untracked 
|   4|0x00000000c1800000, 0x00000000c1900000, 0x00000000c1900000|100%| O|  |TAMS 0x00000000c1800000, 0x00000000c1800000| Untracked 
|   5|0x00000000c1900000, 0x00000000c1a00000, 0x00000000c1a00000|100%| O|  |TAMS 0x00000000c1900000, 0x00000000c1900000| Untracked 
|   6|0x00000000c1a00000, 0x00000000c1a20000, 0x00000000c1b00000| 12%| O|  |TAMS 0x00000000c1a00000, 0x00000000c1a00000| Untracked 
|   7|0x00000000c1b00000, 0x00000000c1b00000, 0x00000000c1c00000|  0%| F|  |TAMS 0x00000000c1b00000, 0x00000000c1b00000| Untracked 
|   8|0x00000000c1c00000, 0x00000000c1c00000, 0x00000000c1d00000|  0%| F|  |TAMS 0x00000000c1c00000, 0x00000000c1c00000| Untracked 
|   9|0x00000000c1d00000, 0x00000000c1d00000, 0x00000000c1e00000|  0%| F|  |TAMS 0x00000000c1d00000, 0x00000000c1d00000| Untracked 
|  10|0x00000000c1e00000, 0x00000000c1e00000, 0x00000000c1f00000|  0%| F|  |TAMS 0x00000000c1e00000, 0x00000000c1e00000| Untracked 
|  11|0x00000000c1f00000, 0x00000000c1f5fc40, 0x00000000c2000000| 37%| S|CS|TAMS 0x00000000c1f00000, 0x00000000c1f00000| Complete 
|  12|0x00000000c2000000, 0x00000000c2000000, 0x00000000c2100000|  0%| F|  |TAMS 0x00000000c2000000, 0x00000000c2000000| Untracked 
|  13|0x00000000c2100000, 0x00000000c2100000, 0x00000000c2200000|  0%| F|  |TAMS 0x00000000c2100000, 0x00000000c2100000| Untracked 

Card table byte_map: [0x00000272979b0000,0x0000027297bb0000] _byte_map_base: 0x00000272973a6000

Marking Bits (Prev, Next): (CMBitMap*) 0x00000272f8f60450, (CMBitMap*) 0x00000272f8f60490
 Prev Bits: [0x0000027297db0000, 0x0000027298d60000)
 Next Bits: [0x0000027298d60000, 0x0000027299d10000)

Polling page: 0x0000027280000000

Metaspace:

Usage:
  Non-class:      9.83 MB capacity,     7.44 MB ( 76%) used,     2.39 MB ( 24%) free+waste,    10.25 KB ( <1%) overhead. 
      Class:      1.24 MB capacity,   996.12 KB ( 79%) used,   264.63 KB ( 21%) free+waste,     4.25 KB ( <1%) overhead. 
       Both:     11.07 MB capacity,     8.41 MB ( 76%) used,     2.64 MB ( 24%) free+waste,    14.50 KB ( <1%) overhead. 

Virtual space:
  Non-class space:       10.00 MB reserved,      10.00 MB (100%) committed 
      Class space:        1.00 GB reserved,       1.25 MB ( <1%) committed 
             Both:        1.01 GB reserved,      11.25 MB (  1%) committed 

Chunk freelists:
   Non-Class:  42.00 KB
       Class:  15.00 KB
        Both:  57.00 KB

MaxMetaspaceSize: 17179869184.00 GB
CompressedClassSpaceSize: 1.00 GB

CodeHeap 'non-profiled nmethods': size=120000Kb used=338Kb max_used=338Kb free=119661Kb
 bounds [0x000002728fc50000, 0x000002728fec0000, 0x0000027297180000]
CodeHeap 'profiled nmethods': size=120000Kb used=1965Kb max_used=1965Kb free=118034Kb
 bounds [0x0000027288720000, 0x0000027288990000, 0x000002728fc50000]
CodeHeap 'non-nmethods': size=5760Kb used=1140Kb max_used=1165Kb free=4619Kb
 bounds [0x0000027288180000, 0x00000272883f0000, 0x0000027288720000]
 total_blobs=1533 nmethods=1144 adapters=302
 compilation: enabled
              stopped_count=0, restarted_count=0
 full_count=0

Compilation events (20 events):
Event: 1.111 Thread 0x000002729cabc990 1142       3       java.util.Spliterator::getExactSizeIfKnown (25 bytes)
Event: 1.111 Thread 0x000002729cabc990 nmethod 1142 0x0000027288903a90 code [0x0000027288903c40, 0x0000027288903f38]
Event: 1.111 Thread 0x000002729cabc990 1143       3       java.util.stream.Sink::end (1 bytes)
Event: 1.111 Thread 0x000002729cabc990 nmethod 1143 0x0000027288904010 code [0x00000272889041a0, 0x0000027288904298]
Event: 1.116 Thread 0x000002729cabc990 1146 %     3       java.util.regex.Pattern::newSlice @ 134 (181 bytes)
Event: 1.118 Thread 0x000002729cabc990 nmethod 1146% 0x0000027288904310 code [0x0000027288904620, 0x0000027288905848]
Event: 1.118 Thread 0x000002729cabc990 1150       3       com.sun.tools.javac.jvm.Code::width (42 bytes)
Event: 1.118 Thread 0x000002729cabc990 nmethod 1150 0x0000027288905f10 code [0x00000272889060a0, 0x0000027288906238]
Event: 1.118 Thread 0x000002729cabc990 1151       3       com.sun.tools.javac.jvm.ClassReader::parameter (181 bytes)
Event: 1.120 Thread 0x000002729cabc990 nmethod 1151 0x0000027288906310 code [0x0000027288906680, 0x0000027288907b98]
Event: 1.120 Thread 0x000002729cabc990 1152       3       com.sun.tools.javac.code.Symbol$ParamSymbol::<init> (11 bytes)
Event: 1.120 Thread 0x000002729cabc990 nmethod 1152 0x0000027288908310 code [0x00000272889084c0, 0x00000272889085e8]
Event: 1.120 Thread 0x000002729cabc990 1148       3       java.util.stream.AbstractPipeline::evaluate (94 bytes)
Event: 1.121 Thread 0x000002729cabc990 nmethod 1148 0x0000027288908690 code [0x00000272889088c0, 0x0000027288908f68]
Event: 1.121 Thread 0x000002729cabc990 1149       3       java.util.stream.MatchOps::makeRef (29 bytes)
Event: 1.122 Thread 0x000002729cabc990 nmethod 1149 0x0000027288909190 code [0x0000027288909400, 0x000002728890a208]
Event: 1.122 Thread 0x000002729cabc990 1147       3       java.util.stream.ReferencePipeline::map (26 bytes)
Event: 1.122 Thread 0x000002729cabc990 nmethod 1147 0x000002728890a610 code [0x000002728890a800, 0x000002728890ad38]
Event: 1.122 Thread 0x000002729cabc990 1153       3       java.util.stream.AbstractPipeline::wrapAndCopyInto (18 bytes)
Event: 1.123 Thread 0x000002729cabc990 nmethod 1153 0x000002728890af90 code [0x000002728890b160, 0x000002728890b568]

GC Heap History (20 events):
Event: 0.552 GC heap after
{Heap after GC invocations=3 (full 0):
 garbage-first heap   total 8192K, used 1997K [0x00000000c1400000, 0x0000000100000000)
  region size 1024K, 1 young (1024K), 1 survivors (1024K)
 Metaspace       used 5813K, capacity 9411K, committed 9600K, reserved 1058816K
  class space    used 696K, capacity 1029K, committed 1152K, reserved 1048576K
}
Event: 0.656 GC heap before
{Heap before GC invocations=3 (full 0):
 garbage-first heap   total 8192K, used 3021K [0x00000000c1400000, 0x0000000100000000)
  region size 1024K, 2 young (2048K), 1 survivors (1024K)
 Metaspace       used 7243K, capacity 10438K, committed 10752K, reserved 1058816K
  class space    used 874K, capacity 1158K, committed 1280K, reserved 1048576K
}
Event: 0.660 GC heap after
{Heap after GC invocations=4 (full 0):
 garbage-first heap   total 8192K, used 2334K [0x00000000c1400000, 0x0000000100000000)
  region size 1024K, 1 young (1024K), 1 survivors (1024K)
 Metaspace       used 7243K, capacity 10438K, committed 10752K, reserved 1058816K
  class space    used 874K, capacity 1158K, committed 1280K, reserved 1048576K
}
Event: 0.735 GC heap before
{Heap before GC invocations=4 (full 0):
 garbage-first heap   total 8192K, used 3358K [0x00000000c1400000, 0x0000000100000000)
  region size 1024K, 2 young (2048K), 1 survivors (1024K)
 Metaspace       used 7834K, capacity 10857K, committed 11008K, reserved 1058816K
  class space    used 914K, capacity 1191K, committed 1280K, reserved 1048576K
}
Event: 0.738 GC heap after
{Heap after GC invocations=5 (full 0):
 garbage-first heap   total 10240K, used 2567K [0x00000000c1400000, 0x0000000100000000)
  region size 1024K, 1 young (1024K), 1 survivors (1024K)
 Metaspace       used 7834K, capacity 10857K, committed 11008K, reserved 1058816K
  class space    used 914K, capacity 1191K, committed 1280K, reserved 1048576K
}
Event: 0.842 GC heap before
{Heap before GC invocations=5 (full 0):
 garbage-first heap   total 10240K, used 4615K [0x00000000c1400000, 0x0000000100000000)
  region size 1024K, 3 young (3072K), 1 survivors (1024K)
 Metaspace       used 8161K, capacity 11099K, committed 11264K, reserved 1058816K
  class space    used 961K, capacity 1229K, committed 1280K, reserved 1048576K
}
Event: 0.847 GC heap after
{Heap after GC invocations=6 (full 0):
 garbage-first heap   total 10240K, used 3369K [0x00000000c1400000, 0x0000000100000000)
  region size 1024K, 1 young (1024K), 1 survivors (1024K)
 Metaspace       used 8161K, capacity 11099K, committed 11264K, reserved 1058816K
  class space    used 961K, capacity 1229K, committed 1280K, reserved 1048576K
}
Event: 0.873 GC heap before
{Heap before GC invocations=6 (full 0):
 garbage-first heap   total 10240K, used 5417K [0x00000000c1400000, 0x0000000100000000)
  region size 1024K, 3 young (3072K), 1 survivors (1024K)
 Metaspace       used 8199K, capacity 11099K, committed 11264K, reserved 1058816K
  class space    used 961K, capacity 1229K, committed 1280K, reserved 1048576K
}
Event: 0.878 GC heap after
{Heap after GC invocations=7 (full 0):
 garbage-first heap   total 10240K, used 3723K [0x00000000c1400000, 0x0000000100000000)
  region size 1024K, 1 young (1024K), 1 survivors (1024K)
 Metaspace       used 8199K, capacity 11099K, committed 11264K, reserved 1058816K
  class space    used 961K, capacity 1229K, committed 1280K, reserved 1048576K
}
Event: 0.924 GC heap before
{Heap before GC invocations=7 (full 0):
 garbage-first heap   total 10240K, used 4747K [0x00000000c1400000, 0x0000000100000000)
  region size 1024K, 2 young (2048K), 1 survivors (1024K)
 Metaspace       used 8285K, capacity 11102K, committed 11264K, reserved 1058816K
  class space    used 967K, capacity 1230K, committed 1280K, reserved 1048576K
}
Event: 0.927 GC heap after
{Heap after GC invocations=8 (full 0):
 garbage-first heap   total 10240K, used 3798K [0x00000000c1400000, 0x0000000100000000)
  region size 1024K, 1 young (1024K), 1 survivors (1024K)
 Metaspace       used 8285K, capacity 11102K, committed 11264K, reserved 1058816K
  class space    used 967K, capacity 1230K, committed 1280K, reserved 1048576K
}
Event: 0.954 GC heap before
{Heap before GC invocations=8 (full 0):
 garbage-first heap   total 10240K, used 5846K [0x00000000c1400000, 0x0000000100000000)
  region size 1024K, 3 young (3072K), 1 survivors (1024K)
 Metaspace       used 8312K, capacity 11102K, committed 11264K, reserved 1058816K
  class space    used 968K, capacity 1230K, committed 1280K, reserved 1048576K
}
Event: 0.956 GC heap after
{Heap after GC invocations=9 (full 0):
 garbage-first heap   total 14336K, used 4053K [0x00000000c1400000, 0x0000000100000000)
  region size 1024K, 1 young (1024K), 1 survivors (1024K)
 Metaspace       used 8312K, capacity 11102K, committed 11264K, reserved 1058816K
  class space    used 968K, capacity 1230K, committed 1280K, reserved 1048576K
}
Event: 1.004 GC heap before
{Heap before GC invocations=9 (full 0):
 garbage-first heap   total 14336K, used 7125K [0x00000000c1400000, 0x0000000100000000)
  region size 1024K, 4 young (4096K), 1 survivors (1024K)
 Metaspace       used 8447K, capacity 11233K, committed 11520K, reserved 1058816K
  class space    used 980K, capacity 1231K, committed 1280K, reserved 1048576K
}
Event: 1.009 GC heap after
{Heap after GC invocations=10 (full 0):
 garbage-first heap   total 14336K, used 4568K [0x00000000c1400000, 0x0000000100000000)
  region size 1024K, 1 young (1024K), 1 survivors (1024K)
 Metaspace       used 8447K, capacity 11233K, committed 11520K, reserved 1058816K
  class space    used 980K, capacity 1231K, committed 1280K, reserved 1048576K
}
Event: 1.051 GC heap before
{Heap before GC invocations=10 (full 0):
 garbage-first heap   total 14336K, used 8664K [0x00000000c1400000, 0x0000000100000000)
  region size 1024K, 5 young (5120K), 1 survivors (1024K)
 Metaspace       used 8515K, capacity 11271K, committed 11520K, reserved 1058816K
  class space    used 990K, capacity 1265K, committed 1280K, reserved 1048576K
}
Event: 1.056 GC heap after
{Heap after GC invocations=11 (full 0):
 garbage-first heap   total 14336K, used 5255K [0x00000000c1400000, 0x0000000100000000)
  region size 1024K, 1 young (1024K), 1 survivors (1024K)
 Metaspace       used 8515K, capacity 11271K, committed 11520K, reserved 1058816K
  class space    used 990K, capacity 1265K, committed 1280K, reserved 1048576K
}
Event: 1.095 GC heap before
{Heap before GC invocations=11 (full 0):
 garbage-first heap   total 14336K, used 8327K [0x00000000c1400000, 0x0000000100000000)
  region size 1024K, 4 young (4096K), 1 survivors (1024K)
 Metaspace       used 8571K, capacity 11335K, committed 11520K, reserved 1058816K
  class space    used 991K, capacity 1265K, committed 1280K, reserved 1048576K
}
Event: 1.101 GC heap after
{Heap after GC invocations=12 (full 0):
 garbage-first heap   total 14336K, used 6209K [0x00000000c1400000, 0x0000000100000000)
  region size 1024K, 1 young (1024K), 1 survivors (1024K)
 Metaspace       used 8571K, capacity 11335K, committed 11520K, reserved 1058816K
  class space    used 991K, capacity 1265K, committed 1280K, reserved 1048576K
}
Event: 1.123 GC heap before
{Heap before GC invocations=12 (full 0):
 garbage-first heap   total 14336K, used 8257K [0x00000000c1400000, 0x0000000100000000)
  region size 1024K, 3 young (3072K), 1 survivors (1024K)
 Metaspace       used 8612K, capacity 11335K, committed 11520K, reserved 1058816K
  class space    used 996K, capacity 1265K, committed 1280K, reserved 1048576K
}

Deoptimization events (20 events):
Event: 0.951 Thread 0x00000272f6dc9f80 Uncommon trap: trap_request=0xffffffbe fr.pc=0x000002728fc98184 relative=0x00000000000008a4
Event: 0.951 Thread 0x00000272f6dc9f80 Uncommon trap: reason=profile_predicate action=maybe_recompile pc=0x000002728fc98184 method=jdk.internal.jimage.ImageStringsReader.charsFromByteBuffer([CLjava/nio/ByteBuffer;)V @ 6 c2
Event: 0.951 Thread 0x00000272f6dc9f80 DEOPT PACKING pc=0x000002728fc98184 sp=0x000000e78edfda40
Event: 0.951 Thread 0x00000272f6dc9f80 DEOPT UNPACKING pc=0x00000272881ce42f sp=0x000000e78edfd918 mode 2
Event: 0.951 Thread 0x00000272f6dc9f80 Uncommon trap: trap_request=0xffffffbe fr.pc=0x000002728fc98184 relative=0x00000000000008a4
Event: 0.951 Thread 0x00000272f6dc9f80 Uncommon trap: reason=profile_predicate action=maybe_recompile pc=0x000002728fc98184 method=jdk.internal.jimage.ImageStringsReader.charsFromByteBuffer([CLjava/nio/ByteBuffer;)V @ 6 c2
Event: 0.951 Thread 0x00000272f6dc9f80 DEOPT PACKING pc=0x000002728fc98184 sp=0x000000e78edfda40
Event: 0.951 Thread 0x00000272f6dc9f80 DEOPT UNPACKING pc=0x00000272881ce42f sp=0x000000e78edfd918 mode 2
Event: 0.951 Thread 0x00000272f6dc9f80 Uncommon trap: trap_request=0xffffffbe fr.pc=0x000002728fc98184 relative=0x00000000000008a4
Event: 0.951 Thread 0x00000272f6dc9f80 Uncommon trap: reason=profile_predicate action=maybe_recompile pc=0x000002728fc98184 method=jdk.internal.jimage.ImageStringsReader.charsFromByteBuffer([CLjava/nio/ByteBuffer;)V @ 6 c2
Event: 0.951 Thread 0x00000272f6dc9f80 DEOPT PACKING pc=0x000002728fc98184 sp=0x000000e78edfda40
Event: 0.951 Thread 0x00000272f6dc9f80 DEOPT UNPACKING pc=0x00000272881ce42f sp=0x000000e78edfd918 mode 2
Event: 0.951 Thread 0x00000272f6dc9f80 Uncommon trap: trap_request=0xffffffbe fr.pc=0x000002728fc98184 relative=0x00000000000008a4
Event: 0.951 Thread 0x00000272f6dc9f80 Uncommon trap: reason=profile_predicate action=maybe_recompile pc=0x000002728fc98184 method=jdk.internal.jimage.ImageStringsReader.charsFromByteBuffer([CLjava/nio/ByteBuffer;)V @ 6 c2
Event: 0.951 Thread 0x00000272f6dc9f80 DEOPT PACKING pc=0x000002728fc98184 sp=0x000000e78edfda40
Event: 0.951 Thread 0x00000272f6dc9f80 DEOPT UNPACKING pc=0x00000272881ce42f sp=0x000000e78edfd918 mode 2
Event: 0.970 Thread 0x00000272f6dc9f80 Uncommon trap: trap_request=0xffffff45 fr.pc=0x000002728fc8ad5c relative=0x000000000000005c
Event: 0.970 Thread 0x00000272f6dc9f80 Uncommon trap: reason=unstable_if action=reinterpret pc=0x000002728fc8ad5c method=com.sun.tools.javac.jvm.PoolReader.sizeof(I)I @ 1 c2
Event: 0.970 Thread 0x00000272f6dc9f80 DEOPT PACKING pc=0x000002728fc8ad5c sp=0x000000e78edfdea0
Event: 0.970 Thread 0x00000272f6dc9f80 DEOPT UNPACKING pc=0x00000272881ce42f sp=0x000000e78edfde30 mode 2

Classes unloaded (0 events):
No events

Classes redefined (0 events):
No events

Internal exceptions (20 events):
Event: 0.744 Thread 0x00000272f6dc9f80 Exception <a 'java/lang/NoSuchMethodError'{0x00000000c1d134b0}: 'java.lang.Object java.lang.invoke.DirectMethodHandle$Holder.invokeVirtual(java.lang.Object, java.lang.Object, int)'> (0x00000000c1d134b0) 
thrown [./open/src/hotspot/share/interpreter/linkResolver.cpp, line 782]
Event: 0.746 Thread 0x00000272f6dc9f80 Exception <a 'java/lang/NoSuchMethodError'{0x00000000c1d1cc88}: 'java.lang.Object java.lang.invoke.DirectMethodHandle$Holder.invokeSpecial(java.lang.Object, java.lang.Object, java.lang.Object, int, int)'> (0x00000000c1d1cc88) 
thrown [./open/src/hotspot/share/interpreter/linkResolver.cpp, line 782]
Event: 0.801 Thread 0x00000272f6dc9f80 Exception <a 'java/lang/NoSuchMethodError'{0x00000000c1ca5090}: 'void java.lang.invoke.DirectMethodHandle$Holder.invokeStatic(java.lang.Object, java.lang.Object)'> (0x00000000c1ca5090) 
thrown [./open/src/hotspot/share/interpreter/linkResolver.cpp, line 782]
Event: 0.804 Thread 0x00000272f6dc9f80 Exception <a 'sun/nio/fs/WindowsException'{0x00000000c1cafd20}> (0x00000000c1cafd20) 
thrown [./open/src/hotspot/share/prims/jni.cpp, line 578]
Event: 0.812 Thread 0x00000272f6dc9f80 Exception <a 'sun/nio/fs/WindowsException'{0x00000000c1cc5258}> (0x00000000c1cc5258) 
thrown [./open/src/hotspot/share/prims/jni.cpp, line 578]
Event: 0.909 Thread 0x00000272f6dc9f80 Exception <a 'sun/nio/fs/WindowsException'{0x00000000c1de1580}> (0x00000000c1de1580) 
thrown [./open/src/hotspot/share/prims/jni.cpp, line 578]
Event: 0.912 Thread 0x00000272f6dc9f80 Exception <a 'sun/nio/fs/WindowsException'{0x00000000c1de4800}> (0x00000000c1de4800) 
thrown [./open/src/hotspot/share/prims/jni.cpp, line 578]
Event: 0.914 Thread 0x00000272f6dc9f80 Exception <a 'sun/nio/fs/WindowsException'{0x00000000c1de7368}> (0x00000000c1de7368) 
thrown [./open/src/hotspot/share/prims/jni.cpp, line 578]
Event: 0.917 Thread 0x00000272f6dc9f80 Exception <a 'sun/nio/fs/WindowsException'{0x00000000c1de9f98}> (0x00000000c1de9f98) 
thrown [./open/src/hotspot/share/prims/jni.cpp, line 578]
Event: 0.920 Thread 0x00000272f6dc9f80 Exception <a 'java/lang/NoSuchMethodError'{0x00000000c1df0038}: 'int java.lang.invoke.DirectMethodHandle$Holder.invokeSpecial(java.lang.Object, java.lang.Object, java.lang.Object)'> (0x00000000c1df0038) 
thrown [./open/src/hotspot/share/interpreter/linkResolver.cpp, line 782]
Event: 0.923 Thread 0x00000272f6dc9f80 Exception <a 'sun/nio/fs/WindowsException'{0x00000000c1dfbac0}> (0x00000000c1dfbac0) 
thrown [./open/src/hotspot/share/prims/jni.cpp, line 578]
Event: 0.923 Thread 0x00000272f6dc9f80 Exception <a 'sun/nio/fs/WindowsException'{0x00000000c1dfbdf0}> (0x00000000c1dfbdf0) 
thrown [./open/src/hotspot/share/prims/jni.cpp, line 578]
Event: 0.923 Thread 0x00000272f6dc9f80 Exception <a 'sun/nio/fs/WindowsException'{0x00000000c1dfd0b8}> (0x00000000c1dfd0b8) 
thrown [./open/src/hotspot/share/prims/jni.cpp, line 578]
Event: 0.923 Thread 0x00000272f6dc9f80 Exception <a 'sun/nio/fs/WindowsException'{0x00000000c1dfd3a8}> (0x00000000c1dfd3a8) 
thrown [./open/src/hotspot/share/prims/jni.cpp, line 578]
Event: 0.971 Thread 0x00000272f6dc9f80 Exception <a 'java/lang/NoSuchMethodError'{0x00000000c21f5a68}: 'java.lang.Object java.lang.invoke.DirectMethodHandle$Holder.invokeStatic(java.lang.Object, java.lang.Object, int, int)'> (0x00000000c21f5a68) 
thrown [./open/src/hotspot/share/interpreter/linkResolver.cpp, line 782]
Event: 0.998 Thread 0x00000272f6dc9f80 Exception <a 'sun/nio/fs/WindowsException'{0x00000000c206f360}> (0x00000000c206f360) 
thrown [./open/src/hotspot/share/prims/jni.cpp, line 578]
Event: 0.998 Thread 0x00000272f6dc9f80 Exception <a 'sun/nio/fs/WindowsException'{0x00000000c206f690}> (0x00000000c206f690) 
thrown [./open/src/hotspot/share/prims/jni.cpp, line 578]
Event: 0.999 Thread 0x00000272f6dc9f80 Exception <a 'sun/nio/fs/WindowsException'{0x00000000c20706e0}> (0x00000000c20706e0) 
thrown [./open/src/hotspot/share/prims/jni.cpp, line 578]
Event: 0.999 Thread 0x00000272f6dc9f80 Exception <a 'sun/nio/fs/WindowsException'{0x00000000c20709d8}> (0x00000000c20709d8) 
thrown [./open/src/hotspot/share/prims/jni.cpp, line 578]
Event: 1.035 Thread 0x00000272f6dc9f80 Exception <a 'java/lang/NoSuchMethodError'{0x00000000c1d687c8}: 'java.lang.Object java.lang.invoke.DirectMethodHandle$Holder.invokeInterface(java.lang.Object, java.lang.Object)'> (0x00000000c1d687c8) 
thrown [./open/src/hotspot/share/interpreter/linkResolver.cpp, line 782]

Events (20 events):
Event: 0.809 loading class sun/nio/fs/WindowsPath$WindowsPathWithAttributes done
Event: 0.842 Executing VM operation: G1CollectForAllocation
Event: 0.848 Executing VM operation: G1CollectForAllocation done
Event: 0.873 Executing VM operation: G1CollectForAllocation
Event: 0.879 Executing VM operation: G1CollectForAllocation done
Event: 0.924 Executing VM operation: G1CollectForAllocation
Event: 0.927 Executing VM operation: G1CollectForAllocation done
Event: 0.954 Executing VM operation: G1CollectForAllocation
Event: 0.956 Executing VM operation: G1CollectForAllocation done
Event: 0.985 loading class jdk/internal/jimage/ImageReader$LinkNode
Event: 0.985 loading class jdk/internal/jimage/ImageReader$LinkNode done
Event: 0.985 Executing VM operation: HandshakeAllThreads
Event: 0.985 Executing VM operation: HandshakeAllThreads done
Event: 1.004 Executing VM operation: G1CollectForAllocation
Event: 1.009 Executing VM operation: G1CollectForAllocation done
Event: 1.051 Executing VM operation: G1CollectForAllocation
Event: 1.056 Executing VM operation: G1CollectForAllocation done
Event: 1.095 Executing VM operation: G1CollectForAllocation
Event: 1.101 Executing VM operation: G1CollectForAllocation done
Event: 1.123 Executing VM operation: G1CollectForAllocation


Dynamic libraries:
0x00007ff72dd70000 - 0x00007ff72dd78000 	C:\Program Files\Java\jdk-15.0.1\bin\javac.exe
0x00007ffbf9bb0000 - 0x00007ffbf9da5000 	C:\WINDOWS\SYSTEM32\ntdll.dll
0x00007ffbf9900000 - 0x00007ffbf99bd000 	C:\WINDOWS\System32\KERNEL32.DLL
0x00007ffbf73e0000 - 0x00007ffbf76a9000 	C:\WINDOWS\System32\KERNELBASE.dll
0x00007ffbf44f0000 - 0x00007ffbf4580000 	C:\WINDOWS\SYSTEM32\apphelp.dll
0x00007ffbf79a0000 - 0x00007ffbf7aa0000 	C:\WINDOWS\System32\ucrtbase.dll
0x00007ffbe39b0000 - 0x00007ffbe39c9000 	C:\Program Files\Java\jdk-15.0.1\bin\VCRUNTIME140.dll
0x00007ffbe5820000 - 0x00007ffbe5838000 	C:\Program Files\Java\jdk-15.0.1\bin\jli.dll
0x00007ffbf8170000 - 0x00007ffbf821c000 	C:\WINDOWS\System32\ADVAPI32.dll
0x00007ffbf8260000 - 0x00007ffbf82fe000 	C:\WINDOWS\System32\msvcrt.dll
0x00007ffbf8d50000 - 0x00007ffbf8dec000 	C:\WINDOWS\System32\sechost.dll
0x00007ffbf9000000 - 0x00007ffbf912b000 	C:\WINDOWS\System32\RPCRT4.dll
0x00007ffbf96e0000 - 0x00007ffbf9880000 	C:\WINDOWS\System32\USER32.dll
0x00007ffbf77e0000 - 0x00007ffbf7802000 	C:\WINDOWS\System32\win32u.dll
0x00007ffbf8220000 - 0x00007ffbf824a000 	C:\WINDOWS\System32\GDI32.dll
0x00007ffbf7aa0000 - 0x00007ffbf7bab000 	C:\WINDOWS\System32\gdi32full.dll
0x00007ffbf1d20000 - 0x00007ffbf1fba000 	C:\WINDOWS\WinSxS\amd64_microsoft.windows.common-controls_6595b64144ccf1df_6.0.19041.844_none_ca00b6081b84eb1d\COMCTL32.dll
0x00007ffbf7340000 - 0x00007ffbf73dd000 	C:\WINDOWS\System32\msvcp_win.dll
0x00007ffbedeb0000 - 0x00007ffbedeba000 	C:\WINDOWS\SYSTEM32\VERSION.dll
0x00007ffbf8ab0000 - 0x00007ffbf8ae0000 	C:\WINDOWS\System32\IMM32.DLL
0x00007ffbf2190000 - 0x00007ffbf219c000 	C:\Program Files\Java\jdk-15.0.1\bin\vcruntime140_1.dll
0x00007ffbd1890000 - 0x00007ffbd1921000 	C:\Program Files\Java\jdk-15.0.1\bin\msvcp140.dll
0x00007ffbbaf80000 - 0x00007ffbbbade000 	C:\Program Files\Java\jdk-15.0.1\bin\server\jvm.dll
0x00007ffbf91a0000 - 0x00007ffbf91a8000 	C:\WINDOWS\System32\PSAPI.DLL
0x00007ffbf21b0000 - 0x00007ffbf21b9000 	C:\WINDOWS\SYSTEM32\WSOCK32.dll
0x00007ffbdea70000 - 0x00007ffbdea97000 	C:\WINDOWS\SYSTEM32\WINMM.dll
0x00007ffbf9130000 - 0x00007ffbf919b000 	C:\WINDOWS\System32\WS2_32.dll
0x00007ffbf5eb0000 - 0x00007ffbf5ec2000 	C:\WINDOWS\SYSTEM32\kernel.appcore.dll
0x00007ffbe76c0000 - 0x00007ffbe76ca000 	C:\Program Files\Java\jdk-15.0.1\bin\jimage.dll
0x00007ffbf58f0000 - 0x00007ffbf5ad4000 	C:\WINDOWS\SYSTEM32\DBGHELP.DLL
0x00007ffbdf740000 - 0x00007ffbdf76c000 	C:\WINDOWS\SYSTEM32\dbgcore.DLL
0x00007ffbf76b0000 - 0x00007ffbf7730000 	C:\WINDOWS\System32\bcryptPrimitives.dll
0x00007ffbd2760000 - 0x00007ffbd2785000 	C:\Program Files\Java\jdk-15.0.1\bin\java.dll
0x00007ffbf8360000 - 0x00007ffbf8aa2000 	C:\WINDOWS\System32\SHELL32.dll
0x00007ffbf5090000 - 0x00007ffbf5820000 	C:\WINDOWS\SYSTEM32\windows.storage.dll
0x00007ffbf7cc0000 - 0x00007ffbf8015000 	C:\WINDOWS\System32\combase.dll
0x00007ffbf6c90000 - 0x00007ffbf6cbc000 	C:\WINDOWS\SYSTEM32\Wldp.dll
0x00007ffbf7c10000 - 0x00007ffbf7cbe000 	C:\WINDOWS\System32\SHCORE.dll
0x00007ffbf8300000 - 0x00007ffbf8355000 	C:\WINDOWS\System32\shlwapi.dll
0x00007ffbf7230000 - 0x00007ffbf724f000 	C:\WINDOWS\SYSTEM32\profapi.dll
0x00007ffbd1c60000 - 0x00007ffbd1c79000 	C:\Program Files\Java\jdk-15.0.1\bin\net.dll
0x00007ffbe94a0000 - 0x00007ffbe95ac000 	C:\WINDOWS\SYSTEM32\WINHTTP.dll
0x00007ffbf6a10000 - 0x00007ffbf6a7a000 	C:\WINDOWS\system32\mswsock.dll
0x00007ffbd1c40000 - 0x00007ffbd1c52000 	C:\Program Files\Java\jdk-15.0.1\bin\nio.dll

dbghelp: loaded successfully - version: 4.0.5 - missing functions: none
symbol engine: initialized successfully - sym options: 0x614 - pdb path: .;C:\Program Files\Java\jdk-15.0.1\bin;C:\WINDOWS\SYSTEM32;C:\WINDOWS\WinSxS\amd64_microsoft.windows.common-controls_6595b64144ccf1df_6.0.19041.844_none_ca00b6081b84eb1d;C:\Program Files\Java\jdk-15.0.1\bin\server

VM Arguments:
jvm_args: -Dapplication.home=C:\Program Files\Java\jdk-15.0.1 --add-modules=ALL-DEFAULT -Xms8m -Djdk.module.main=jdk.compiler 
java_command: jdk.compiler/com.sun.tools.javac.Main -d C:\Users\Shri\Documents\NetBeansProjects\Travel Management System\build\classes -classpath C:\Users\Shri\Documents\NetBeansProjects\Travel Management System\build\classes -sourcepath C:\Users\Shri\Documents\NetBeansProjects\Travel Management System\src -target 15 -encoding UTF-8 -g -processorpath C:\Users\Shri\Documents\NetBeansProjects\Travel Management System\build\empty -s C:\Users\Shri\Documents\NetBeansProjects\Travel Management System\build\generated-sources\ap-source-output -source 15 C:\Users\Shri\Documents\NetBeansProjects\Travel Management System\src\travel\management\system\Login.java
java_class_path (initial): <not set>
Launcher Type: SUN_STANDARD

[Global flags]
     intx CICompilerCount                          = 3                                         {product} {ergonomic}
     uint ConcGCThreads                            = 1                                         {product} {ergonomic}
     uint G1ConcRefinementThreads                  = 4                                         {product} {ergonomic}
   size_t G1HeapRegionSize                         = 1048576                                   {product} {ergonomic}
    uintx GCDrainStackTargetSize                   = 64                                        {product} {ergonomic}
   size_t InitialHeapSize                          = 8388608                                   {product} {command line}
   size_t MarkStackSize                            = 4194304                                   {product} {ergonomic}
   size_t MaxHeapSize                              = 1052770304                                {product} {ergonomic}
   size_t MaxNewSize                               = 631242752                                 {product} {ergonomic}
   size_t MinHeapDeltaBytes                        = 1048576                                   {product} {ergonomic}
   size_t MinHeapSize                              = 8388608                                   {product} {command line}
    uintx NonNMethodCodeHeapSize                   = 5832780                                {pd product} {ergonomic}
    uintx NonProfiledCodeHeapSize                  = 122912730                              {pd product} {ergonomic}
    uintx ProfiledCodeHeapSize                     = 122912730                              {pd product} {ergonomic}
    uintx ReservedCodeCacheSize                    = 251658240                              {pd product} {ergonomic}
     bool SegmentedCodeCache                       = true                                      {product} {ergonomic}
   size_t SoftMaxHeapSize                          = 1052770304                             {manageable} {ergonomic}
     bool UseCompressedClassPointers               = true                                 {lp64_product} {ergonomic}
     bool UseCompressedOops                        = true                                 {lp64_product} {ergonomic}
     bool UseG1GC                                  = true                                      {product} {ergonomic}
     bool UseLargePagesIndividualAllocation        = false                                  {pd product} {ergonomic}

Logging:
Log output configuration:
 #0: stdout all=warning uptime,level,tags
 #1: stderr all=off uptime,level,tags

Environment Variables:
PATH=C:\Program Files\Common Files\Oracle\Java\javapath;C:\WINDOWS\system32;C:\WINDOWS;C:\WINDOWS\System32\Wbem;C:\WINDOWS\System32\WindowsPowerShell\v1.0\;C:\WINDOWS\System32\OpenSSH\;C:\Program Files\Java\jdk-15.0.1\bin;C:\Program Files\MySQL\MySQL Shell 8.0\bin\;C:\Users\Shri\AppData\Local\Microsoft\WindowsApps;
USERNAME=Shri
OS=Windows_NT
PROCESSOR_IDENTIFIER=Intel64 Family 6 Model 142 Stepping 10, GenuineIntel



---------------  S Y S T E M  ---------------

OS:
 Windows 10 , 64 bit Build 19041 (10.0.19041.804)
OS uptime: 0 days 22:31 hours

CPU: total 4 (initial active 4) (2 cores per cpu, 2 threads per core) family 6 model 142 stepping 10 microcode 0xe0, cmov, cx8, fxsr, mmx, sse, sse2, sse3, ssse3, sse4.1, sse4.2, popcnt, vzeroupper, avx, avx2, aes, clmul, erms, 3dnowpref, lzcnt, ht, tsc, tscinvbit, bmi1, bmi2, adx, fma, clflush, clflushopt

Memory: 4k page, system-wide physical 4011M (360M free)
TotalPageFile size 16299M (AvailPageFile size 14M)
current process WorkingSet (physical memory assigned to process): 68M, peak: 68M
current process commit charge ("private bytes"): 100M, peak: 110M

vm_info: Java HotSpot(TM) 64-Bit Server VM (15.0.1+9-18) for windows-amd64 JRE (15.0.1+9-18), built on Sep 15 2020 14:43:54 by "mach5one" with unknown MS VC++:1925

END.
