#
# There is insufficient memory for the Java Runtime Environment to continue.
# Native memory allocation (malloc) failed to allocate 32744 bytes for ChunkPool::allocate
# Possible reasons:
#   The system is out of physical RAM or swap space
#   The process is running with CompressedOops enabled, and the Java Heap may be blocking the growth of the native heap
# Possible solutions:
#   Reduce memory load on the system
#   Increase physical memory or swap space
#   Check if swap backing store is full
#   Decrease Java heap size (-Xmx/-Xms)
#   Decrease number of Java threads
#   Decrease Java thread stack sizes (-Xss)
#   Set larger code cache with -XX:ReservedCodeCacheSize=
#   JVM is running with Unscaled Compressed Oops mode in which the Java heap is
#     placed in the first 4GB address space. The Java Heap base address is the
#     maximum limit for the native heap growth. Please use -XX:HeapBaseMinAddress
#     to set the Java Heap base and to place the Java Heap above 4GB virtual address.
# This output file may be truncated or incomplete.
#
#  Out of Memory Error (./open/src/hotspot/share/memory/arena.cpp:79), pid=3752, tid=11092
#
# JRE version: Java(TM) SE Runtime Environment (15.0.1+9) (build 15.0.1+9-18)
# Java VM: Java HotSpot(TM) 64-Bit Server VM (15.0.1+9-18, mixed mode, tiered, compressed oops, g1 gc, windows-amd64)
# No core dump will be written. Minidumps are not enabled by default on client versions of Windows
#

---------------  S U M M A R Y ------------

Command Line: -Dfile.encoding=UTF-8 travel.management.system.Login

Host: Intel(R) Core(TM) i3-7020U CPU @ 2.30GHz, 4 cores, 3G,  Windows 10 , 64 bit Build 19041 (10.0.19041.804)
Time: Sat Mar 20 23:50:00 2021 India Standard Time elapsed time: 1.040627 seconds (0d 0h 0m 1s)

---------------  T H R E A D  ---------------

Current thread (0x00000242aa11f6d0):  JavaThread "main" [_thread_in_vm, id=11092, stack(0x0000006f71800000,0x0000006f71900000)]

Stack: [0x0000006f71800000,0x0000006f71900000]
Native frames: (J=compiled Java code, j=interpreted, Vv=VM code, C=native code)
V  [jvm.dll+0x62ae9a]
V  [jvm.dll+0x781389]
V  [jvm.dll+0x782ae3]
V  [jvm.dll+0x783143]
V  [jvm.dll+0x216265]
V  [jvm.dll+0x9828f]
V  [jvm.dll+0x985dc]
V  [jvm.dll+0x1c677f]
V  [jvm.dll+0x1c5580]
V  [jvm.dll+0x706143]
V  [jvm.dll+0x707b08]
V  [jvm.dll+0x707e03]
V  [jvm.dll+0x20f044]
V  [jvm.dll+0x20f2d2]
V  [jvm.dll+0x51f758]
V  [jvm.dll+0x522550]
V  [jvm.dll+0x34d760]
V  [jvm.dll+0x34cd9f]
C  0x00000242b236da4e

Java frames: (J=compiled Java code, j=interpreted, Vv=VM code)
j  java.lang.invoke.MethodHandles$Lookup.ensureInitialized(Ljava/lang/Class;)Ljava/lang/Class;+81 java.base
j  jdk.internal.access.SharedSecrets.ensureClassInitialized(Ljava/lang/Class;)V+4 java.base
j  jdk.internal.access.SharedSecrets.getJavaLangModuleAccess()Ljdk/internal/access/JavaLangModuleAccess;+8 java.base
j  jdk.internal.module.ModuleBootstrap.<clinit>()V+0 java.base
v  ~StubRoutines::call_stub
j  java.lang.System.initPhase2(ZZ)I+0 java.base
v  ~StubRoutines::call_stub

---------------  P R O C E S S  ---------------

Threads class SMR info:
_java_thread_list=0x00000242c5dcd180, length=9, elements={
0x00000242aa11f6d0, 0x00000242c5da2140, 0x00000242c5da33c0, 0x00000242c5dcc2b0,
0x00000242c5d8d2c0, 0x00000242c5d8df30, 0x00000242c5dd3cc0, 0x00000242c5dd5d70,
0x00000242c5dd6e10
}

Java Threads: ( => current thread )
=>0x00000242aa11f6d0 JavaThread "main" [_thread_in_vm, id=11092, stack(0x0000006f71800000,0x0000006f71900000)]
  0x00000242c5da2140 JavaThread "Reference Handler" daemon [_thread_blocked, id=19880, stack(0x0000006f71f00000,0x0000006f72000000)]
  0x00000242c5da33c0 JavaThread "Finalizer" daemon [_thread_blocked, id=14544, stack(0x0000006f72000000,0x0000006f72100000)]
  0x00000242c5dcc2b0 JavaThread "Signal Dispatcher" daemon [_thread_blocked, id=1496, stack(0x0000006f72100000,0x0000006f72200000)]
  0x00000242c5d8d2c0 JavaThread "Attach Listener" daemon [_thread_blocked, id=4436, stack(0x0000006f72200000,0x0000006f72300000)]
  0x00000242c5d8df30 JavaThread "Service Thread" daemon [_thread_blocked, id=12140, stack(0x0000006f72300000,0x0000006f72400000)]
  0x00000242c5dd3cc0 JavaThread "C2 CompilerThread0" daemon [_thread_in_vm, id=13296, stack(0x0000006f72400000,0x0000006f72500000)]
  0x00000242c5dd5d70 JavaThread "C1 CompilerThread0" daemon [_thread_blocked, id=20448, stack(0x0000006f72500000,0x0000006f72600000)]
  0x00000242c5dd6e10 JavaThread "Sweeper thread" daemon [_thread_blocked, id=16224, stack(0x0000006f72600000,0x0000006f72700000)]

Other Threads:
  0x00000242c5d6bb80 VMThread "VM Thread" [stack: 0x0000006f71e00000,0x0000006f71f00000] [id=7420]
  0x00000242aa14d560 GCTaskThread "GC Thread#0" [stack: 0x0000006f71900000,0x0000006f71a00000] [id=18080]
  0x00000242aa158460 ConcurrentGCThread "G1 Main Marker" [stack: 0x0000006f71a00000,0x0000006f71b00000] [id=10160]
  0x00000242aa159700 ConcurrentGCThread "G1 Conc#0" [stack: 0x0000006f71b00000,0x0000006f71c00000] [id=11628]
  0x00000242aa1a88c0 ConcurrentGCThread "G1 Refine#0" [stack: 0x0000006f71c00000,0x0000006f71d00000] [id=14492]
  0x00000242aa1a93d0 ConcurrentGCThread "G1 Young RemSet Sampling" [stack: 0x0000006f71d00000,0x0000006f71e00000] [id=19004]

Threads with active compile tasks:

VM state: not at safepoint (normal execution)

VM Mutex/Monitor currently owned by a thread: None

Heap address: 0x00000000c1400000, size: 1004 MB, Compressed Oops mode: 32-bit
CDS disabled.
Compressed class space mapped at: 0x0000000100000000-0x0000000140000000, size: 1073741824
Narrow klass base: 0x0000000000000000, Narrow klass shift: 3, Narrow klass range: 0x140000000

GC Precious Log:
 CPUs: 4 total, 4 available
 Memory: 4011M
 Large Page Support: Disabled
 NUMA Support: Disabled
 Compressed Oops: Enabled (32-bit)
 Heap Region Size: 1M
 Heap Min Capacity: 8M
 Heap Initial Capacity: 64M
 Heap Max Capacity: 1004M
 Pre-touch: Disabled
 Parallel Workers: 4
 Concurrent Workers: 1
 Concurrent Refinement Workers: 4
 Periodic GC: Disabled

Heap:
 garbage-first heap   total 65536K, used 0K [0x00000000c1400000, 0x0000000100000000)
  region size 1024K, 1 young (1024K), 0 survivors (0K)
 Metaspace       used 2423K, capacity 2632K, committed 2688K, reserved 1060864K
  class space    used 182K, capacity 384K, committed 384K, reserved 1048576K

Heap Regions: E=young(eden), S=young(survivor), O=old, HS=humongous(starts), HC=humongous(continues), CS=collection set, F=free, OA=open archive, CA=closed archive, TAMS=top-at-mark-start (previous, next)
|   0|0x00000000c1400000, 0x00000000c1400000, 0x00000000c1500000|  0%| F|  |TAMS 0x00000000c1400000, 0x00000000c1400000| Untracked 
|   1|0x00000000c1500000, 0x00000000c1500000, 0x00000000c1600000|  0%| F|  |TAMS 0x00000000c1500000, 0x00000000c1500000| Untracked 
|   2|0x00000000c1600000, 0x00000000c1600000, 0x00000000c1700000|  0%| F|  |TAMS 0x00000000c1600000, 0x00000000c1600000| Untracked 
|   3|0x00000000c1700000, 0x00000000c1700000, 0x00000000c1800000|  0%| F|  |TAMS 0x00000000c1700000, 0x00000000c1700000| Untracked 
|   4|0x00000000c1800000, 0x00000000c1800000, 0x00000000c1900000|  0%| F|  |TAMS 0x00000000c1800000, 0x00000000c1800000| Untracked 
|   5|0x00000000c1900000, 0x00000000c1900000, 0x00000000c1a00000|  0%| F|  |TAMS 0x00000000c1900000, 0x00000000c1900000| Untracked 
|   6|0x00000000c1a00000, 0x00000000c1a00000, 0x00000000c1b00000|  0%| F|  |TAMS 0x00000000c1a00000, 0x00000000c1a00000| Untracked 
|   7|0x00000000c1b00000, 0x00000000c1b00000, 0x00000000c1c00000|  0%| F|  |TAMS 0x00000000c1b00000, 0x00000000c1b00000| Untracked 
|   8|0x00000000c1c00000, 0x00000000c1c00000, 0x00000000c1d00000|  0%| F|  |TAMS 0x00000000c1c00000, 0x00000000c1c00000| Untracked 
|   9|0x00000000c1d00000, 0x00000000c1d00000, 0x00000000c1e00000|  0%| F|  |TAMS 0x00000000c1d00000, 0x00000000c1d00000| Untracked 
|  10|0x00000000c1e00000, 0x00000000c1e00000, 0x00000000c1f00000|  0%| F|  |TAMS 0x00000000c1e00000, 0x00000000c1e00000| Untracked 
|  11|0x00000000c1f00000, 0x00000000c1f00000, 0x00000000c2000000|  0%| F|  |TAMS 0x00000000c1f00000, 0x00000000c1f00000| Untracked 
|  12|0x00000000c2000000, 0x00000000c2000000, 0x00000000c2100000|  0%| F|  |TAMS 0x00000000c2000000, 0x00000000c2000000| Untracked 
|  13|0x00000000c2100000, 0x00000000c2100000, 0x00000000c2200000|  0%| F|  |TAMS 0x00000000c2100000, 0x00000000c2100000| Untracked 
|  14|0x00000000c2200000, 0x00000000c2200000, 0x00000000c2300000|  0%| F|  |TAMS 0x00000000c2200000, 0x00000000c2200000| Untracked 
|  15|0x00000000c2300000, 0x00000000c2300000, 0x00000000c2400000|  0%| F|  |TAMS 0x00000000c2300000, 0x00000000c2300000| Untracked 
|  16|0x00000000c2400000, 0x00000000c2400000, 0x00000000c2500000|  0%| F|  |TAMS 0x00000000c2400000, 0x00000000c2400000| Untracked 
|  17|0x00000000c2500000, 0x00000000c2500000, 0x00000000c2600000|  0%| F|  |TAMS 0x00000000c2500000, 0x00000000c2500000| Untracked 
|  18|0x00000000c2600000, 0x00000000c2600000, 0x00000000c2700000|  0%| F|  |TAMS 0x00000000c2600000, 0x00000000c2600000| Untracked 
|  19|0x00000000c2700000, 0x00000000c2700000, 0x00000000c2800000|  0%| F|  |TAMS 0x00000000c2700000, 0x00000000c2700000| Untracked 
|  20|0x00000000c2800000, 0x00000000c2800000, 0x00000000c2900000|  0%| F|  |TAMS 0x00000000c2800000, 0x00000000c2800000| Untracked 
|  21|0x00000000c2900000, 0x00000000c2900000, 0x00000000c2a00000|  0%| F|  |TAMS 0x00000000c2900000, 0x00000000c2900000| Untracked 
|  22|0x00000000c2a00000, 0x00000000c2a00000, 0x00000000c2b00000|  0%| F|  |TAMS 0x00000000c2a00000, 0x00000000c2a00000| Untracked 
|  23|0x00000000c2b00000, 0x00000000c2b00000, 0x00000000c2c00000|  0%| F|  |TAMS 0x00000000c2b00000, 0x00000000c2b00000| Untracked 
|  24|0x00000000c2c00000, 0x00000000c2c00000, 0x00000000c2d00000|  0%| F|  |TAMS 0x00000000c2c00000, 0x00000000c2c00000| Untracked 
|  25|0x00000000c2d00000, 0x00000000c2d00000, 0x00000000c2e00000|  0%| F|  |TAMS 0x00000000c2d00000, 0x00000000c2d00000| Untracked 
|  26|0x00000000c2e00000, 0x00000000c2e00000, 0x00000000c2f00000|  0%| F|  |TAMS 0x00000000c2e00000, 0x00000000c2e00000| Untracked 
|  27|0x00000000c2f00000, 0x00000000c2f00000, 0x00000000c3000000|  0%| F|  |TAMS 0x00000000c2f00000, 0x00000000c2f00000| Untracked 
|  28|0x00000000c3000000, 0x00000000c3000000, 0x00000000c3100000|  0%| F|  |TAMS 0x00000000c3000000, 0x00000000c3000000| Untracked 
|  29|0x00000000c3100000, 0x00000000c3100000, 0x00000000c3200000|  0%| F|  |TAMS 0x00000000c3100000, 0x00000000c3100000| Untracked 
|  30|0x00000000c3200000, 0x00000000c3200000, 0x00000000c3300000|  0%| F|  |TAMS 0x00000000c3200000, 0x00000000c3200000| Untracked 
|  31|0x00000000c3300000, 0x00000000c3300000, 0x00000000c3400000|  0%| F|  |TAMS 0x00000000c3300000, 0x00000000c3300000| Untracked 
|  32|0x00000000c3400000, 0x00000000c3400000, 0x00000000c3500000|  0%| F|  |TAMS 0x00000000c3400000, 0x00000000c3400000| Untracked 
|  33|0x00000000c3500000, 0x00000000c3500000, 0x00000000c3600000|  0%| F|  |TAMS 0x00000000c3500000, 0x00000000c3500000| Untracked 
|  34|0x00000000c3600000, 0x00000000c3600000, 0x00000000c3700000|  0%| F|  |TAMS 0x00000000c3600000, 0x00000000c3600000| Untracked 
|  35|0x00000000c3700000, 0x00000000c3700000, 0x00000000c3800000|  0%| F|  |TAMS 0x00000000c3700000, 0x00000000c3700000| Untracked 
|  36|0x00000000c3800000, 0x00000000c3800000, 0x00000000c3900000|  0%| F|  |TAMS 0x00000000c3800000, 0x00000000c3800000| Untracked 
|  37|0x00000000c3900000, 0x00000000c3900000, 0x00000000c3a00000|  0%| F|  |TAMS 0x00000000c3900000, 0x00000000c3900000| Untracked 
|  38|0x00000000c3a00000, 0x00000000c3a00000, 0x00000000c3b00000|  0%| F|  |TAMS 0x00000000c3a00000, 0x00000000c3a00000| Untracked 
|  39|0x00000000c3b00000, 0x00000000c3b00000, 0x00000000c3c00000|  0%| F|  |TAMS 0x00000000c3b00000, 0x00000000c3b00000| Untracked 
|  40|0x00000000c3c00000, 0x00000000c3c00000, 0x00000000c3d00000|  0%| F|  |TAMS 0x00000000c3c00000, 0x00000000c3c00000| Untracked 
|  41|0x00000000c3d00000, 0x00000000c3d00000, 0x00000000c3e00000|  0%| F|  |TAMS 0x00000000c3d00000, 0x00000000c3d00000| Untracked 
|  42|0x00000000c3e00000, 0x00000000c3e00000, 0x00000000c3f00000|  0%| F|  |TAMS 0x00000000c3e00000, 0x00000000c3e00000| Untracked 
|  43|0x00000000c3f00000, 0x00000000c3f00000, 0x00000000c4000000|  0%| F|  |TAMS 0x00000000c3f00000, 0x00000000c3f00000| Untracked 
|  44|0x00000000c4000000, 0x00000000c4000000, 0x00000000c4100000|  0%| F|  |TAMS 0x00000000c4000000, 0x00000000c4000000| Untracked 
|  45|0x00000000c4100000, 0x00000000c4100000, 0x00000000c4200000|  0%| F|  |TAMS 0x00000000c4100000, 0x00000000c4100000| Untracked 
|  46|0x00000000c4200000, 0x00000000c4200000, 0x00000000c4300000|  0%| F|  |TAMS 0x00000000c4200000, 0x00000000c4200000| Untracked 
|  47|0x00000000c4300000, 0x00000000c4300000, 0x00000000c4400000|  0%| F|  |TAMS 0x00000000c4300000, 0x00000000c4300000| Untracked 
|  48|0x00000000c4400000, 0x00000000c4400000, 0x00000000c4500000|  0%| F|  |TAMS 0x00000000c4400000, 0x00000000c4400000| Untracked 
|  49|0x00000000c4500000, 0x00000000c4500000, 0x00000000c4600000|  0%| F|  |TAMS 0x00000000c4500000, 0x00000000c4500000| Untracked 
|  50|0x00000000c4600000, 0x00000000c4600000, 0x00000000c4700000|  0%| F|  |TAMS 0x00000000c4600000, 0x00000000c4600000| Untracked 
|  51|0x00000000c4700000, 0x00000000c4700000, 0x00000000c4800000|  0%| F|  |TAMS 0x00000000c4700000, 0x00000000c4700000| Untracked 
|  52|0x00000000c4800000, 0x00000000c4800000, 0x00000000c4900000|  0%| F|  |TAMS 0x00000000c4800000, 0x00000000c4800000| Untracked 
|  53|0x00000000c4900000, 0x00000000c4900000, 0x00000000c4a00000|  0%| F|  |TAMS 0x00000000c4900000, 0x00000000c4900000| Untracked 
|  54|0x00000000c4a00000, 0x00000000c4a00000, 0x00000000c4b00000|  0%| F|  |TAMS 0x00000000c4a00000, 0x00000000c4a00000| Untracked 
|  55|0x00000000c4b00000, 0x00000000c4b00000, 0x00000000c4c00000|  0%| F|  |TAMS 0x00000000c4b00000, 0x00000000c4b00000| Untracked 
|  56|0x00000000c4c00000, 0x00000000c4c00000, 0x00000000c4d00000|  0%| F|  |TAMS 0x00000000c4c00000, 0x00000000c4c00000| Untracked 
|  57|0x00000000c4d00000, 0x00000000c4d00000, 0x00000000c4e00000|  0%| F|  |TAMS 0x00000000c4d00000, 0x00000000c4d00000| Untracked 
|  58|0x00000000c4e00000, 0x00000000c4e00000, 0x00000000c4f00000|  0%| F|  |TAMS 0x00000000c4e00000, 0x00000000c4e00000| Untracked 
|  59|0x00000000c4f00000, 0x00000000c4f00000, 0x00000000c5000000|  0%| F|  |TAMS 0x00000000c4f00000, 0x00000000c4f00000| Untracked 
|  60|0x00000000c5000000, 0x00000000c5000000, 0x00000000c5100000|  0%| F|  |TAMS 0x00000000c5000000, 0x00000000c5000000| Untracked 
|  61|0x00000000c5100000, 0x00000000c5100000, 0x00000000c5200000|  0%| F|  |TAMS 0x00000000c5100000, 0x00000000c5100000| Untracked 
|  62|0x00000000c5200000, 0x00000000c5200000, 0x00000000c5300000|  0%| F|  |TAMS 0x00000000c5200000, 0x00000000c5200000| Untracked 
|  63|0x00000000c5300000, 0x00000000c5342900, 0x00000000c5400000| 26%| E|  |TAMS 0x00000000c5300000, 0x00000000c5300000| Complete 

Card table byte_map: [0x00000242c1550000,0x00000242c1750000] _byte_map_base: 0x00000242c0f46000

Marking Bits (Prev, Next): (CMBitMap*) 0x00000242aa14ecf0, (CMBitMap*) 0x00000242aa14ed30
 Prev Bits: [0x00000242c1950000, 0x00000242c2900000)
 Next Bits: [0x00000242c2900000, 0x00000242c38b0000)

Polling page: 0x00000242a7f90000

Metaspace:

Usage:
  Non-class:      2.20 MB capacity,     2.19 MB (>99%) used,     4.63 KB ( <1%) free+waste,     2.31 KB ( <1%) overhead. 
      Class:    384.00 KB capacity,   182.59 KB ( 48%) used,   201.34 KB ( 52%) free+waste,    64 bytes ( <1%) overhead. 
       Both:      2.57 MB capacity,     2.37 MB ( 92%) used,   205.98 KB (  8%) free+waste,     2.38 KB ( <1%) overhead. 

Virtual space:
  Non-class space:       12.00 MB reserved,       2.25 MB ( 19%) committed 
      Class space:        1.00 GB reserved,     384.00 KB ( <1%) committed 
             Both:        1.01 GB reserved,       2.62 MB ( <1%) committed 

Chunk freelists:
   Non-Class:  56.00 KB
       Class:  0 bytes
        Both:  56.00 KB

MaxMetaspaceSize: 17179869184.00 GB
CompressedClassSpaceSize: 1.00 GB

CodeHeap 'non-profiled nmethods': size=120000Kb used=0Kb max_used=0Kb free=120000Kb
 bounds [0x00000242b9e20000, 0x00000242ba090000, 0x00000242c1350000]
CodeHeap 'profiled nmethods': size=120000Kb used=0Kb max_used=0Kb free=119999Kb
 bounds [0x00000242b28f0000, 0x00000242b2b60000, 0x00000242b9e20000]
CodeHeap 'non-nmethods': size=5760Kb used=1010Kb max_used=1023Kb free=4749Kb
 bounds [0x00000242b2350000, 0x00000242b25c0000, 0x00000242b28f0000]
 total_blobs=224 nmethods=1 adapters=147
 compilation: enabled
              stopped_count=0, restarted_count=0
 full_count=0

Compilation events (2 events):
Event: 0.812 Thread 0x00000242c5dd5d70    1       3       java.lang.Object::<init> (1 bytes)
Event: 0.814 Thread 0x00000242c5dd5d70 nmethod 1 0x00000242b28f0010 code [0x00000242b28f01a0, 0x00000242b28f0298]

GC Heap History (0 events):
No events

Deoptimization events (0 events):
No events

Classes unloaded (0 events):
No events

Classes redefined (0 events):
No events

Internal exceptions (0 events):
No events

Events (20 events):
Event: 0.796 loading class java/util/AbstractList
Event: 0.796 loading class java/util/AbstractList done
Event: 0.796 loading class java/util/Collections$EmptyList done
Event: 0.797 loading class java/util/Collections$EmptyMap
Event: 0.797 loading class java/util/Collections$EmptyMap done
Event: 0.797 loading class java/lang/IllegalArgumentException
Event: 0.798 loading class java/lang/IllegalArgumentException done
Event: 0.798 Thread 0x00000242c5dcc2b0 Thread added: 0x00000242c5dcc2b0
Event: 0.799 Thread 0x00000242c5d8d2c0 Thread added: 0x00000242c5d8d2c0
Event: 0.799 Thread 0x00000242c5d8df30 Thread added: 0x00000242c5d8df30
Event: 0.800 Thread 0x00000242c5dd3cc0 Thread added: 0x00000242c5dd3cc0
Event: 0.800 Thread 0x00000242c5dd5d70 Thread added: 0x00000242c5dd5d70
Event: 0.801 Thread 0x00000242c5dd6e10 Thread added: 0x00000242c5dd6e10
Event: 0.801 loading class java/lang/invoke/MethodHandleStatics
Event: 0.805 loading class java/lang/invoke/MethodHandleStatics done
Event: 0.808 loading class jdk/internal/module/ModuleBootstrap
Event: 0.810 loading class jdk/internal/module/ModuleBootstrap done
Event: 0.811 loading class java/lang/module/ModuleDescriptor
Event: 0.812 loading class java/lang/module/ModuleDescriptor done
Event: 0.813 loading class sun/invoke/util/VerifyAccess


Dynamic libraries:
0x00007ff62e580000 - 0x00007ff62e58f000 	C:\Program Files\Java\jdk-15.0.1\bin\java.exe
0x00007ffbf9bb0000 - 0x00007ffbf9da5000 	C:\WINDOWS\SYSTEM32\ntdll.dll
0x00007ffbf9900000 - 0x00007ffbf99bd000 	C:\WINDOWS\System32\KERNEL32.DLL
0x00007ffbf73e0000 - 0x00007ffbf76a9000 	C:\WINDOWS\System32\KERNELBASE.dll
0x00007ffbf44f0000 - 0x00007ffbf4580000 	C:\WINDOWS\SYSTEM32\apphelp.dll
0x00007ffbf79a0000 - 0x00007ffbf7aa0000 	C:\WINDOWS\System32\ucrtbase.dll
0x00007ffbe39b0000 - 0x00007ffbe39c9000 	C:\Program Files\Java\jdk-15.0.1\bin\VCRUNTIME140.dll
0x00007ffbe5820000 - 0x00007ffbe5838000 	C:\Program Files\Java\jdk-15.0.1\bin\jli.dll
0x00007ffbf8170000 - 0x00007ffbf821c000 	C:\WINDOWS\System32\ADVAPI32.dll
0x00007ffbf8260000 - 0x00007ffbf82fe000 	C:\WINDOWS\System32\msvcrt.dll
0x00007ffbf8d50000 - 0x00007ffbf8dec000 	C:\WINDOWS\System32\sechost.dll
0x00007ffbf9000000 - 0x00007ffbf912b000 	C:\WINDOWS\System32\RPCRT4.dll
0x00007ffbf96e0000 - 0x00007ffbf9880000 	C:\WINDOWS\System32\USER32.dll
0x00007ffbf77e0000 - 0x00007ffbf7802000 	C:\WINDOWS\System32\win32u.dll
0x00007ffbf1d20000 - 0x00007ffbf1fba000 	C:\WINDOWS\WinSxS\amd64_microsoft.windows.common-controls_6595b64144ccf1df_6.0.19041.844_none_ca00b6081b84eb1d\COMCTL32.dll
0x00007ffbf8220000 - 0x00007ffbf824a000 	C:\WINDOWS\System32\GDI32.dll
0x00007ffbf7aa0000 - 0x00007ffbf7bab000 	C:\WINDOWS\System32\gdi32full.dll
0x00007ffbf7340000 - 0x00007ffbf73dd000 	C:\WINDOWS\System32\msvcp_win.dll
0x00007ffbedeb0000 - 0x00007ffbedeba000 	C:\WINDOWS\SYSTEM32\VERSION.dll
0x00007ffbf8ab0000 - 0x00007ffbf8ae0000 	C:\WINDOWS\System32\IMM32.DLL
0x00007ffbf2190000 - 0x00007ffbf219c000 	C:\Program Files\Java\jdk-15.0.1\bin\vcruntime140_1.dll
0x00007ffbd1890000 - 0x00007ffbd1921000 	C:\Program Files\Java\jdk-15.0.1\bin\msvcp140.dll
0x00007ffbbaf80000 - 0x00007ffbbbade000 	C:\Program Files\Java\jdk-15.0.1\bin\server\jvm.dll
0x00007ffbf91a0000 - 0x00007ffbf91a8000 	C:\WINDOWS\System32\PSAPI.DLL
0x00007ffbf21b0000 - 0x00007ffbf21b9000 	C:\WINDOWS\SYSTEM32\WSOCK32.dll
0x00007ffbdea70000 - 0x00007ffbdea97000 	C:\WINDOWS\SYSTEM32\WINMM.dll
0x00007ffbf9130000 - 0x00007ffbf919b000 	C:\WINDOWS\System32\WS2_32.dll
0x00007ffbf5eb0000 - 0x00007ffbf5ec2000 	C:\WINDOWS\SYSTEM32\kernel.appcore.dll
0x00007ffbe76c0000 - 0x00007ffbe76ca000 	C:\Program Files\Java\jdk-15.0.1\bin\jimage.dll
0x00007ffbf58f0000 - 0x00007ffbf5ad4000 	C:\WINDOWS\SYSTEM32\DBGHELP.DLL
0x00007ffbdf740000 - 0x00007ffbdf76c000 	C:\WINDOWS\SYSTEM32\dbgcore.DLL
0x00007ffbf76b0000 - 0x00007ffbf7730000 	C:\WINDOWS\System32\bcryptPrimitives.dll
0x00007ffbd2760000 - 0x00007ffbd2785000 	C:\Program Files\Java\jdk-15.0.1\bin\java.dll
0x00007ffbf8360000 - 0x00007ffbf8aa2000 	C:\WINDOWS\System32\SHELL32.dll
0x00007ffbf5090000 - 0x00007ffbf5820000 	C:\WINDOWS\SYSTEM32\windows.storage.dll
0x00007ffbf7cc0000 - 0x00007ffbf8015000 	C:\WINDOWS\System32\combase.dll
0x00007ffbf6c90000 - 0x00007ffbf6cbc000 	C:\WINDOWS\SYSTEM32\Wldp.dll
0x00007ffbf7c10000 - 0x00007ffbf7cbe000 	C:\WINDOWS\System32\SHCORE.dll
0x00007ffbf8300000 - 0x00007ffbf8355000 	C:\WINDOWS\System32\shlwapi.dll
0x00007ffbf7230000 - 0x00007ffbf724f000 	C:\WINDOWS\SYSTEM32\profapi.dll

dbghelp: loaded successfully - version: 4.0.5 - missing functions: none
symbol engine: initialized successfully - sym options: 0x614 - pdb path: .;C:\Program Files\Java\jdk-15.0.1\bin;C:\WINDOWS\SYSTEM32;C:\WINDOWS\WinSxS\amd64_microsoft.windows.common-controls_6595b64144ccf1df_6.0.19041.844_none_ca00b6081b84eb1d;C:\Program Files\Java\jdk-15.0.1\bin\server

VM Arguments:
jvm_args: -Dfile.encoding=UTF-8 
java_command: travel.management.system.Login
java_class_path (initial): C:\Users\Shri\Documents\NetBeansProjects\Travel Management System\build\classes
Launcher Type: SUN_STANDARD

[Global flags]
     intx CICompilerCount                          = 3                                         {product} {ergonomic}
     uint ConcGCThreads                            = 1                                         {product} {ergonomic}
     uint G1ConcRefinementThreads                  = 4                                         {product} {ergonomic}
   size_t G1HeapRegionSize                         = 1048576                                   {product} {ergonomic}
    uintx GCDrainStackTargetSize                   = 64                                        {product} {ergonomic}
   size_t InitialHeapSize                          = 67108864                                  {product} {ergonomic}
   size_t MarkStackSize                            = 4194304                                   {product} {ergonomic}
   size_t MaxHeapSize                              = 1052770304                                {product} {ergonomic}
   size_t MaxNewSize                               = 631242752                                 {product} {ergonomic}
   size_t MinHeapDeltaBytes                        = 1048576                                   {product} {ergonomic}
   size_t MinHeapSize                              = 8388608                                   {product} {ergonomic}
    uintx NonNMethodCodeHeapSize                   = 5832780                                {pd product} {ergonomic}
    uintx NonProfiledCodeHeapSize                  = 122912730                              {pd product} {ergonomic}
    uintx ProfiledCodeHeapSize                     = 122912730                              {pd product} {ergonomic}
    uintx ReservedCodeCacheSize                    = 251658240                              {pd product} {ergonomic}
     bool SegmentedCodeCache                       = true                                      {product} {ergonomic}
   size_t SoftMaxHeapSize                          = 1052770304                             {manageable} {ergonomic}
     bool UseCompressedClassPointers               = true                                 {lp64_product} {ergonomic}
     bool UseCompressedOops                        = true                                 {lp64_product} {ergonomic}
     bool UseG1GC                                  = true                                      {product} {ergonomic}
     bool UseLargePagesIndividualAllocation        = false                                  {pd product} {ergonomic}

Logging:
Log output configuration:
 #0: stdout all=warning uptime,level,tags
 #1: stderr all=off uptime,level,tags

Environment Variables:
PATH=C:\Program Files\Common Files\Oracle\Java\javapath;C:\WINDOWS\system32;C:\WINDOWS;C:\WINDOWS\System32\Wbem;C:\WINDOWS\System32\WindowsPowerShell\v1.0\;C:\WINDOWS\System32\OpenSSH\;C:\Program Files\Java\jdk-15.0.1\bin;C:\Program Files\MySQL\MySQL Shell 8.0\bin\;C:\Users\Shri\AppData\Local\Microsoft\WindowsApps;
USERNAME=Shri
OS=Windows_NT
PROCESSOR_IDENTIFIER=Intel64 Family 6 Model 142 Stepping 10, GenuineIntel



---------------  S Y S T E M  ---------------

OS:
 Windows 10 , 64 bit Build 19041 (10.0.19041.804)
OS uptime: 0 days 22:31 hours

CPU: total 4 (initial active 4) (2 cores per cpu, 2 threads per core) family 6 model 142 stepping 10 microcode 0xe0, cmov, cx8, fxsr, mmx, sse, sse2, sse3, ssse3, sse4.1, sse4.2, popcnt, vzeroupper, avx, avx2, aes, clmul, erms, 3dnowpref, lzcnt, ht, tsc, tscinvbit, bmi1, bmi2, adx, fma, clflush, clflushopt

Memory: 4k page, system-wide physical 4011M (407M free)
TotalPageFile size 16299M (AvailPageFile size 0M)
current process WorkingSet (physical memory assigned to process): 22M, peak: 22M
current process commit charge ("private bytes"): 124M, peak: 129M

vm_info: Java HotSpot(TM) 64-Bit Server VM (15.0.1+9-18) for windows-amd64 JRE (15.0.1+9-18), built on Sep 15 2020 14:43:54 by "mach5one" with unknown MS VC++:1925

END.
