#
# There is insufficient memory for the Java Runtime Environment to continue.
# Native memory allocation (mmap) failed to map 5242880 bytes for G1 virtual space
# Possible reasons:
#   The system is out of physical RAM or swap space
#   The process is running with CompressedOops enabled, and the Java Heap may be blocking the growth of the native heap
# Possible solutions:
#   Reduce memory load on the system
#   Increase physical memory or swap space
#   Check if swap backing store is full
#   Decrease Java heap size (-Xmx/-Xms)
#   Decrease number of Java threads
#   Decrease Java thread stack sizes (-Xss)
#   Set larger code cache with -XX:ReservedCodeCacheSize=
#   JVM is running with Unscaled Compressed Oops mode in which the Java heap is
#     placed in the first 4GB address space. The Java Heap base address is the
#     maximum limit for the native heap growth. Please use -XX:HeapBaseMinAddress
#     to set the Java Heap base and to place the Java Heap above 4GB virtual address.
# This output file may be truncated or incomplete.
#
#  Out of Memory Error (./open/src/hotspot/os/windows/os_windows.cpp:3472), pid=9880, tid=10380
#
# JRE version: Java(TM) SE Runtime Environment (15.0.1+9) (build 15.0.1+9-18)
# Java VM: Java HotSpot(TM) 64-Bit Server VM (15.0.1+9-18, mixed mode, sharing, tiered, compressed oops, g1 gc, windows-amd64)
# No core dump will be written. Minidumps are not enabled by default on client versions of Windows
#

---------------  S U M M A R Y ------------

Command Line: -Dapplication.home=C:\Program Files\Java\jdk-15.0.1 --add-modules=ALL-DEFAULT -Xms8m -Djdk.module.main=jdk.compiler jdk.compiler/com.sun.tools.javac.Main -d C:\Users\Shri\Documents\NetBeansProjects\Travel Management System\build\classes -classpath C:\Users\Shri\Documents\NetBeansProjects\Travel Management System\build\classes -sourcepath C:\Users\Shri\Documents\NetBeansProjects\Travel Management System\src -target 15 -encoding UTF-8 -g -processorpath C:\Users\Shri\Documents\NetBeansProjects\Travel Management System\build\empty -s C:\Users\Shri\Documents\NetBeansProjects\Travel Management System\build\generated-sources\ap-source-output -source 15 C:\Users\Shri\Documents\NetBeansProjects\Travel Management System\src\travel\management\system\Login.java

Host: Intel(R) Core(TM) i3-7020U CPU @ 2.30GHz, 4 cores, 3G,  Windows 10 , 64 bit Build 19041 (10.0.19041.804)
Time: Mon Mar 22 00:23:57 2021 India Standard Time elapsed time: 1.665620 seconds (0d 0h 0m 1s)

---------------  T H R E A D  ---------------

Current thread (0x000001e2ff91b340):  VMThread "VM Thread" [stack: 0x0000002d85300000,0x0000002d85400000] [id=10380]

Stack: [0x0000002d85300000,0x0000002d85400000]
[error occurred during error reporting (printing stack bounds), id 0xc0000005, EXCEPTION_ACCESS_VIOLATION (0xc0000005) at pc=0x000001e2881610ad]

Native frames: (J=compiled Java code, j=interpreted, Vv=VM code, C=native code)
V  [jvm.dll+0x62ae9a]
V  [jvm.dll+0x781389]
V  [jvm.dll+0x782ae3]
V  [jvm.dll+0x7830a5]
V  [jvm.dll+0x78305b]
V  [jvm.dll+0x62a2b9]
V  [jvm.dll+0x62aa88]
C  [ntdll.dll+0xa1f6f]
C  [ntdll.dll+0x51454]
C  [ntdll.dll+0xa0a9e]
C  0x000001e2881610ad

VM_Operation (0x0000002d84dfd550): G1CollectForAllocation, mode: safepoint, requested by thread 0x000001e2ff860550


---------------  P R O C E S S  ---------------

Threads class SMR info:
_java_thread_list=0x000001e29bf379a0, length=11, elements={
0x000001e2ff860550, 0x000001e2ff921b00, 0x000001e2ff9225e0, 0x000001e2ff93da50,
0x000001e2ff93e810, 0x000001e29bd10350, 0x000001e29bd1c720, 0x000001e29bd255f0,
0x000001e29bd25ff0, 0x000001e29bde66b0, 0x000001e29bf7cd20
}

Java Threads: ( => current thread )
  0x000001e2ff860550 JavaThread "main" [_thread_blocked, id=18808, stack(0x0000002d84d00000,0x0000002d84e00000)]
  0x000001e2ff921b00 JavaThread "Reference Handler" daemon [_thread_blocked, id=16500, stack(0x0000002d85400000,0x0000002d85500000)]
  0x000001e2ff9225e0 JavaThread "Finalizer" daemon [_thread_blocked, id=14712, stack(0x0000002d85500000,0x0000002d85600000)]
  0x000001e2ff93da50 JavaThread "Signal Dispatcher" daemon [_thread_blocked, id=3544, stack(0x0000002d85600000,0x0000002d85700000)]
  0x000001e2ff93e810 JavaThread "Attach Listener" daemon [_thread_blocked, id=5480, stack(0x0000002d85700000,0x0000002d85800000)]
  0x000001e29bd10350 JavaThread "Service Thread" daemon [_thread_blocked, id=12716, stack(0x0000002d85800000,0x0000002d85900000)]
  0x000001e29bd1c720 JavaThread "C2 CompilerThread0" daemon [_thread_blocked, id=16296, stack(0x0000002d85900000,0x0000002d85a00000)]
  0x000001e29bd255f0 JavaThread "C1 CompilerThread0" daemon [_thread_blocked, id=432, stack(0x0000002d85a00000,0x0000002d85b00000)]
  0x000001e29bd25ff0 JavaThread "Sweeper thread" daemon [_thread_blocked, id=5932, stack(0x0000002d85b00000,0x0000002d85c00000)]
  0x000001e29bde66b0 JavaThread "Common-Cleaner" daemon [_thread_blocked, id=16740, stack(0x0000002d85c00000,0x0000002d85d00000)]
  0x000001e29bf7cd20 JavaThread "Notification Thread" daemon [_thread_blocked, id=15604, stack(0x0000002d85d00000,0x0000002d85e00000)]

Other Threads:
=>0x000001e2ff91b340 VMThread "VM Thread" [stack: 0x0000002d85300000,0x0000002d85400000] [id=10380]
  0x000001e29bfc3e80 WatcherThread [stack: 0x0000002d85e00000,0x0000002d85f00000] [id=15140]
  0x000001e2ff88e170 GCTaskThread "GC Thread#0" [stack: 0x0000002d84e00000,0x0000002d84f00000] [id=10700]
  0x000001e29bfda180 GCTaskThread "GC Thread#1" [stack: 0x0000002d85f00000,0x0000002d86000000] [id=17580]
  0x000001e2ff8980e0 ConcurrentGCThread "G1 Main Marker" [stack: 0x0000002d84f00000,0x0000002d85000000] [id=17596]
  0x000001e2ff898c60 ConcurrentGCThread "G1 Conc#0" [stack: 0x0000002d85000000,0x0000002d85100000] [id=8684]
  0x000001e2ff8b6830 ConcurrentGCThread "G1 Refine#0" [stack: 0x0000002d85100000,0x0000002d85200000] [id=12300]
  0x000001e2ff8b9360 ConcurrentGCThread "G1 Young RemSet Sampling" [stack: 0x0000002d85200000,0x0000002d85300000] [id=18444]

Threads with active compile tasks:
C2 CompilerThread0     2054 1116       4       com.sun.tools.javac.util.ByteBuffer::getInt (59 bytes)
C1 CompilerThread0     2054 1137       3       com.sun.tools.javac.code.Symbol$ParamSymbol::<init> (11 bytes)

VM state: at safepoint (normal execution)

VM Mutex/Monitor currently owned by a thread:  ([mutex/lock_event])
[0x000001e2ff85ba60] Threads_lock - owner thread: 0x000001e2ff91b340
[0x000001e2ff85d170] Heap_lock - owner thread: 0x000001e2ff860550

Heap address: 0x00000000c1400000, size: 1004 MB, Compressed Oops mode: 32-bit
CDS archive(s) mapped at: [0x0000000800000000-0x0000000800b50000-0x0000000800b50000), size 11862016, SharedBaseAddress: 0x0000000800000000, ArchiveRelocationMode: 0.
Compressed class space mapped at: 0x0000000800b50000-0x0000000840b50000, size: 1073741824
Narrow klass base: 0x0000000800000000, Narrow klass shift: 3, Narrow klass range: 0x100000000

GC Precious Log:
 CPUs: 4 total, 4 available
 Memory: 4011M
 Large Page Support: Disabled
 NUMA Support: Disabled
 Compressed Oops: Enabled (32-bit)
 Heap Region Size: 1M
 Heap Min Capacity: 8M
 Heap Initial Capacity: 8M
 Heap Max Capacity: 1004M
 Pre-touch: Disabled
 Parallel Workers: 4
 Concurrent Workers: 1
 Concurrent Refinement Workers: 4
 Periodic GC: Disabled

Heap:
 garbage-first heap   total 17408K, used 6206K [0x00000000c1400000, 0x0000000100000000)
  region size 1024K, 1 young (1024K), 1 survivors (1024K)
 Metaspace       used 8606K, capacity 11367K, committed 11520K, reserved 1058816K
  class space    used 987K, capacity 1233K, committed 1280K, reserved 1048576K

Heap Regions: E=young(eden), S=young(survivor), O=old, HS=humongous(starts), HC=humongous(continues), CS=collection set, F=free, OA=open archive, CA=closed archive, TAMS=top-at-mark-start (previous, next)
|   0|0x00000000c1400000, 0x00000000c1500000, 0x00000000c1500000|100%| O|  |TAMS 0x00000000c1400000, 0x00000000c1400000| Untracked 
|   1|0x00000000c1500000, 0x00000000c1600000, 0x00000000c1600000|100%| O|  |TAMS 0x00000000c1500000, 0x00000000c1500000| Untracked 
|   2|0x00000000c1600000, 0x00000000c1700000, 0x00000000c1700000|100%| O|  |TAMS 0x00000000c1600000, 0x00000000c1600000| Untracked 
|   3|0x00000000c1700000, 0x00000000c1800000, 0x00000000c1800000|100%| O|  |TAMS 0x00000000c1700000, 0x00000000c1700000| Untracked 
|   4|0x00000000c1800000, 0x00000000c1900000, 0x00000000c1900000|100%| O|  |TAMS 0x00000000c1800000, 0x00000000c1800000| Untracked 
|   5|0x00000000c1900000, 0x00000000c190f800, 0x00000000c1a00000|  6%| O|  |TAMS 0x00000000c1900000, 0x00000000c1900000| Untracked 
|   6|0x00000000c1a00000, 0x00000000c1a00000, 0x00000000c1b00000|  0%| F|  |TAMS 0x00000000c1a00000, 0x00000000c1a00000| Untracked 
|   7|0x00000000c1b00000, 0x00000000c1b00000, 0x00000000c1c00000|  0%| F|  |TAMS 0x00000000c1b00000, 0x00000000c1b00000| Untracked 
|   8|0x00000000c1c00000, 0x00000000c1d00000, 0x00000000c1d00000|100%| S|CS|TAMS 0x00000000c1c00000, 0x00000000c1c00000| Complete 
|   9|0x00000000c1d00000, 0x00000000c1d00000, 0x00000000c1e00000|  0%| F|  |TAMS 0x00000000c1d00000, 0x00000000c1d00000| Untracked 
|  10|0x00000000c1e00000, 0x00000000c1e00000, 0x00000000c1f00000|  0%| F|  |TAMS 0x00000000c1e00000, 0x00000000c1e00000| Untracked 
|  11|0x00000000c1f00000, 0x00000000c1f00000, 0x00000000c2000000|  0%| F|  |TAMS 0x00000000c1f00000, 0x00000000c1f00000| Untracked 

Card table byte_map: [0x000001e2ffb40000,0x000001e2ffd40000] _byte_map_base: 0x000001e2ff536000

Marking Bits (Prev, Next): (CMBitMap*) 0x000001e2ff88f900, (CMBitMap*) 0x000001e2ff88f940
 Prev Bits: [0x000001e297160000, 0x000001e298110000)
 Next Bits: [0x000001e298110000, 0x000001e2990c0000)

Polling page: 0x000001e2ff040000

Metaspace:

Usage:
  Non-class:      9.90 MB capacity,     7.44 MB ( 75%) used,     2.45 MB ( 25%) free+waste,    10.31 KB ( <1%) overhead. 
      Class:      1.20 MB capacity,   987.48 KB ( 80%) used,   241.34 KB ( 20%) free+waste,     4.19 KB ( <1%) overhead. 
       Both:     11.10 MB capacity,     8.41 MB ( 76%) used,     2.68 MB ( 24%) free+waste,    14.50 KB ( <1%) overhead. 

Virtual space:
  Non-class space:       10.00 MB reserved,      10.00 MB (100%) committed 
      Class space:        1.00 GB reserved,       1.25 MB ( <1%) committed 
             Both:        1.01 GB reserved,      11.25 MB (  1%) committed 

Chunk freelists:
   Non-Class:  42.00 KB
       Class:  15.00 KB
        Both:  57.00 KB

MaxMetaspaceSize: 17179869184.00 GB
CompressedClassSpaceSize: 1.00 GB

CodeHeap 'non-profiled nmethods': size=120000Kb used=333Kb max_used=333Kb free=119666Kb
 bounds [0x000001e28fc30000, 0x000001e28fea0000, 0x000001e297160000]
CodeHeap 'profiled nmethods': size=120000Kb used=1988Kb max_used=1988Kb free=118011Kb
 bounds [0x000001e288700000, 0x000001e288970000, 0x000001e28fc30000]
CodeHeap 'non-nmethods': size=5760Kb used=1140Kb max_used=1165Kb free=4619Kb
 bounds [0x000001e288160000, 0x000001e2883d0000, 0x000001e288700000]
 total_blobs=1522 nmethods=1133 adapters=302
 compilation: enabled
              stopped_count=0, restarted_count=0
 full_count=0

Compilation events (20 events):
Event: 1.465 Thread 0x000001e29bd1c720 nmethod 1057 0x000001e28fc82b90 code [0x000001e28fc82d20, 0x000001e28fc82db8]
Event: 1.465 Thread 0x000001e29bd255f0 nmethod 1126 0x000001e2888e7b90 code [0x000001e2888e81a0, 0x000001e2888ec468]
Event: 1.465 Thread 0x000001e29bd1c720 1091       4       java.util.Spliterators$1Adapter::accept (11 bytes)
Event: 1.465 Thread 0x000001e29bd255f0 1132       3       com.sun.tools.javac.jvm.ClassReader::adjustMethodFlags (46 bytes)
Event: 1.466 Thread 0x000001e29bd255f0 nmethod 1132 0x000001e2888ed890 code [0x000001e2888eda20, 0x000001e2888edbf8]
Event: 1.466 Thread 0x000001e29bd255f0 1133       3       com.sun.tools.javac.code.Symbol::isInterface (19 bytes)
Event: 1.466 Thread 0x000001e29bd255f0 nmethod 1133 0x000001e2888edc90 code [0x000001e2888ede40, 0x000001e2888ee068]
Event: 1.466 Thread 0x000001e29bd255f0 1134       3       com.sun.tools.javac.code.Types::isSignaturePolymorphic (111 bytes)
Event: 1.467 Thread 0x000001e29bd255f0 nmethod 1134 0x000001e2888ee110 code [0x000001e2888ee320, 0x000001e2888eecb8]
Event: 1.467 Thread 0x000001e29bd255f0 1136       3       com.sun.tools.javac.jvm.ClassReader$2::read (45 bytes)
Event: 1.467 Thread 0x000001e29bd1c720 nmethod 1091 0x000001e28fc82e90 code [0x000001e28fc83000, 0x000001e28fc83138]
Event: 1.468 Thread 0x000001e29bd1c720  944       4       jdk.internal.jimage.ImageLocation::getAttribute (44 bytes)
Event: 1.468 Thread 0x000001e29bd255f0 nmethod 1136 0x000001e2888ef010 code [0x000001e2888ef1c0, 0x000001e2888ef4e8]
Event: 1.468 Thread 0x000001e29bd255f0 1129       3       com.sun.tools.javac.jvm.Code::typecode (141 bytes)
Event: 1.469 Thread 0x000001e29bd1c720 nmethod 944 0x000001e28fc83190 code [0x000001e28fc83300, 0x000001e28fc833b8]
Event: 1.469 Thread 0x000001e29bd255f0 nmethod 1129 0x000001e2888ef610 code [0x000001e2888ef8a0, 0x000001e2888f0518]
Event: 1.469 Thread 0x000001e29bd1c720 1116       4       com.sun.tools.javac.util.ByteBuffer::getInt (59 bytes)
Event: 1.469 Thread 0x000001e29bd255f0 1130       3       com.sun.tools.javac.jvm.Code::width (42 bytes)
Event: 1.469 Thread 0x000001e29bd255f0 nmethod 1130 0x000001e2888f0910 code [0x000001e2888f0aa0, 0x000001e2888f0c38]
Event: 1.469 Thread 0x000001e29bd255f0 1137       3       com.sun.tools.javac.code.Symbol$ParamSymbol::<init> (11 bytes)

GC Heap History (20 events):
Event: 1.055 GC heap after
{Heap after GC invocations=4 (full 0):
 garbage-first heap   total 8192K, used 2348K [0x00000000c1400000, 0x0000000100000000)
  region size 1024K, 1 young (1024K), 1 survivors (1024K)
 Metaspace       used 7248K, capacity 10438K, committed 10752K, reserved 1058816K
  class space    used 871K, capacity 1158K, committed 1280K, reserved 1048576K
}
Event: 1.128 GC heap before
{Heap before GC invocations=4 (full 0):
 garbage-first heap   total 8192K, used 3372K [0x00000000c1400000, 0x0000000100000000)
  region size 1024K, 2 young (2048K), 1 survivors (1024K)
 Metaspace       used 7870K, capacity 10921K, committed 11264K, reserved 1058816K
  class space    used 910K, capacity 1191K, committed 1280K, reserved 1048576K
}
Event: 1.131 GC heap after
{Heap after GC invocations=5 (full 0):
 garbage-first heap   total 8192K, used 2614K [0x00000000c1400000, 0x0000000100000000)
  region size 1024K, 1 young (1024K), 1 survivors (1024K)
 Metaspace       used 7870K, capacity 10921K, committed 11264K, reserved 1058816K
  class space    used 910K, capacity 1191K, committed 1280K, reserved 1048576K
}
Event: 1.188 GC heap before
{Heap before GC invocations=5 (full 0):
 garbage-first heap   total 8192K, used 3638K [0x00000000c1400000, 0x0000000100000000)
  region size 1024K, 2 young (2048K), 1 survivors (1024K)
 Metaspace       used 8034K, capacity 10994K, committed 11264K, reserved 1058816K
  class space    used 931K, capacity 1194K, committed 1280K, reserved 1048576K
}
Event: 1.192 GC heap after
{Heap after GC invocations=6 (full 0):
 garbage-first heap   total 10240K, used 3112K [0x00000000c1400000, 0x0000000100000000)
  region size 1024K, 1 young (1024K), 1 survivors (1024K)
 Metaspace       used 8034K, capacity 10994K, committed 11264K, reserved 1058816K
  class space    used 931K, capacity 1194K, committed 1280K, reserved 1048576K
}
Event: 1.256 GC heap before
{Heap before GC invocations=6 (full 0):
 garbage-first heap   total 10240K, used 5160K [0x00000000c1400000, 0x0000000100000000)
  region size 1024K, 3 young (3072K), 1 survivors (1024K)
 Metaspace       used 8221K, capacity 11099K, committed 11264K, reserved 1058816K
  class space    used 957K, capacity 1229K, committed 1280K, reserved 1048576K
}
Event: 1.261 GC heap after
{Heap after GC invocations=7 (full 0):
 garbage-first heap   total 10240K, used 3593K [0x00000000c1400000, 0x0000000100000000)
  region size 1024K, 1 young (1024K), 1 survivors (1024K)
 Metaspace       used 8221K, capacity 11099K, committed 11264K, reserved 1058816K
  class space    used 957K, capacity 1229K, committed 1280K, reserved 1048576K
}
Event: 1.308 GC heap before
{Heap before GC invocations=7 (full 0):
 garbage-first heap   total 10240K, used 5641K [0x00000000c1400000, 0x0000000100000000)
  region size 1024K, 3 young (3072K), 1 survivors (1024K)
 Metaspace       used 8309K, capacity 11166K, committed 11264K, reserved 1058816K
  class space    used 963K, capacity 1230K, committed 1280K, reserved 1048576K
}
Event: 1.310 GC heap after
{Heap after GC invocations=8 (full 0):
 garbage-first heap   total 10240K, used 3748K [0x00000000c1400000, 0x0000000100000000)
  region size 1024K, 1 young (1024K), 1 survivors (1024K)
 Metaspace       used 8309K, capacity 11166K, committed 11264K, reserved 1058816K
  class space    used 963K, capacity 1230K, committed 1280K, reserved 1048576K
}
Event: 1.324 GC heap before
{Heap before GC invocations=8 (full 0):
 garbage-first heap   total 10240K, used 5796K [0x00000000c1400000, 0x0000000100000000)
  region size 1024K, 3 young (3072K), 1 survivors (1024K)
 Metaspace       used 8340K, capacity 11166K, committed 11264K, reserved 1058816K
  class space    used 964K, capacity 1230K, committed 1280K, reserved 1048576K
}
Event: 1.327 GC heap after
{Heap after GC invocations=9 (full 0):
 garbage-first heap   total 10240K, used 4067K [0x00000000c1400000, 0x0000000100000000)
  region size 1024K, 1 young (1024K), 1 survivors (1024K)
 Metaspace       used 8340K, capacity 11166K, committed 11264K, reserved 1058816K
  class space    used 964K, capacity 1230K, committed 1280K, reserved 1048576K
}
Event: 1.378 GC heap before
{Heap before GC invocations=9 (full 0):
 garbage-first heap   total 10240K, used 6115K [0x00000000c1400000, 0x0000000100000000)
  region size 1024K, 3 young (3072K), 1 survivors (1024K)
 Metaspace       used 8502K, capacity 11297K, committed 11520K, reserved 1058816K
  class space    used 980K, capacity 1231K, committed 1280K, reserved 1048576K
}
Event: 1.381 GC heap after
{Heap after GC invocations=10 (full 0):
 garbage-first heap   total 12288K, used 4425K [0x00000000c1400000, 0x0000000100000000)
  region size 1024K, 1 young (1024K), 1 survivors (1024K)
 Metaspace       used 8502K, capacity 11297K, committed 11520K, reserved 1058816K
  class space    used 980K, capacity 1231K, committed 1280K, reserved 1048576K
}
Event: 1.394 GC heap before
{Heap before GC invocations=10 (full 0):
 garbage-first heap   total 12288K, used 6473K [0x00000000c1400000, 0x0000000100000000)
  region size 1024K, 3 young (3072K), 1 survivors (1024K)
 Metaspace       used 8503K, capacity 11297K, committed 11520K, reserved 1058816K
  class space    used 980K, capacity 1231K, committed 1280K, reserved 1048576K
}
Event: 1.398 GC heap after
{Heap after GC invocations=11 (full 0):
 garbage-first heap   total 12288K, used 4905K [0x00000000c1400000, 0x0000000100000000)
  region size 1024K, 1 young (1024K), 1 survivors (1024K)
 Metaspace       used 8503K, capacity 11297K, committed 11520K, reserved 1058816K
  class space    used 980K, capacity 1231K, committed 1280K, reserved 1048576K
}
Event: 1.407 GC heap before
{Heap before GC invocations=11 (full 0):
 garbage-first heap   total 12288K, used 6953K [0x00000000c1400000, 0x0000000100000000)
  region size 1024K, 3 young (3072K), 1 survivors (1024K)
 Metaspace       used 8509K, capacity 11297K, committed 11520K, reserved 1058816K
  class space    used 980K, capacity 1231K, committed 1280K, reserved 1048576K
}
Event: 1.411 GC heap after
{Heap after GC invocations=12 (full 0):
 garbage-first heap   total 12288K, used 5084K [0x00000000c1400000, 0x0000000100000000)
  region size 1024K, 1 young (1024K), 1 survivors (1024K)
 Metaspace       used 8509K, capacity 11297K, committed 11520K, reserved 1058816K
  class space    used 980K, capacity 1231K, committed 1280K, reserved 1048576K
}
Event: 1.438 GC heap before
{Heap before GC invocations=12 (full 0):
 garbage-first heap   total 12288K, used 7132K [0x00000000c1400000, 0x0000000100000000)
  region size 1024K, 3 young (3072K), 1 survivors (1024K)
 Metaspace       used 8567K, capacity 11303K, committed 11520K, reserved 1058816K
  class space    used 986K, capacity 1233K, committed 1280K, reserved 1048576K
}
Event: 1.441 GC heap after
{Heap after GC invocations=13 (full 0):
 garbage-first heap   total 12288K, used 5439K [0x00000000c1400000, 0x0000000100000000)
  region size 1024K, 1 young (1024K), 1 survivors (1024K)
 Metaspace       used 8567K, capacity 11303K, committed 11520K, reserved 1058816K
  class space    used 986K, capacity 1233K, committed 1280K, reserved 1048576K
}
Event: 1.469 GC heap before
{Heap before GC invocations=13 (full 0):
 garbage-first heap   total 12288K, used 7487K [0x00000000c1400000, 0x0000000100000000)
  region size 1024K, 3 young (3072K), 1 survivors (1024K)
 Metaspace       used 8606K, capacity 11367K, committed 11520K, reserved 1058816K
  class space    used 987K, capacity 1233K, committed 1280K, reserved 1048576K
}

Deoptimization events (20 events):
Event: 1.306 Thread 0x000001e2ff860550 Uncommon trap: trap_request=0xffffffbe fr.pc=0x000001e28fc74104 relative=0x00000000000008a4
Event: 1.307 Thread 0x000001e2ff860550 Uncommon trap: reason=profile_predicate action=maybe_recompile pc=0x000001e28fc74104 method=jdk.internal.jimage.ImageStringsReader.charsFromByteBuffer([CLjava/nio/ByteBuffer;)V @ 6 c2
Event: 1.307 Thread 0x000001e2ff860550 DEOPT PACKING pc=0x000001e28fc74104 sp=0x0000002d84dfd4d0
Event: 1.307 Thread 0x000001e2ff860550 DEOPT UNPACKING pc=0x000001e2881ae42f sp=0x0000002d84dfd3a8 mode 2
Event: 1.307 Thread 0x000001e2ff860550 Uncommon trap: trap_request=0xffffffbe fr.pc=0x000001e28fc74104 relative=0x00000000000008a4
Event: 1.307 Thread 0x000001e2ff860550 Uncommon trap: reason=profile_predicate action=maybe_recompile pc=0x000001e28fc74104 method=jdk.internal.jimage.ImageStringsReader.charsFromByteBuffer([CLjava/nio/ByteBuffer;)V @ 6 c2
Event: 1.307 Thread 0x000001e2ff860550 DEOPT PACKING pc=0x000001e28fc74104 sp=0x0000002d84dfd3c0
Event: 1.307 Thread 0x000001e2ff860550 DEOPT UNPACKING pc=0x000001e2881ae42f sp=0x0000002d84dfd298 mode 2
Event: 1.307 Thread 0x000001e2ff860550 Uncommon trap: trap_request=0xffffffbe fr.pc=0x000001e28fc74104 relative=0x00000000000008a4
Event: 1.307 Thread 0x000001e2ff860550 Uncommon trap: reason=profile_predicate action=maybe_recompile pc=0x000001e28fc74104 method=jdk.internal.jimage.ImageStringsReader.charsFromByteBuffer([CLjava/nio/ByteBuffer;)V @ 6 c2
Event: 1.307 Thread 0x000001e2ff860550 DEOPT PACKING pc=0x000001e28fc74104 sp=0x0000002d84dfd3c0
Event: 1.307 Thread 0x000001e2ff860550 DEOPT UNPACKING pc=0x000001e2881ae42f sp=0x0000002d84dfd298 mode 2
Event: 1.307 Thread 0x000001e2ff860550 Uncommon trap: trap_request=0xffffffbe fr.pc=0x000001e28fc74104 relative=0x00000000000008a4
Event: 1.307 Thread 0x000001e2ff860550 Uncommon trap: reason=profile_predicate action=maybe_recompile pc=0x000001e28fc74104 method=jdk.internal.jimage.ImageStringsReader.charsFromByteBuffer([CLjava/nio/ByteBuffer;)V @ 6 c2
Event: 1.307 Thread 0x000001e2ff860550 DEOPT PACKING pc=0x000001e28fc74104 sp=0x0000002d84dfd3c0
Event: 1.307 Thread 0x000001e2ff860550 DEOPT UNPACKING pc=0x000001e2881ae42f sp=0x0000002d84dfd298 mode 2
Event: 1.340 Thread 0x000001e2ff860550 Uncommon trap: trap_request=0xffffff45 fr.pc=0x000001e28fc6a15c relative=0x000000000000005c
Event: 1.340 Thread 0x000001e2ff860550 Uncommon trap: reason=unstable_if action=reinterpret pc=0x000001e28fc6a15c method=com.sun.tools.javac.jvm.PoolReader.sizeof(I)I @ 1 c2
Event: 1.340 Thread 0x000001e2ff860550 DEOPT PACKING pc=0x000001e28fc6a15c sp=0x0000002d84dfe240
Event: 1.340 Thread 0x000001e2ff860550 DEOPT UNPACKING pc=0x000001e2881ae42f sp=0x0000002d84dfe1d0 mode 2

Classes unloaded (0 events):
No events

Classes redefined (0 events):
No events

Internal exceptions (20 events):
Event: 1.138 Thread 0x000001e2ff860550 Exception <a 'java/lang/NoSuchMethodError'{0x00000000c1b17970}: 'java.lang.Object java.lang.invoke.DirectMethodHandle$Holder.invokeVirtual(java.lang.Object, java.lang.Object, int)'> (0x00000000c1b17970) 
thrown [./open/src/hotspot/share/interpreter/linkResolver.cpp, line 782]
Event: 1.140 Thread 0x000001e2ff860550 Exception <a 'java/lang/NoSuchMethodError'{0x00000000c1b21258}: 'java.lang.Object java.lang.invoke.DirectMethodHandle$Holder.invokeSpecial(java.lang.Object, java.lang.Object, java.lang.Object, int, int)'> (0x00000000c1b21258) 
thrown [./open/src/hotspot/share/interpreter/linkResolver.cpp, line 782]
Event: 1.212 Thread 0x000001e2ff860550 Exception <a 'java/lang/NoSuchMethodError'{0x00000000c1daca30}: 'void java.lang.invoke.DirectMethodHandle$Holder.invokeStatic(java.lang.Object, java.lang.Object)'> (0x00000000c1daca30) 
thrown [./open/src/hotspot/share/interpreter/linkResolver.cpp, line 782]
Event: 1.218 Thread 0x000001e2ff860550 Exception <a 'sun/nio/fs/WindowsException'{0x00000000c1db7920}> (0x00000000c1db7920) 
thrown [./open/src/hotspot/share/prims/jni.cpp, line 578]
Event: 1.228 Thread 0x000001e2ff860550 Exception <a 'sun/nio/fs/WindowsException'{0x00000000c1dcd8e0}> (0x00000000c1dcd8e0) 
thrown [./open/src/hotspot/share/prims/jni.cpp, line 578]
Event: 1.297 Thread 0x000001e2ff860550 Exception <a 'sun/nio/fs/WindowsException'{0x00000000c1ce67a0}> (0x00000000c1ce67a0) 
thrown [./open/src/hotspot/share/prims/jni.cpp, line 578]
Event: 1.300 Thread 0x000001e2ff860550 Exception <a 'sun/nio/fs/WindowsException'{0x00000000c1ce99a0}> (0x00000000c1ce99a0) 
thrown [./open/src/hotspot/share/prims/jni.cpp, line 578]
Event: 1.301 Thread 0x000001e2ff860550 Exception <a 'sun/nio/fs/WindowsException'{0x00000000c1cec508}> (0x00000000c1cec508) 
thrown [./open/src/hotspot/share/prims/jni.cpp, line 578]
Event: 1.303 Thread 0x000001e2ff860550 Exception <a 'sun/nio/fs/WindowsException'{0x00000000c1ceeec0}> (0x00000000c1ceeec0) 
thrown [./open/src/hotspot/share/prims/jni.cpp, line 578]
Event: 1.305 Thread 0x000001e2ff860550 Exception <a 'java/lang/NoSuchMethodError'{0x00000000c1cf4ee0}: 'int java.lang.invoke.DirectMethodHandle$Holder.invokeSpecial(java.lang.Object, java.lang.Object, java.lang.Object)'> (0x00000000c1cf4ee0) 
thrown [./open/src/hotspot/share/interpreter/linkResolver.cpp, line 782]
Event: 1.311 Thread 0x000001e2ff860550 Exception <a 'sun/nio/fs/WindowsException'{0x00000000c1d00be8}> (0x00000000c1d00be8) 
thrown [./open/src/hotspot/share/prims/jni.cpp, line 578]
Event: 1.311 Thread 0x000001e2ff860550 Exception <a 'sun/nio/fs/WindowsException'{0x00000000c1d00f18}> (0x00000000c1d00f18) 
thrown [./open/src/hotspot/share/prims/jni.cpp, line 578]
Event: 1.311 Thread 0x000001e2ff860550 Exception <a 'sun/nio/fs/WindowsException'{0x00000000c1d01f68}> (0x00000000c1d01f68) 
thrown [./open/src/hotspot/share/prims/jni.cpp, line 578]
Event: 1.311 Thread 0x000001e2ff860550 Exception <a 'sun/nio/fs/WindowsException'{0x00000000c1d02258}> (0x00000000c1d02258) 
thrown [./open/src/hotspot/share/prims/jni.cpp, line 578]
Event: 1.341 Thread 0x000001e2ff860550 Exception <a 'java/lang/NoSuchMethodError'{0x00000000c1dfaa48}: 'java.lang.Object java.lang.invoke.DirectMethodHandle$Holder.invokeStatic(java.lang.Object, java.lang.Object, int, int)'> (0x00000000c1dfaa48) 
thrown [./open/src/hotspot/share/interpreter/linkResolver.cpp, line 782]
Event: 1.376 Thread 0x000001e2ff860550 Exception <a 'sun/nio/fs/WindowsException'{0x00000000c1ca3040}> (0x00000000c1ca3040) 
thrown [./open/src/hotspot/share/prims/jni.cpp, line 578]
Event: 1.376 Thread 0x000001e2ff860550 Exception <a 'sun/nio/fs/WindowsException'{0x00000000c1ca3370}> (0x00000000c1ca3370) 
thrown [./open/src/hotspot/share/prims/jni.cpp, line 578]
Event: 1.376 Thread 0x000001e2ff860550 Exception <a 'sun/nio/fs/WindowsException'{0x00000000c1ca43c0}> (0x00000000c1ca43c0) 
thrown [./open/src/hotspot/share/prims/jni.cpp, line 578]
Event: 1.376 Thread 0x000001e2ff860550 Exception <a 'sun/nio/fs/WindowsException'{0x00000000c1ca46b8}> (0x00000000c1ca46b8) 
thrown [./open/src/hotspot/share/prims/jni.cpp, line 578]
Event: 1.420 Thread 0x000001e2ff860550 Exception <a 'java/lang/NoSuchMethodError'{0x00000000c1fa53b0}: 'java.lang.Object java.lang.invoke.DirectMethodHandle$Holder.invokeInterface(java.lang.Object, java.lang.Object)'> (0x00000000c1fa53b0) 
thrown [./open/src/hotspot/share/interpreter/linkResolver.cpp, line 782]

Events (20 events):
Event: 1.225 loading class sun/nio/fs/WindowsPath$WindowsPathWithAttributes done
Event: 1.256 Executing VM operation: G1CollectForAllocation
Event: 1.261 Executing VM operation: G1CollectForAllocation done
Event: 1.308 Executing VM operation: G1CollectForAllocation
Event: 1.310 Executing VM operation: G1CollectForAllocation done
Event: 1.324 Executing VM operation: G1CollectForAllocation
Event: 1.327 Executing VM operation: G1CollectForAllocation done
Event: 1.354 loading class jdk/internal/jimage/ImageReader$LinkNode
Event: 1.354 loading class jdk/internal/jimage/ImageReader$LinkNode done
Event: 1.354 Executing VM operation: HandshakeAllThreads
Event: 1.354 Executing VM operation: HandshakeAllThreads done
Event: 1.378 Executing VM operation: G1CollectForAllocation
Event: 1.381 Executing VM operation: G1CollectForAllocation done
Event: 1.394 Executing VM operation: G1CollectForAllocation
Event: 1.398 Executing VM operation: G1CollectForAllocation done
Event: 1.407 Executing VM operation: G1CollectForAllocation
Event: 1.411 Executing VM operation: G1CollectForAllocation done
Event: 1.438 Executing VM operation: G1CollectForAllocation
Event: 1.442 Executing VM operation: G1CollectForAllocation done
Event: 1.469 Executing VM operation: G1CollectForAllocation


Dynamic libraries:
0x00007ff670300000 - 0x00007ff670308000 	C:\Program Files\Java\jdk-15.0.1\bin\javac.exe
0x00007ffbf9bb0000 - 0x00007ffbf9da5000 	C:\WINDOWS\SYSTEM32\ntdll.dll
0x00007ffbf9900000 - 0x00007ffbf99bd000 	C:\WINDOWS\System32\KERNEL32.DLL
0x00007ffbf73e0000 - 0x00007ffbf76a9000 	C:\WINDOWS\System32\KERNELBASE.dll
0x00007ffbf79a0000 - 0x00007ffbf7aa0000 	C:\WINDOWS\System32\ucrtbase.dll
0x00007ffbf1d00000 - 0x00007ffbf1d19000 	C:\Program Files\Java\jdk-15.0.1\bin\VCRUNTIME140.dll
0x00007ffbf4410000 - 0x00007ffbf4428000 	C:\Program Files\Java\jdk-15.0.1\bin\jli.dll
0x00007ffbf8170000 - 0x00007ffbf821c000 	C:\WINDOWS\System32\ADVAPI32.dll
0x00007ffbf8260000 - 0x00007ffbf82fe000 	C:\WINDOWS\System32\msvcrt.dll
0x00007ffbf8d50000 - 0x00007ffbf8dec000 	C:\WINDOWS\System32\sechost.dll
0x00007ffbf9000000 - 0x00007ffbf912b000 	C:\WINDOWS\System32\RPCRT4.dll
0x00007ffbf96e0000 - 0x00007ffbf9880000 	C:\WINDOWS\System32\USER32.dll
0x00007ffbf77e0000 - 0x00007ffbf7802000 	C:\WINDOWS\System32\win32u.dll
0x00007ffbf1d20000 - 0x00007ffbf1fba000 	C:\WINDOWS\WinSxS\amd64_microsoft.windows.common-controls_6595b64144ccf1df_6.0.19041.844_none_ca00b6081b84eb1d\COMCTL32.dll
0x00007ffbf8220000 - 0x00007ffbf824a000 	C:\WINDOWS\System32\GDI32.dll
0x00007ffbf7aa0000 - 0x00007ffbf7bab000 	C:\WINDOWS\System32\gdi32full.dll
0x00007ffbf7340000 - 0x00007ffbf73dd000 	C:\WINDOWS\System32\msvcp_win.dll
0x00007ffbedeb0000 - 0x00007ffbedeba000 	C:\WINDOWS\SYSTEM32\VERSION.dll
0x00007ffbf8ab0000 - 0x00007ffbf8ae0000 	C:\WINDOWS\System32\IMM32.DLL
0x00007ffbf1cf0000 - 0x00007ffbf1cfc000 	C:\Program Files\Java\jdk-15.0.1\bin\vcruntime140_1.dll
0x00007ffbcf090000 - 0x00007ffbcf121000 	C:\Program Files\Java\jdk-15.0.1\bin\msvcp140.dll
0x00007ffba0840000 - 0x00007ffba139e000 	C:\Program Files\Java\jdk-15.0.1\bin\server\jvm.dll
0x00007ffbf91a0000 - 0x00007ffbf91a8000 	C:\WINDOWS\System32\PSAPI.DLL
0x00007ffbf20b0000 - 0x00007ffbf20b9000 	C:\WINDOWS\SYSTEM32\WSOCK32.dll
0x00007ffbdea70000 - 0x00007ffbdea97000 	C:\WINDOWS\SYSTEM32\WINMM.dll
0x00007ffbf9130000 - 0x00007ffbf919b000 	C:\WINDOWS\System32\WS2_32.dll
0x00007ffbf5eb0000 - 0x00007ffbf5ec2000 	C:\WINDOWS\SYSTEM32\kernel.appcore.dll
0x00007ffbf1ce0000 - 0x00007ffbf1cea000 	C:\Program Files\Java\jdk-15.0.1\bin\jimage.dll
0x00007ffbf58f0000 - 0x00007ffbf5ad4000 	C:\WINDOWS\SYSTEM32\DBGHELP.DLL
0x00007ffbdf740000 - 0x00007ffbdf76c000 	C:\WINDOWS\SYSTEM32\dbgcore.DLL
0x00007ffbf76b0000 - 0x00007ffbf7730000 	C:\WINDOWS\System32\bcryptPrimitives.dll
0x00007ffbe5240000 - 0x00007ffbe5265000 	C:\Program Files\Java\jdk-15.0.1\bin\java.dll
0x00007ffbf8360000 - 0x00007ffbf8aa2000 	C:\WINDOWS\System32\SHELL32.dll
0x00007ffbf5090000 - 0x00007ffbf5820000 	C:\WINDOWS\SYSTEM32\windows.storage.dll
0x00007ffbf7cc0000 - 0x00007ffbf8015000 	C:\WINDOWS\System32\combase.dll
0x00007ffbf6c90000 - 0x00007ffbf6cbc000 	C:\WINDOWS\SYSTEM32\Wldp.dll
0x00007ffbf7c10000 - 0x00007ffbf7cbe000 	C:\WINDOWS\System32\SHCORE.dll
0x00007ffbf8300000 - 0x00007ffbf8355000 	C:\WINDOWS\System32\shlwapi.dll
0x00007ffbf7230000 - 0x00007ffbf724f000 	C:\WINDOWS\SYSTEM32\profapi.dll
0x00007ffbe73b0000 - 0x00007ffbe73c9000 	C:\Program Files\Java\jdk-15.0.1\bin\net.dll
0x00007ffbe94a0000 - 0x00007ffbe95ac000 	C:\WINDOWS\SYSTEM32\WINHTTP.dll
0x00007ffbf6a10000 - 0x00007ffbf6a7a000 	C:\WINDOWS\system32\mswsock.dll
0x00007ffbe5220000 - 0x00007ffbe5232000 	C:\Program Files\Java\jdk-15.0.1\bin\nio.dll

dbghelp: loaded successfully - version: 4.0.5 - missing functions: none
symbol engine: initialized successfully - sym options: 0x614 - pdb path: .;C:\Program Files\Java\jdk-15.0.1\bin;C:\WINDOWS\SYSTEM32;C:\WINDOWS\WinSxS\amd64_microsoft.windows.common-controls_6595b64144ccf1df_6.0.19041.844_none_ca00b6081b84eb1d;C:\Program Files\Java\jdk-15.0.1\bin\server

VM Arguments:
jvm_args: -Dapplication.home=C:\Program Files\Java\jdk-15.0.1 --add-modules=ALL-DEFAULT -Xms8m -Djdk.module.main=jdk.compiler 
java_command: jdk.compiler/com.sun.tools.javac.Main -d C:\Users\Shri\Documents\NetBeansProjects\Travel Management System\build\classes -classpath C:\Users\Shri\Documents\NetBeansProjects\Travel Management System\build\classes -sourcepath C:\Users\Shri\Documents\NetBeansProjects\Travel Management System\src -target 15 -encoding UTF-8 -g -processorpath C:\Users\Shri\Documents\NetBeansProjects\Travel Management System\build\empty -s C:\Users\Shri\Documents\NetBeansProjects\Travel Management System\build\generated-sources\ap-source-output -source 15 C:\Users\Shri\Documents\NetBeansProjects\Travel Management System\src\travel\management\system\Login.java
java_class_path (initial): <not set>
Launcher Type: SUN_STANDARD

[Global flags]
     intx CICompilerCount                          = 3                                         {product} {ergonomic}
     uint ConcGCThreads                            = 1                                         {product} {ergonomic}
     uint G1ConcRefinementThreads                  = 4                                         {product} {ergonomic}
   size_t G1HeapRegionSize                         = 1048576                                   {product} {ergonomic}
    uintx GCDrainStackTargetSize                   = 64                                        {product} {ergonomic}
   size_t InitialHeapSize                          = 8388608                                   {product} {command line}
   size_t MarkStackSize                            = 4194304                                   {product} {ergonomic}
   size_t MaxHeapSize                              = 1052770304                                {product} {ergonomic}
   size_t MaxNewSize                               = 631242752                                 {product} {ergonomic}
   size_t MinHeapDeltaBytes                        = 1048576                                   {product} {ergonomic}
   size_t MinHeapSize                              = 8388608                                   {product} {command line}
    uintx NonNMethodCodeHeapSize                   = 5832780                                {pd product} {ergonomic}
    uintx NonProfiledCodeHeapSize                  = 122912730                              {pd product} {ergonomic}
    uintx ProfiledCodeHeapSize                     = 122912730                              {pd product} {ergonomic}
    uintx ReservedCodeCacheSize                    = 251658240                              {pd product} {ergonomic}
     bool SegmentedCodeCache                       = true                                      {product} {ergonomic}
   size_t SoftMaxHeapSize                          = 1052770304                             {manageable} {ergonomic}
     bool UseCompressedClassPointers               = true                                 {lp64_product} {ergonomic}
     bool UseCompressedOops                        = true                                 {lp64_product} {ergonomic}
     bool UseG1GC                                  = true                                      {product} {ergonomic}
     bool UseLargePagesIndividualAllocation        = false                                  {pd product} {ergonomic}

Logging:
Log output configuration:
 #0: stdout all=warning uptime,level,tags
 #1: stderr all=off uptime,level,tags

Environment Variables:
PATH=C:\Program Files\Common Files\Oracle\Java\javapath;C:\WINDOWS\system32;C:\WINDOWS;C:\WINDOWS\System32\Wbem;C:\WINDOWS\System32\WindowsPowerShell\v1.0\;C:\WINDOWS\System32\OpenSSH\;C:\Program Files\Java\jdk-15.0.1\bin;C:\Program Files\MySQL\MySQL Shell 8.0\bin\;C:\Users\Shri\AppData\Local\Microsoft\WindowsApps;
USERNAME=Shri
OS=Windows_NT
PROCESSOR_IDENTIFIER=Intel64 Family 6 Model 142 Stepping 10, GenuineIntel



---------------  S Y S T E M  ---------------

OS:
 Windows 10 , 64 bit Build 19041 (10.0.19041.804)
OS uptime: 1 days 23:05 hours

CPU: total 4 (initial active 4) (2 cores per cpu, 2 threads per core) family 6 model 142 stepping 10 microcode 0xe0, cmov, cx8, fxsr, mmx, sse, sse2, sse3, ssse3, sse4.1, sse4.2, popcnt, vzeroupper, avx, avx2, aes, clmul, erms, 3dnowpref, lzcnt, ht, tsc, tscinvbit, bmi1, bmi2, adx, fma, clflush, clflushopt

Memory: 4k page, system-wide physical 4011M (305M free)
TotalPageFile size 16299M (AvailPageFile size 8M)
current process WorkingSet (physical memory assigned to process): 65M, peak: 65M
current process commit charge ("private bytes"): 97M, peak: 102M

vm_info: Java HotSpot(TM) 64-Bit Server VM (15.0.1+9-18) for windows-amd64 JRE (15.0.1+9-18), built on Sep 15 2020 14:43:54 by "mach5one" with unknown MS VC++:1925

END.
