#
# There is insufficient memory for the Java Runtime Environment to continue.
# Native memory allocation (malloc) failed to allocate 1048576 bytes for AllocateHeap
# Possible reasons:
#   The system is out of physical RAM or swap space
#   The process is running with CompressedOops enabled, and the Java Heap may be blocking the growth of the native heap
# Possible solutions:
#   Reduce memory load on the system
#   Increase physical memory or swap space
#   Check if swap backing store is full
#   Decrease Java heap size (-Xmx/-Xms)
#   Decrease number of Java threads
#   Decrease Java thread stack sizes (-Xss)
#   Set larger code cache with -XX:ReservedCodeCacheSize=
#   JVM is running with Unscaled Compressed Oops mode in which the Java heap is
#     placed in the first 4GB address space. The Java Heap base address is the
#     maximum limit for the native heap growth. Please use -XX:HeapBaseMinAddress
#     to set the Java Heap base and to place the Java Heap above 4GB virtual address.
# This output file may be truncated or incomplete.
#
#  Out of Memory Error (./open/src/hotspot/share/memory/allocation.cpp:44), pid=23224, tid=14116
#
# JRE version: Java(TM) SE Runtime Environment (15.0.1+9) (build 15.0.1+9-18)
# Java VM: Java HotSpot(TM) 64-Bit Server VM (15.0.1+9-18, mixed mode, sharing, tiered, compressed oops, g1 gc, windows-amd64)
# No core dump will be written. Minidumps are not enabled by default on client versions of Windows
#

---------------  S U M M A R Y ------------

Command Line: -Dfile.encoding=UTF-8 travel.management.system.Signup

Host: Intel(R) Core(TM) i3-7020U CPU @ 2.30GHz, 4 cores, 3G,  Windows 10 , 64 bit Build 19041 (10.0.19041.804)
Time: Tue Mar 23 14:51:10 2021 India Standard Time elapsed time: 0.317437 seconds (0d 0h 0m 0s)

---------------  T H R E A D  ---------------

Current thread (0x0000020329d216b0):  VMThread "VM Thread" [stack: 0x000000210a500000,0x000000210a600000] [id=14116]

Stack: [0x000000210a500000,0x000000210a600000]
[error occurred during error reporting (printing stack bounds), id 0xc0000005, EXCEPTION_ACCESS_VIOLATION (0xc0000005) at pc=0x00000203154310ad]

Native frames: (J=compiled Java code, j=interpreted, Vv=VM code, C=native code)
V  [jvm.dll+0x62ae9a]
V  [jvm.dll+0x781389]
V  [jvm.dll+0x782ae3]
V  [jvm.dll+0x7830a5]
V  [jvm.dll+0x78305b]
V  [jvm.dll+0x62a2b9]
V  [jvm.dll+0x62aa88]
C  [ntdll.dll+0xa1f6f]
C  [ntdll.dll+0x51454]
C  [ntdll.dll+0xa0a9e]
C  0x00000203154310ad

VM_Operation (0x0000002109ffc570): CollectForMetadataAllocation, mode: safepoint, requested by thread 0x000002030ba33190


---------------  P R O C E S S  ---------------

Threads class SMR info:
_java_thread_list=0x000002032a376f50, length=11, elements={
0x000002030ba33190, 0x0000020329d24e50, 0x0000020329d25930, 0x0000020329d3e700,
0x0000020329d40fd0, 0x0000020329d41990, 0x0000020329d49670, 0x0000020329d4e480,
0x0000020329d56d90, 0x000002032a378350, 0x000002032a390b50
}

Java Threads: ( => current thread )
  0x000002030ba33190 JavaThread "main" [_thread_blocked, id=21128, stack(0x0000002109f00000,0x000000210a000000)]
  0x0000020329d24e50 JavaThread "Reference Handler" daemon [_thread_blocked, id=20524, stack(0x000000210a600000,0x000000210a700000)]
  0x0000020329d25930 JavaThread "Finalizer" daemon [_thread_blocked, id=18024, stack(0x000000210a700000,0x000000210a800000)]
  0x0000020329d3e700 JavaThread "Signal Dispatcher" daemon [_thread_blocked, id=21120, stack(0x000000210a800000,0x000000210a900000)]
  0x0000020329d40fd0 JavaThread "Attach Listener" daemon [_thread_blocked, id=21868, stack(0x000000210a900000,0x000000210aa00000)]
  0x0000020329d41990 JavaThread "Service Thread" daemon [_thread_blocked, id=21132, stack(0x000000210aa00000,0x000000210ab00000)]
  0x0000020329d49670 JavaThread "C2 CompilerThread0" daemon [_thread_blocked, id=1916, stack(0x000000210ab00000,0x000000210ac00000)]
  0x0000020329d4e480 JavaThread "C1 CompilerThread0" daemon [_thread_blocked, id=21492, stack(0x000000210ac00000,0x000000210ad00000)]
  0x0000020329d56d90 JavaThread "Sweeper thread" daemon [_thread_blocked, id=8016, stack(0x000000210ad00000,0x000000210ae00000)]
  0x000002032a378350 JavaThread "Notification Thread" daemon [_thread_blocked, id=13980, stack(0x000000210ae00000,0x000000210af00000)]
  0x000002032a390b50 JavaThread "Common-Cleaner" daemon [_thread_blocked, id=3728, stack(0x000000210b000000,0x000000210b100000)]

Other Threads:
=>0x0000020329d216b0 VMThread "VM Thread" [stack: 0x000000210a500000,0x000000210a600000] [id=14116]
  0x000002032a388800 WatcherThread [stack: 0x000000210af00000,0x000000210b000000] [id=13676]
  0x000002030ba5d580 GCTaskThread "GC Thread#0" [stack: 0x000000210a000000,0x000000210a100000] [id=21876]
  0x000002032a36af10 GCTaskThread "GC Thread#1" [stack: 0x000000210b100000,0x000000210b200000] [id=21540]
  0x000002030ba68500 ConcurrentGCThread "G1 Main Marker" [stack: 0x000000210a100000,0x000000210a200000] [id=20512]
  0x000002030ba6a7b0 ConcurrentGCThread "G1 Conc#0" [stack: 0x000000210a200000,0x000000210a300000] [id=21864]
  0x000002030bab8960 ConcurrentGCThread "G1 Refine#0" [stack: 0x000000210a300000,0x000000210a400000] [id=3148]
  0x000002030bab9470 ConcurrentGCThread "G1 Young RemSet Sampling" [stack: 0x000000210a400000,0x000000210a500000] [id=14008]

Threads with active compile tasks:
C1 CompilerThread0      861  138       3       java.lang.invoke.MethodType$ConcurrentWeakInternSet::expungeStaleElements (27 bytes)

VM state: at safepoint (normal execution)

VM Mutex/Monitor currently owned by a thread:  ([mutex/lock_event])
[0x000002030ba30330] Threads_lock - owner thread: 0x0000020329d216b0
[0x000002030ba303c0] Heap_lock - owner thread: 0x000002030ba33190

Heap address: 0x00000000c1400000, size: 1004 MB, Compressed Oops mode: 32-bit
CDS archive(s) mapped at: [0x0000000800000000-0x0000000800b50000-0x0000000800b50000), size 11862016, SharedBaseAddress: 0x0000000800000000, ArchiveRelocationMode: 0.
Compressed class space mapped at: 0x0000000800b50000-0x0000000840b50000, size: 1073741824
Narrow klass base: 0x0000000800000000, Narrow klass shift: 3, Narrow klass range: 0x100000000

GC Precious Log:
 CPUs: 4 total, 4 available
 Memory: 4011M
 Large Page Support: Disabled
 NUMA Support: Disabled
 Compressed Oops: Enabled (32-bit)
 Heap Region Size: 1M
 Heap Min Capacity: 8M
 Heap Initial Capacity: 64M
 Heap Max Capacity: 1004M
 Pre-touch: Disabled
 Parallel Workers: 4
 Concurrent Workers: 1
 Concurrent Refinement Workers: 4
 Periodic GC: Disabled

Heap:
 garbage-first heap   total 65536K, used 696K [0x00000000c1400000, 0x0000000100000000)
  region size 1024K, 1 young (1024K), 1 survivors (1024K)
 Metaspace       used 1081K, capacity 1401K, committed 1536K, reserved 1075200K
  class space    used 102K, capacity 419K, committed 512K, reserved 1048576K

Heap Regions: E=young(eden), S=young(survivor), O=old, HS=humongous(starts), HC=humongous(continues), CS=collection set, F=free, OA=open archive, CA=closed archive, TAMS=top-at-mark-start (previous, next)
|   0|0x00000000c1400000, 0x00000000c1400000, 0x00000000c1500000|  0%| F|  |TAMS 0x00000000c1400000, 0x00000000c1400000| Untracked 
|   1|0x00000000c1500000, 0x00000000c1500000, 0x00000000c1600000|  0%| F|  |TAMS 0x00000000c1500000, 0x00000000c1500000| Untracked 
|   2|0x00000000c1600000, 0x00000000c1600000, 0x00000000c1700000|  0%| F|  |TAMS 0x00000000c1600000, 0x00000000c1600000| Untracked 
|   3|0x00000000c1700000, 0x00000000c1700000, 0x00000000c1800000|  0%| F|  |TAMS 0x00000000c1700000, 0x00000000c1700000| Untracked 
|   4|0x00000000c1800000, 0x00000000c1800000, 0x00000000c1900000|  0%| F|  |TAMS 0x00000000c1800000, 0x00000000c1800000| Untracked 
|   5|0x00000000c1900000, 0x00000000c1900000, 0x00000000c1a00000|  0%| F|  |TAMS 0x00000000c1900000, 0x00000000c1900000| Untracked 
|   6|0x00000000c1a00000, 0x00000000c1a00000, 0x00000000c1b00000|  0%| F|  |TAMS 0x00000000c1a00000, 0x00000000c1a00000| Untracked 
|   7|0x00000000c1b00000, 0x00000000c1b00000, 0x00000000c1c00000|  0%| F|  |TAMS 0x00000000c1b00000, 0x00000000c1b00000| Untracked 
|   8|0x00000000c1c00000, 0x00000000c1c00000, 0x00000000c1d00000|  0%| F|  |TAMS 0x00000000c1c00000, 0x00000000c1c00000| Untracked 
|   9|0x00000000c1d00000, 0x00000000c1d00000, 0x00000000c1e00000|  0%| F|  |TAMS 0x00000000c1d00000, 0x00000000c1d00000| Untracked 
|  10|0x00000000c1e00000, 0x00000000c1e00000, 0x00000000c1f00000|  0%| F|  |TAMS 0x00000000c1e00000, 0x00000000c1e00000| Untracked 
|  11|0x00000000c1f00000, 0x00000000c1f00000, 0x00000000c2000000|  0%| F|  |TAMS 0x00000000c1f00000, 0x00000000c1f00000| Untracked 
|  12|0x00000000c2000000, 0x00000000c2000000, 0x00000000c2100000|  0%| F|  |TAMS 0x00000000c2000000, 0x00000000c2000000| Untracked 
|  13|0x00000000c2100000, 0x00000000c2100000, 0x00000000c2200000|  0%| F|  |TAMS 0x00000000c2100000, 0x00000000c2100000| Untracked 
|  14|0x00000000c2200000, 0x00000000c2200000, 0x00000000c2300000|  0%| F|  |TAMS 0x00000000c2200000, 0x00000000c2200000| Untracked 
|  15|0x00000000c2300000, 0x00000000c2300000, 0x00000000c2400000|  0%| F|  |TAMS 0x00000000c2300000, 0x00000000c2300000| Untracked 
|  16|0x00000000c2400000, 0x00000000c2400000, 0x00000000c2500000|  0%| F|  |TAMS 0x00000000c2400000, 0x00000000c2400000| Untracked 
|  17|0x00000000c2500000, 0x00000000c2500000, 0x00000000c2600000|  0%| F|  |TAMS 0x00000000c2500000, 0x00000000c2500000| Untracked 
|  18|0x00000000c2600000, 0x00000000c2600000, 0x00000000c2700000|  0%| F|  |TAMS 0x00000000c2600000, 0x00000000c2600000| Untracked 
|  19|0x00000000c2700000, 0x00000000c2700000, 0x00000000c2800000|  0%| F|  |TAMS 0x00000000c2700000, 0x00000000c2700000| Untracked 
|  20|0x00000000c2800000, 0x00000000c2800000, 0x00000000c2900000|  0%| F|  |TAMS 0x00000000c2800000, 0x00000000c2800000| Untracked 
|  21|0x00000000c2900000, 0x00000000c2900000, 0x00000000c2a00000|  0%| F|  |TAMS 0x00000000c2900000, 0x00000000c2900000| Untracked 
|  22|0x00000000c2a00000, 0x00000000c2a00000, 0x00000000c2b00000|  0%| F|  |TAMS 0x00000000c2a00000, 0x00000000c2a00000| Untracked 
|  23|0x00000000c2b00000, 0x00000000c2b00000, 0x00000000c2c00000|  0%| F|  |TAMS 0x00000000c2b00000, 0x00000000c2b00000| Untracked 
|  24|0x00000000c2c00000, 0x00000000c2c00000, 0x00000000c2d00000|  0%| F|  |TAMS 0x00000000c2c00000, 0x00000000c2c00000| Untracked 
|  25|0x00000000c2d00000, 0x00000000c2d00000, 0x00000000c2e00000|  0%| F|  |TAMS 0x00000000c2d00000, 0x00000000c2d00000| Untracked 
|  26|0x00000000c2e00000, 0x00000000c2e00000, 0x00000000c2f00000|  0%| F|  |TAMS 0x00000000c2e00000, 0x00000000c2e00000| Untracked 
|  27|0x00000000c2f00000, 0x00000000c2f00000, 0x00000000c3000000|  0%| F|  |TAMS 0x00000000c2f00000, 0x00000000c2f00000| Untracked 
|  28|0x00000000c3000000, 0x00000000c3000000, 0x00000000c3100000|  0%| F|  |TAMS 0x00000000c3000000, 0x00000000c3000000| Untracked 
|  29|0x00000000c3100000, 0x00000000c3100000, 0x00000000c3200000|  0%| F|  |TAMS 0x00000000c3100000, 0x00000000c3100000| Untracked 
|  30|0x00000000c3200000, 0x00000000c3200000, 0x00000000c3300000|  0%| F|  |TAMS 0x00000000c3200000, 0x00000000c3200000| Untracked 
|  31|0x00000000c3300000, 0x00000000c3300000, 0x00000000c3400000|  0%| F|  |TAMS 0x00000000c3300000, 0x00000000c3300000| Untracked 
|  32|0x00000000c3400000, 0x00000000c3400000, 0x00000000c3500000|  0%| F|  |TAMS 0x00000000c3400000, 0x00000000c3400000| Untracked 
|  33|0x00000000c3500000, 0x00000000c3500000, 0x00000000c3600000|  0%| F|  |TAMS 0x00000000c3500000, 0x00000000c3500000| Untracked 
|  34|0x00000000c3600000, 0x00000000c3600000, 0x00000000c3700000|  0%| F|  |TAMS 0x00000000c3600000, 0x00000000c3600000| Untracked 
|  35|0x00000000c3700000, 0x00000000c3700000, 0x00000000c3800000|  0%| F|  |TAMS 0x00000000c3700000, 0x00000000c3700000| Untracked 
|  36|0x00000000c3800000, 0x00000000c3800000, 0x00000000c3900000|  0%| F|  |TAMS 0x00000000c3800000, 0x00000000c3800000| Untracked 
|  37|0x00000000c3900000, 0x00000000c3900000, 0x00000000c3a00000|  0%| F|  |TAMS 0x00000000c3900000, 0x00000000c3900000| Untracked 
|  38|0x00000000c3a00000, 0x00000000c3a00000, 0x00000000c3b00000|  0%| F|  |TAMS 0x00000000c3a00000, 0x00000000c3a00000| Untracked 
|  39|0x00000000c3b00000, 0x00000000c3b00000, 0x00000000c3c00000|  0%| F|  |TAMS 0x00000000c3b00000, 0x00000000c3b00000| Untracked 
|  40|0x00000000c3c00000, 0x00000000c3c00000, 0x00000000c3d00000|  0%| F|  |TAMS 0x00000000c3c00000, 0x00000000c3c00000| Untracked 
|  41|0x00000000c3d00000, 0x00000000c3d00000, 0x00000000c3e00000|  0%| F|  |TAMS 0x00000000c3d00000, 0x00000000c3d00000| Untracked 
|  42|0x00000000c3e00000, 0x00000000c3e00000, 0x00000000c3f00000|  0%| F|  |TAMS 0x00000000c3e00000, 0x00000000c3e00000| Untracked 
|  43|0x00000000c3f00000, 0x00000000c3f00000, 0x00000000c4000000|  0%| F|  |TAMS 0x00000000c3f00000, 0x00000000c3f00000| Untracked 
|  44|0x00000000c4000000, 0x00000000c4000000, 0x00000000c4100000|  0%| F|  |TAMS 0x00000000c4000000, 0x00000000c4000000| Untracked 
|  45|0x00000000c4100000, 0x00000000c4100000, 0x00000000c4200000|  0%| F|  |TAMS 0x00000000c4100000, 0x00000000c4100000| Untracked 
|  46|0x00000000c4200000, 0x00000000c4200000, 0x00000000c4300000|  0%| F|  |TAMS 0x00000000c4200000, 0x00000000c4200000| Untracked 
|  47|0x00000000c4300000, 0x00000000c4300000, 0x00000000c4400000|  0%| F|  |TAMS 0x00000000c4300000, 0x00000000c4300000| Untracked 
|  48|0x00000000c4400000, 0x00000000c4400000, 0x00000000c4500000|  0%| F|  |TAMS 0x00000000c4400000, 0x00000000c4400000| Untracked 
|  49|0x00000000c4500000, 0x00000000c4500000, 0x00000000c4600000|  0%| F|  |TAMS 0x00000000c4500000, 0x00000000c4500000| Untracked 
|  50|0x00000000c4600000, 0x00000000c4600000, 0x00000000c4700000|  0%| F|  |TAMS 0x00000000c4600000, 0x00000000c4600000| Untracked 
|  51|0x00000000c4700000, 0x00000000c4700000, 0x00000000c4800000|  0%| F|  |TAMS 0x00000000c4700000, 0x00000000c4700000| Untracked 
|  52|0x00000000c4800000, 0x00000000c4800000, 0x00000000c4900000|  0%| F|  |TAMS 0x00000000c4800000, 0x00000000c4800000| Untracked 
|  53|0x00000000c4900000, 0x00000000c4900000, 0x00000000c4a00000|  0%| F|  |TAMS 0x00000000c4900000, 0x00000000c4900000| Untracked 
|  54|0x00000000c4a00000, 0x00000000c4a00000, 0x00000000c4b00000|  0%| F|  |TAMS 0x00000000c4a00000, 0x00000000c4a00000| Untracked 
|  55|0x00000000c4b00000, 0x00000000c4b00000, 0x00000000c4c00000|  0%| F|  |TAMS 0x00000000c4b00000, 0x00000000c4b00000| Untracked 
|  56|0x00000000c4c00000, 0x00000000c4c00000, 0x00000000c4d00000|  0%| F|  |TAMS 0x00000000c4c00000, 0x00000000c4c00000| Untracked 
|  57|0x00000000c4d00000, 0x00000000c4d00000, 0x00000000c4e00000|  0%| F|  |TAMS 0x00000000c4d00000, 0x00000000c4d00000| Untracked 
|  58|0x00000000c4e00000, 0x00000000c4e00000, 0x00000000c4f00000|  0%| F|  |TAMS 0x00000000c4e00000, 0x00000000c4e00000| Untracked 
|  59|0x00000000c4f00000, 0x00000000c4f00000, 0x00000000c5000000|  0%| F|  |TAMS 0x00000000c4f00000, 0x00000000c4f00000| Untracked 
|  60|0x00000000c5000000, 0x00000000c5000000, 0x00000000c5100000|  0%| F|  |TAMS 0x00000000c5000000, 0x00000000c5000000| Untracked 
|  61|0x00000000c5100000, 0x00000000c51ae030, 0x00000000c5200000| 67%| S|CS|TAMS 0x00000000c5100000, 0x00000000c5100000| Complete 
|  62|0x00000000c5200000, 0x00000000c5200000, 0x00000000c5300000|  0%| F|  |TAMS 0x00000000c5200000, 0x00000000c5200000| Untracked 
|  63|0x00000000c5300000, 0x00000000c5300000, 0x00000000c5400000|  0%| F|  |TAMS 0x00000000c5300000, 0x00000000c5300000| Untracked 

Card table byte_map: [0x0000020324c50000,0x0000020324e50000] _byte_map_base: 0x0000020324646000

Marking Bits (Prev, Next): (CMBitMap*) 0x000002030ba5ed10, (CMBitMap*) 0x000002030ba5ed50
 Prev Bits: [0x0000020325050000, 0x0000020326000000)
 Next Bits: [0x0000020326000000, 0x0000020326fb0000)

Polling page: 0x000002030b880000

Metaspace:

Usage:
  Non-class:    982.00 KB capacity,   978.96 KB (>99%) used,     1.66 KB ( <1%) free+waste,     1.38 KB ( <1%) overhead. 
      Class:    419.00 KB capacity,   102.38 KB ( 24%) used,   316.37 KB ( 76%) free+waste,   256 bytes ( <1%) overhead. 
       Both:      1.37 MB capacity,     1.06 MB ( 77%) used,   318.03 KB ( 23%) free+waste,     1.62 KB ( <1%) overhead. 

Virtual space:
  Non-class space:       26.00 MB reserved,       1.00 MB (  4%) committed 
      Class space:        1.00 GB reserved,     512.00 KB ( <1%) committed 
             Both:        1.03 GB reserved,       1.50 MB ( <1%) committed 

Chunk freelists:
   Non-Class:  42.00 KB
       Class:  29.00 KB
        Both:  71.00 KB

MaxMetaspaceSize: 17179869184.00 GB
CompressedClassSpaceSize: 1.00 GB

CodeHeap 'non-profiled nmethods': size=120000Kb used=40Kb max_used=40Kb free=119959Kb
 bounds [0x000002031cf00000, 0x000002031d170000, 0x0000020324430000]
CodeHeap 'profiled nmethods': size=120000Kb used=146Kb max_used=146Kb free=119853Kb
 bounds [0x00000203159d0000, 0x0000020315c40000, 0x000002031cf00000]
CodeHeap 'non-nmethods': size=5760Kb used=1097Kb max_used=1109Kb free=4662Kb
 bounds [0x0000020315430000, 0x00000203156a0000, 0x00000203159d0000]
 total_blobs=470 nmethods=137 adapters=246
 compilation: enabled
              stopped_count=0, restarted_count=0
 full_count=0

Compilation events (20 events):
Event: 0.248 Thread 0x0000020329d4e480 nmethod 124 0x00000203159f1010 code [0x00000203159f1280, 0x00000203159f1b98]
Event: 0.248 Thread 0x0000020329d4e480  125       3       java.lang.StringLatin1::newString (24 bytes)
Event: 0.248 Thread 0x0000020329d4e480 nmethod 125 0x00000203159f1f10 code [0x00000203159f20c0, 0x00000203159f23c8]
Event: 0.248 Thread 0x0000020329d4e480  128       1       java.lang.invoke.MemberName::getDeclaringClass (5 bytes)
Event: 0.248 Thread 0x0000020329d4e480 nmethod 128 0x000002031cf09910 code [0x000002031cf09aa0, 0x000002031cf09b58]
Event: 0.248 Thread 0x0000020329d4e480  126       3       jdk.internal.org.objectweb.asm.SymbolTable::get (13 bytes)
Event: 0.249 Thread 0x0000020329d4e480 nmethod 126 0x00000203159f2510 code [0x00000203159f26a0, 0x00000203159f27f8]
Event: 0.249 Thread 0x0000020329d4e480  131       3       java.lang.invoke.MemberName::isInvocable (8 bytes)
Event: 0.249 Thread 0x0000020329d4e480 nmethod 131 0x00000203159f2910 code [0x00000203159f2ac0, 0x00000203159f2d38]
Event: 0.249 Thread 0x0000020329d4e480  132       3       java.lang.invoke.MemberName::testAnyFlags (15 bytes)
Event: 0.250 Thread 0x0000020329d4e480 nmethod 132 0x00000203159f2e10 code [0x00000203159f2fc0, 0x00000203159f31d8]
Event: 0.250 Thread 0x0000020329d4e480  133   !   3       java.lang.ref.ReferenceQueue::poll (28 bytes)
Event: 0.250 Thread 0x0000020329d4e480 nmethod 133 0x00000203159f3290 code [0x00000203159f3440, 0x00000203159f36a8]
Event: 0.250 Thread 0x0000020329d4e480  134       3       java.lang.invoke.MethodType::hashCode (53 bytes)
Event: 0.251 Thread 0x0000020329d4e480 nmethod 134 0x00000203159f3790 code [0x00000203159f3960, 0x00000203159f3cd8]
Event: 0.251 Thread 0x0000020329d4e480  135       3       java.lang.String::indexOf (7 bytes)
Event: 0.251 Thread 0x0000020329d4e480 nmethod 135 0x00000203159f3e90 code [0x00000203159f4060, 0x00000203159f4358]
Event: 0.256 Thread 0x0000020329d4e480  136       3       java.lang.invoke.MethodType::checkPtype (19 bytes)
Event: 0.257 Thread 0x0000020329d4e480 nmethod 136 0x00000203159f4490 code [0x00000203159f4660, 0x00000203159f4a18]
Event: 0.257 Thread 0x0000020329d4e480  138       3       java.lang.invoke.MethodType$ConcurrentWeakInternSet::expungeStaleElements (27 bytes)

GC Heap History (2 events):
Event: 0.257 GC heap before
{Heap before GC invocations=0 (full 0):
 garbage-first heap   total 65536K, used 1024K [0x00000000c1400000, 0x0000000100000000)
  region size 1024K, 2 young (2048K), 0 survivors (0K)
 Metaspace       used 1081K, capacity 1401K, committed 1536K, reserved 1073152K
  class space    used 102K, capacity 419K, committed 512K, reserved 1048576K
}
Event: 0.261 GC heap after
{Heap after GC invocations=1 (full 0):
 garbage-first heap   total 65536K, used 696K [0x00000000c1400000, 0x0000000100000000)
  region size 1024K, 1 young (1024K), 1 survivors (1024K)
 Metaspace       used 1081K, capacity 1401K, committed 1536K, reserved 1073152K
  class space    used 102K, capacity 419K, committed 512K, reserved 1048576K
}

Deoptimization events (4 events):
Event: 0.235 Thread 0x000002030ba33190 Uncommon trap: trap_request=0xffffff45 fr.pc=0x000002031cf044c0 relative=0x0000000000000220
Event: 0.235 Thread 0x000002030ba33190 Uncommon trap: reason=unstable_if action=reinterpret pc=0x000002031cf044c0 method=java.lang.String.hashCode()I @ 13 c2
Event: 0.235 Thread 0x000002030ba33190 DEOPT PACKING pc=0x000002031cf044c0 sp=0x0000002109ffd4e0
Event: 0.235 Thread 0x000002030ba33190 DEOPT UNPACKING pc=0x000002031547e42f sp=0x0000002109ffd478 mode 2

Classes unloaded (0 events):
No events

Classes redefined (0 events):
No events

Internal exceptions (2 events):
Event: 0.211 Thread 0x000002030ba33190 Exception <a 'java/lang/NoSuchMethodError'{0x00000000c53ee1a0}: 'void java.lang.invoke.DirectMethodHandle$Holder.invokeSpecial(java.lang.Object, java.lang.Object, java.lang.Object)'> (0x00000000c53ee1a0) 
thrown [./open/src/hotspot/share/interpreter/linkResolver.cpp, line 782]
Event: 0.236 Thread 0x000002030ba33190 Exception <a 'java/lang/ClassNotFoundException'{0x00000000c520e0e0}: sun/awt/resources/spi/awtProvider> (0x00000000c520e0e0) 
thrown [./open/src/hotspot/share/classfile/systemDictionary.cpp, line 295]

Events (20 events):
Event: 0.238 loading class java/net/SocketPermission
Event: 0.238 loading class java/net/SocketPermission done
Event: 0.243 loading class sun/awt/resources/awt
Event: 0.244 loading class sun/awt/resources/awt done
Event: 0.245 loading class java/util/ResourceBundle$BundleReference
Event: 0.245 loading class java/util/ResourceBundle$BundleReference done
Event: 0.245 loading class sun/awt/resources/awt_en
Event: 0.245 loading class sun/awt/resources/awt_en done
Event: 0.246 loading class sun/awt/resources/awt_en
Event: 0.246 loading class sun/awt/resources/awt_en done
Event: 0.251 loading class sun/awt/resources/awt_en_US
Event: 0.251 loading class sun/awt/resources/awt_en_US done
Event: 0.251 loading class sun/awt/resources/awt_en_US
Event: 0.251 loading class sun/awt/resources/awt_en_US done
Event: 0.251 loading class java/awt/Toolkit$2
Event: 0.251 loading class java/awt/Toolkit$2 done
Event: 0.255 Loaded shared library C:\Program Files\Java\jdk-15.0.1\bin\awt.dll
Event: 0.256 loading class java/awt/Toolkit$1
Event: 0.256 loading class java/awt/Toolkit$1 done
Event: 0.257 Executing VM operation: CollectForMetadataAllocation


Dynamic libraries:
0x00007ff60c160000 - 0x00007ff60c16f000 	C:\Program Files\Java\jdk-15.0.1\bin\java.exe
0x00007ffbf9bb0000 - 0x00007ffbf9da5000 	C:\WINDOWS\SYSTEM32\ntdll.dll
0x00007ffbf9900000 - 0x00007ffbf99bd000 	C:\WINDOWS\System32\KERNEL32.DLL
0x00007ffbf73e0000 - 0x00007ffbf76a9000 	C:\WINDOWS\System32\KERNELBASE.dll
0x00007ffbf79a0000 - 0x00007ffbf7aa0000 	C:\WINDOWS\System32\ucrtbase.dll
0x00007ffbe1840000 - 0x00007ffbe1859000 	C:\Program Files\Java\jdk-15.0.1\bin\VCRUNTIME140.dll
0x00007ffbe16b0000 - 0x00007ffbe16c8000 	C:\Program Files\Java\jdk-15.0.1\bin\jli.dll
0x00007ffbf8170000 - 0x00007ffbf821c000 	C:\WINDOWS\System32\ADVAPI32.dll
0x00007ffbf8260000 - 0x00007ffbf82fe000 	C:\WINDOWS\System32\msvcrt.dll
0x00007ffbf8d50000 - 0x00007ffbf8dec000 	C:\WINDOWS\System32\sechost.dll
0x00007ffbf9000000 - 0x00007ffbf912b000 	C:\WINDOWS\System32\RPCRT4.dll
0x00007ffbf96e0000 - 0x00007ffbf9880000 	C:\WINDOWS\System32\USER32.dll
0x00007ffbf77e0000 - 0x00007ffbf7802000 	C:\WINDOWS\System32\win32u.dll
0x00007ffbf1d20000 - 0x00007ffbf1fba000 	C:\WINDOWS\WinSxS\amd64_microsoft.windows.common-controls_6595b64144ccf1df_6.0.19041.844_none_ca00b6081b84eb1d\COMCTL32.dll
0x00007ffbf8220000 - 0x00007ffbf824a000 	C:\WINDOWS\System32\GDI32.dll
0x00007ffbf7aa0000 - 0x00007ffbf7bab000 	C:\WINDOWS\System32\gdi32full.dll
0x00007ffbf7340000 - 0x00007ffbf73dd000 	C:\WINDOWS\System32\msvcp_win.dll
0x00007ffbedeb0000 - 0x00007ffbedeba000 	C:\WINDOWS\SYSTEM32\VERSION.dll
0x00007ffbf8ab0000 - 0x00007ffbf8ae0000 	C:\WINDOWS\System32\IMM32.DLL
0x00007ffbf2090000 - 0x00007ffbf209c000 	C:\Program Files\Java\jdk-15.0.1\bin\vcruntime140_1.dll
0x00007ffbe16d0000 - 0x00007ffbe1761000 	C:\Program Files\Java\jdk-15.0.1\bin\msvcp140.dll
0x00007ffb9dd80000 - 0x00007ffb9e8de000 	C:\Program Files\Java\jdk-15.0.1\bin\server\jvm.dll
0x00007ffbf91a0000 - 0x00007ffbf91a8000 	C:\WINDOWS\System32\PSAPI.DLL
0x00007ffbf20c0000 - 0x00007ffbf20c9000 	C:\WINDOWS\SYSTEM32\WSOCK32.dll
0x00007ffbdea70000 - 0x00007ffbdea97000 	C:\WINDOWS\SYSTEM32\WINMM.dll
0x00007ffbf9130000 - 0x00007ffbf919b000 	C:\WINDOWS\System32\WS2_32.dll
0x00007ffbf5eb0000 - 0x00007ffbf5ec2000 	C:\WINDOWS\SYSTEM32\kernel.appcore.dll
0x00007ffbf1c70000 - 0x00007ffbf1c7a000 	C:\Program Files\Java\jdk-15.0.1\bin\jimage.dll
0x00007ffbf58f0000 - 0x00007ffbf5ad4000 	C:\WINDOWS\SYSTEM32\DBGHELP.DLL
0x00007ffbdf740000 - 0x00007ffbdf76c000 	C:\WINDOWS\SYSTEM32\dbgcore.DLL
0x00007ffbf76b0000 - 0x00007ffbf7730000 	C:\WINDOWS\System32\bcryptPrimitives.dll
0x00007ffbe17d0000 - 0x00007ffbe17f5000 	C:\Program Files\Java\jdk-15.0.1\bin\java.dll
0x00007ffbf8360000 - 0x00007ffbf8aa2000 	C:\WINDOWS\System32\SHELL32.dll
0x00007ffbf5090000 - 0x00007ffbf5820000 	C:\WINDOWS\SYSTEM32\windows.storage.dll
0x00007ffbf7cc0000 - 0x00007ffbf8015000 	C:\WINDOWS\System32\combase.dll
0x00007ffbf6c90000 - 0x00007ffbf6cbc000 	C:\WINDOWS\SYSTEM32\Wldp.dll
0x00007ffbf7c10000 - 0x00007ffbf7cbe000 	C:\WINDOWS\System32\SHCORE.dll
0x00007ffbf8300000 - 0x00007ffbf8355000 	C:\WINDOWS\System32\shlwapi.dll
0x00007ffbf7230000 - 0x00007ffbf724f000 	C:\WINDOWS\SYSTEM32\profapi.dll
0x00007ffbb2220000 - 0x00007ffbb23a0000 	C:\Program Files\Java\jdk-15.0.1\bin\awt.dll
0x00007ffbf80a0000 - 0x00007ffbf816d000 	C:\WINDOWS\System32\OLEAUT32.dll
0x00007ffbf44f0000 - 0x00007ffbf4580000 	C:\WINDOWS\SYSTEM32\apphelp.dll

dbghelp: loaded successfully - version: 4.0.5 - missing functions: none
symbol engine: initialized successfully - sym options: 0x614 - pdb path: .;C:\Program Files\Java\jdk-15.0.1\bin;C:\WINDOWS\SYSTEM32;C:\WINDOWS\WinSxS\amd64_microsoft.windows.common-controls_6595b64144ccf1df_6.0.19041.844_none_ca00b6081b84eb1d;C:\Program Files\Java\jdk-15.0.1\bin\server

VM Arguments:
jvm_args: -Dfile.encoding=UTF-8 
java_command: travel.management.system.Signup
java_class_path (initial): C:\Users\Shri\Documents\NetBeansProjects\Travel Management System\build\classes
Launcher Type: SUN_STANDARD

[Global flags]
     intx CICompilerCount                          = 3                                         {product} {ergonomic}
     uint ConcGCThreads                            = 1                                         {product} {ergonomic}
     uint G1ConcRefinementThreads                  = 4                                         {product} {ergonomic}
   size_t G1HeapRegionSize                         = 1048576                                   {product} {ergonomic}
    uintx GCDrainStackTargetSize                   = 64                                        {product} {ergonomic}
   size_t InitialHeapSize                          = 67108864                                  {product} {ergonomic}
   size_t MarkStackSize                            = 4194304                                   {product} {ergonomic}
   size_t MaxHeapSize                              = 1052770304                                {product} {ergonomic}
   size_t MaxNewSize                               = 631242752                                 {product} {ergonomic}
   size_t MinHeapDeltaBytes                        = 1048576                                   {product} {ergonomic}
   size_t MinHeapSize                              = 8388608                                   {product} {ergonomic}
    uintx NonNMethodCodeHeapSize                   = 5832780                                {pd product} {ergonomic}
    uintx NonProfiledCodeHeapSize                  = 122912730                              {pd product} {ergonomic}
    uintx ProfiledCodeHeapSize                     = 122912730                              {pd product} {ergonomic}
    uintx ReservedCodeCacheSize                    = 251658240                              {pd product} {ergonomic}
     bool SegmentedCodeCache                       = true                                      {product} {ergonomic}
   size_t SoftMaxHeapSize                          = 1052770304                             {manageable} {ergonomic}
     bool UseCompressedClassPointers               = true                                 {lp64_product} {ergonomic}
     bool UseCompressedOops                        = true                                 {lp64_product} {ergonomic}
     bool UseG1GC                                  = true                                      {product} {ergonomic}
     bool UseLargePagesIndividualAllocation        = false                                  {pd product} {ergonomic}

Logging:
Log output configuration:
 #0: stdout all=warning uptime,level,tags
 #1: stderr all=off uptime,level,tags

Environment Variables:
PATH=C:\Program Files\Common Files\Oracle\Java\javapath;C:\WINDOWS\system32;C:\WINDOWS;C:\WINDOWS\System32\Wbem;C:\WINDOWS\System32\WindowsPowerShell\v1.0\;C:\WINDOWS\System32\OpenSSH\;C:\Program Files\Java\jdk-15.0.1\bin;C:\Program Files\MySQL\MySQL Shell 8.0\bin\;C:\Users\Shri\AppData\Local\Microsoft\WindowsApps;
USERNAME=Shri
OS=Windows_NT
PROCESSOR_IDENTIFIER=Intel64 Family 6 Model 142 Stepping 10, GenuineIntel



---------------  S Y S T E M  ---------------

OS:
 Windows 10 , 64 bit Build 19041 (10.0.19041.804)
OS uptime: 3 days 13:33 hours

CPU: total 4 (initial active 4) (2 cores per cpu, 2 threads per core) family 6 model 142 stepping 10 microcode 0xe0, cmov, cx8, fxsr, mmx, sse, sse2, sse3, ssse3, sse4.1, sse4.2, popcnt, vzeroupper, avx, avx2, aes, clmul, erms, 3dnowpref, lzcnt, ht, tsc, tscinvbit, bmi1, bmi2, adx, fma, clflush, clflushopt

Memory: 4k page, system-wide physical 4011M (385M free)
TotalPageFile size 16299M (AvailPageFile size 0M)
current process WorkingSet (physical memory assigned to process): 31M, peak: 31M
current process commit charge ("private bytes"): 135M, peak: 136M

vm_info: Java HotSpot(TM) 64-Bit Server VM (15.0.1+9-18) for windows-amd64 JRE (15.0.1+9-18), built on Sep 15 2020 14:43:54 by "mach5one" with unknown MS VC++:1925

END.
