#
# There is insufficient memory for the Java Runtime Environment to continue.
# Native memory allocation (mmap) failed to map 4194304 bytes for G1 virtual space
# Possible reasons:
#   The system is out of physical RAM or swap space
#   The process is running with CompressedOops enabled, and the Java Heap may be blocking the growth of the native heap
# Possible solutions:
#   Reduce memory load on the system
#   Increase physical memory or swap space
#   Check if swap backing store is full
#   Decrease Java heap size (-Xmx/-Xms)
#   Decrease number of Java threads
#   Decrease Java thread stack sizes (-Xss)
#   Set larger code cache with -XX:ReservedCodeCacheSize=
#   JVM is running with Unscaled Compressed Oops mode in which the Java heap is
#     placed in the first 4GB address space. The Java Heap base address is the
#     maximum limit for the native heap growth. Please use -XX:HeapBaseMinAddress
#     to set the Java Heap base and to place the Java Heap above 4GB virtual address.
# This output file may be truncated or incomplete.
#
#  Out of Memory Error (./open/src/hotspot/os/windows/os_windows.cpp:3472), pid=17104, tid=11520
#
# JRE version: Java(TM) SE Runtime Environment (15.0.1+9) (build 15.0.1+9-18)
# Java VM: Java HotSpot(TM) 64-Bit Server VM (15.0.1+9-18, mixed mode, sharing, tiered, compressed oops, g1 gc, windows-amd64)
# No core dump will be written. Minidumps are not enabled by default on client versions of Windows
#

---------------  S U M M A R Y ------------

Command Line: -Dapplication.home=C:\Program Files\Java\jdk-15.0.1 --add-modules=ALL-DEFAULT -Xms8m -Djdk.module.main=jdk.compiler jdk.compiler/com.sun.tools.javac.Main -d C:\Users\Shri\Documents\NetBeansProjects\Travel Management System\build\classes -classpath C:\Users\Shri\Documents\NetBeansProjects\Travel Management System\build\classes -sourcepath C:\Users\Shri\Documents\NetBeansProjects\Travel Management System\src -target 15 -encoding UTF-8 -g -processorpath C:\Users\Shri\Documents\NetBeansProjects\Travel Management System\build\empty -s C:\Users\Shri\Documents\NetBeansProjects\Travel Management System\build\generated-sources\ap-source-output -source 15 C:\Users\Shri\Documents\NetBeansProjects\Travel Management System\src\travel\management\system\Login.java

Host: Intel(R) Core(TM) i3-7020U CPU @ 2.30GHz, 4 cores, 3G,  Windows 10 , 64 bit Build 19041 (10.0.19041.804)
Time: Sat Mar 20 23:48:51 2021 India Standard Time elapsed time: 1.514083 seconds (0d 0h 0m 1s)

---------------  T H R E A D  ---------------

Current thread (0x0000024304e7c420):  VMThread "VM Thread" [stack: 0x0000009afbe00000,0x0000009afbf00000] [id=11520]

Stack: [0x0000009afbe00000,0x0000009afbf00000]
[error occurred during error reporting (printing stack bounds), id 0xc0000005, EXCEPTION_ACCESS_VIOLATION (0xc0000005) at pc=0x000002430cff10ad]

Native frames: (J=compiled Java code, j=interpreted, Vv=VM code, C=native code)
V  [jvm.dll+0x62ae9a]
V  [jvm.dll+0x781389]
V  [jvm.dll+0x782ae3]
V  [jvm.dll+0x7830a5]
V  [jvm.dll+0x78305b]
V  [jvm.dll+0x62a2b9]
V  [jvm.dll+0x62aa88]
C  [ntdll.dll+0xa1f6f]
C  [ntdll.dll+0x51454]
C  [ntdll.dll+0xa0a9e]
C  0x000002430cff10ad

VM_Operation (0x0000009afb8fcf80): G1CollectForAllocation, mode: safepoint, requested by thread 0x0000024304dc18a0


---------------  P R O C E S S  ---------------

Threads class SMR info:
_java_thread_list=0x00000243212fc160, length=11, elements={
0x0000024304dc18a0, 0x0000024304e7f440, 0x0000024304e807b0, 0x00000243210dd1d0,
0x00000243210dfb90, 0x00000243210e0ce0, 0x00000243210e3220, 0x00000243210ea180,
0x00000243210ee630, 0x00000243210ccb70, 0x00000243213522e0
}

Java Threads: ( => current thread )
  0x0000024304dc18a0 JavaThread "main" [_thread_blocked, id=14440, stack(0x0000009afb800000,0x0000009afb900000)]
  0x0000024304e7f440 JavaThread "Reference Handler" daemon [_thread_blocked, id=13904, stack(0x0000009afbf00000,0x0000009afc000000)]
  0x0000024304e807b0 JavaThread "Finalizer" daemon [_thread_blocked, id=20208, stack(0x0000009afc000000,0x0000009afc100000)]
  0x00000243210dd1d0 JavaThread "Signal Dispatcher" daemon [_thread_blocked, id=17940, stack(0x0000009afc100000,0x0000009afc200000)]
  0x00000243210dfb90 JavaThread "Attach Listener" daemon [_thread_blocked, id=1584, stack(0x0000009afc200000,0x0000009afc300000)]
  0x00000243210e0ce0 JavaThread "Service Thread" daemon [_thread_blocked, id=20444, stack(0x0000009afc300000,0x0000009afc400000)]
  0x00000243210e3220 JavaThread "C2 CompilerThread0" daemon [_thread_blocked, id=13932, stack(0x0000009afc400000,0x0000009afc500000)]
  0x00000243210ea180 JavaThread "C1 CompilerThread0" daemon [_thread_blocked, id=8840, stack(0x0000009afc500000,0x0000009afc600000)]
  0x00000243210ee630 JavaThread "Sweeper thread" daemon [_thread_blocked, id=15936, stack(0x0000009afc600000,0x0000009afc700000)]
  0x00000243210ccb70 JavaThread "Common-Cleaner" daemon [_thread_blocked, id=7136, stack(0x0000009afc700000,0x0000009afc800000)]
  0x00000243213522e0 JavaThread "Notification Thread" daemon [_thread_blocked, id=16268, stack(0x0000009afc800000,0x0000009afc900000)]

Other Threads:
=>0x0000024304e7c420 VMThread "VM Thread" [stack: 0x0000009afbe00000,0x0000009afbf00000] [id=11520]
  0x00000243213585f0 WatcherThread [stack: 0x0000009afc900000,0x0000009afca00000] [id=9876]
  0x0000024304def450 GCTaskThread "GC Thread#0" [stack: 0x0000009afb900000,0x0000009afba00000] [id=16276]
  0x0000024321361c60 GCTaskThread "GC Thread#1" [stack: 0x0000009afca00000,0x0000009afcb00000] [id=7516]
  0x0000024304df84a0 ConcurrentGCThread "G1 Main Marker" [stack: 0x0000009afba00000,0x0000009afbb00000] [id=16016]
  0x0000024304dfa0a0 ConcurrentGCThread "G1 Conc#0" [stack: 0x0000009afbb00000,0x0000009afbc00000] [id=18988]
  0x0000024304e14e50 ConcurrentGCThread "G1 Refine#0" [stack: 0x0000009afbc00000,0x0000009afbd00000] [id=13164]
  0x0000024304e167a0 ConcurrentGCThread "G1 Young RemSet Sampling" [stack: 0x0000009afbd00000,0x0000009afbe00000] [id=16400]

Threads with active compile tasks:
C2 CompilerThread0     2031 1084       4       java.util.regex.Pattern::compile (500 bytes)
C1 CompilerThread0     2031 1159       3       com.sun.tools.javac.jvm.ClassReader::setParameters (329 bytes)

VM state: at safepoint (normal execution)

VM Mutex/Monitor currently owned by a thread:  ([mutex/lock_event])
[0x0000024304dbbca0] Threads_lock - owner thread: 0x0000024304e7c420
[0x0000024304dbca20] Heap_lock - owner thread: 0x0000024304dc18a0

Heap address: 0x00000000c1400000, size: 1004 MB, Compressed Oops mode: 32-bit
CDS archive(s) mapped at: [0x0000000800000000-0x0000000800b50000-0x0000000800b50000), size 11862016, SharedBaseAddress: 0x0000000800000000, ArchiveRelocationMode: 0.
Compressed class space mapped at: 0x0000000800b50000-0x0000000840b50000, size: 1073741824
Narrow klass base: 0x0000000800000000, Narrow klass shift: 3, Narrow klass range: 0x100000000

GC Precious Log:
 CPUs: 4 total, 4 available
 Memory: 4011M
 Large Page Support: Disabled
 NUMA Support: Disabled
 Compressed Oops: Enabled (32-bit)
 Heap Region Size: 1M
 Heap Min Capacity: 8M
 Heap Initial Capacity: 8M
 Heap Max Capacity: 1004M
 Pre-touch: Disabled
 Parallel Workers: 4
 Concurrent Workers: 1
 Concurrent Refinement Workers: 4
 Periodic GC: Disabled

Heap:
 garbage-first heap   total 17408K, used 6641K [0x00000000c1400000, 0x0000000100000000)
  region size 1024K, 1 young (1024K), 1 survivors (1024K)
 Metaspace       used 8605K, capacity 11335K, committed 11520K, reserved 1058816K
  class space    used 991K, capacity 1265K, committed 1280K, reserved 1048576K

Heap Regions: E=young(eden), S=young(survivor), O=old, HS=humongous(starts), HC=humongous(continues), CS=collection set, F=free, OA=open archive, CA=closed archive, TAMS=top-at-mark-start (previous, next)
|   0|0x00000000c1400000, 0x00000000c1500000, 0x00000000c1500000|100%| O|  |TAMS 0x00000000c1400000, 0x00000000c1400000| Untracked 
|   1|0x00000000c1500000, 0x00000000c1600000, 0x00000000c1600000|100%| O|  |TAMS 0x00000000c1500000, 0x00000000c1500000| Untracked 
|   2|0x00000000c1600000, 0x00000000c1700000, 0x00000000c1700000|100%| O|  |TAMS 0x00000000c1600000, 0x00000000c1600000| Untracked 
|   3|0x00000000c1700000, 0x00000000c1800000, 0x00000000c1800000|100%| O|  |TAMS 0x00000000c1700000, 0x00000000c1700000| Untracked 
|   4|0x00000000c1800000, 0x00000000c1900000, 0x00000000c1900000|100%| O|  |TAMS 0x00000000c1800000, 0x00000000c1800000| Untracked 
|   5|0x00000000c1900000, 0x00000000c197c600, 0x00000000c1a00000| 48%| O|  |TAMS 0x00000000c1900000, 0x00000000c1900000| Untracked 
|   6|0x00000000c1a00000, 0x00000000c1a00000, 0x00000000c1b00000|  0%| F|  |TAMS 0x00000000c1a00000, 0x00000000c1a00000| Untracked 
|   7|0x00000000c1b00000, 0x00000000c1b00000, 0x00000000c1c00000|  0%| F|  |TAMS 0x00000000c1b00000, 0x00000000c1b00000| Untracked 
|   8|0x00000000c1c00000, 0x00000000c1c00000, 0x00000000c1d00000|  0%| F|  |TAMS 0x00000000c1c00000, 0x00000000c1c00000| Untracked 
|   9|0x00000000c1d00000, 0x00000000c1e00000, 0x00000000c1e00000|100%| S|CS|TAMS 0x00000000c1d00000, 0x00000000c1d00000| Complete 
|  10|0x00000000c1e00000, 0x00000000c1e00000, 0x00000000c1f00000|  0%| F|  |TAMS 0x00000000c1e00000, 0x00000000c1e00000| Untracked 
|  11|0x00000000c1f00000, 0x00000000c1f00000, 0x00000000c2000000|  0%| F|  |TAMS 0x00000000c1f00000, 0x00000000c1f00000| Untracked 
|  12|0x00000000c2000000, 0x00000000c2000000, 0x00000000c2100000|  0%| F|  |TAMS 0x00000000c2000000, 0x00000000c2000000| Untracked 

Card table byte_map: [0x000002431bff0000,0x000002431c1f0000] _byte_map_base: 0x000002431b9e6000

Marking Bits (Prev, Next): (CMBitMap*) 0x0000024304defcc0, (CMBitMap*) 0x0000024304defd00
 Prev Bits: [0x000002431c3f0000, 0x000002431d3a0000)
 Next Bits: [0x000002431d3a0000, 0x000002431e350000)

Polling page: 0x0000024302b60000

Metaspace:

Usage:
  Non-class:      9.83 MB capacity,     7.44 MB ( 76%) used,     2.39 MB ( 24%) free+waste,    10.25 KB ( <1%) overhead. 
      Class:      1.24 MB capacity,   991.38 KB ( 78%) used,   269.38 KB ( 21%) free+waste,     4.25 KB ( <1%) overhead. 
       Both:     11.07 MB capacity,     8.40 MB ( 76%) used,     2.65 MB ( 24%) free+waste,    14.50 KB ( <1%) overhead. 

Virtual space:
  Non-class space:       10.00 MB reserved,      10.00 MB (100%) committed 
      Class space:        1.00 GB reserved,       1.25 MB ( <1%) committed 
             Both:        1.01 GB reserved,      11.25 MB (  1%) committed 

Chunk freelists:
   Non-Class:  42.00 KB
       Class:  15.00 KB
        Both:  57.00 KB

MaxMetaspaceSize: 17179869184.00 GB
CompressedClassSpaceSize: 1.00 GB

CodeHeap 'non-profiled nmethods': size=120000Kb used=350Kb max_used=350Kb free=119649Kb
 bounds [0x0000024314ac0000, 0x0000024314d30000, 0x000002431bff0000]
CodeHeap 'profiled nmethods': size=120000Kb used=2035Kb max_used=2035Kb free=117964Kb
 bounds [0x000002430d590000, 0x000002430d800000, 0x0000024314ac0000]
CodeHeap 'non-nmethods': size=5760Kb used=1140Kb max_used=1165Kb free=4619Kb
 bounds [0x000002430cff0000, 0x000002430d260000, 0x000002430d590000]
 total_blobs=1537 nmethods=1148 adapters=302
 compilation: enabled
              stopped_count=0, restarted_count=0
 full_count=0

Compilation events (20 events):
Event: 1.379 Thread 0x00000243210ea180 nmethod 1145 0x000002430d781590 code [0x000002430d781740, 0x000002430d781888]
Event: 1.379 Thread 0x00000243210ea180 1146       3       com.sun.tools.javac.code.Symbol$MethodSymbol::<init> (84 bytes)
Event: 1.381 Thread 0x00000243210ea180 nmethod 1146 0x000002430d781910 code [0x000002430d781c40, 0x000002430d782f58]
Event: 1.381 Thread 0x00000243210ea180 1147       3       com.sun.tools.javac.util.Assert::checkNull (8 bytes)
Event: 1.381 Thread 0x00000243210ea180 nmethod 1147 0x000002430d783510 code [0x000002430d7836c0, 0x000002430d783908]
Event: 1.381 Thread 0x00000243210ea180 1148       3       com.sun.tools.javac.jvm.Code::width (42 bytes)
Event: 1.381 Thread 0x00000243210ea180 nmethod 1148 0x000002430d783a10 code [0x000002430d783ba0, 0x000002430d783d38]
Event: 1.381 Thread 0x00000243210ea180 1141       3       com.sun.tools.javac.jvm.ClassReader::optPoolEntry (16 bytes)
Event: 1.381 Thread 0x00000243210ea180 nmethod 1141 0x000002430d783e10 code [0x000002430d783fc0, 0x000002430d7841e8]
Event: 1.381 Thread 0x00000243210ea180 1149       3       com.sun.tools.javac.jvm.ClassReader::parameter (181 bytes)
Event: 1.383 Thread 0x00000243210ea180 nmethod 1149 0x000002430d784310 code [0x000002430d784680, 0x000002430d785bb8]
Event: 1.383 Thread 0x00000243210ea180 1152       3       com.sun.tools.javac.code.Symtab$$Lambda$136/0x0000000800c82950::apply (8 bytes)
Event: 1.383 Thread 0x00000243210ea180 nmethod 1152 0x000002430d786310 code [0x000002430d7864c0, 0x000002430d7866d8]
Event: 1.383 Thread 0x00000243210ea180 1153       3       com.sun.tools.javac.code.Symtab$$Lambda$137/0x0000000800c82b88::test (12 bytes)
Event: 1.384 Thread 0x00000243210ea180 nmethod 1153 0x000002430d786810 code [0x000002430d7869c0, 0x000002430d786c98]
Event: 1.384 Thread 0x00000243210ea180 1154       3       com.sun.tools.javac.code.Symtab::lambda$lookupPackage$2 (14 bytes)
Event: 1.384 Thread 0x00000243210ea180 nmethod 1154 0x000002430d786d90 code [0x000002430d786f20, 0x000002430d787078]
Event: 1.384 Thread 0x00000243210ea180 1155   !   3       com.sun.tools.javac.jvm.ClassReader::readMethod (468 bytes)
Event: 1.390 Thread 0x00000243210ea180 nmethod 1155 0x000002430d787110 code [0x000002430d787720, 0x000002430d78b9e8]
Event: 1.390 Thread 0x00000243210ea180 1159       3       com.sun.tools.javac.jvm.ClassReader::setParameters (329 bytes)

GC Heap History (20 events):
Event: 0.551 GC heap after
{Heap after GC invocations=3 (full 0):
 garbage-first heap   total 8192K, used 1958K [0x00000000c1400000, 0x0000000100000000)
  region size 1024K, 1 young (1024K), 1 survivors (1024K)
 Metaspace       used 5835K, capacity 9411K, committed 9600K, reserved 1058816K
  class space    used 697K, capacity 1029K, committed 1152K, reserved 1048576K
}
Event: 0.628 GC heap before
{Heap before GC invocations=3 (full 0):
 garbage-first heap   total 8192K, used 2982K [0x00000000c1400000, 0x0000000100000000)
  region size 1024K, 2 young (2048K), 1 survivors (1024K)
 Metaspace       used 7248K, capacity 10438K, committed 10752K, reserved 1058816K
  class space    used 874K, capacity 1158K, committed 1280K, reserved 1048576K
}
Event: 0.631 GC heap after
{Heap after GC invocations=4 (full 0):
 garbage-first heap   total 8192K, used 2348K [0x00000000c1400000, 0x0000000100000000)
  region size 1024K, 1 young (1024K), 1 survivors (1024K)
 Metaspace       used 7248K, capacity 10438K, committed 10752K, reserved 1058816K
  class space    used 874K, capacity 1158K, committed 1280K, reserved 1048576K
}
Event: 0.758 GC heap before
{Heap before GC invocations=4 (full 0):
 garbage-first heap   total 8192K, used 3372K [0x00000000c1400000, 0x0000000100000000)
  region size 1024K, 2 young (2048K), 1 survivors (1024K)
 Metaspace       used 7858K, capacity 10857K, committed 11008K, reserved 1058816K
  class space    used 914K, capacity 1191K, committed 1280K, reserved 1048576K
}
Event: 0.761 GC heap after
{Heap after GC invocations=5 (full 0):
 garbage-first heap   total 10240K, used 2568K [0x00000000c1400000, 0x0000000100000000)
  region size 1024K, 1 young (1024K), 1 survivors (1024K)
 Metaspace       used 7858K, capacity 10857K, committed 11008K, reserved 1058816K
  class space    used 914K, capacity 1191K, committed 1280K, reserved 1048576K
}
Event: 0.910 GC heap before
{Heap before GC invocations=5 (full 0):
 garbage-first heap   total 10240K, used 4616K [0x00000000c1400000, 0x0000000100000000)
  region size 1024K, 3 young (3072K), 1 survivors (1024K)
 Metaspace       used 8194K, capacity 11099K, committed 11264K, reserved 1058816K
  class space    used 961K, capacity 1229K, committed 1280K, reserved 1048576K
}
Event: 0.915 GC heap after
{Heap after GC invocations=6 (full 0):
 garbage-first heap   total 10240K, used 3355K [0x00000000c1400000, 0x0000000100000000)
  region size 1024K, 1 young (1024K), 1 survivors (1024K)
 Metaspace       used 8194K, capacity 11099K, committed 11264K, reserved 1058816K
  class space    used 961K, capacity 1229K, committed 1280K, reserved 1048576K
}
Event: 0.943 GC heap before
{Heap before GC invocations=6 (full 0):
 garbage-first heap   total 10240K, used 5403K [0x00000000c1400000, 0x0000000100000000)
  region size 1024K, 3 young (3072K), 1 survivors (1024K)
 Metaspace       used 8225K, capacity 11099K, committed 11264K, reserved 1058816K
  class space    used 961K, capacity 1229K, committed 1280K, reserved 1048576K
}
Event: 0.948 GC heap after
{Heap after GC invocations=7 (full 0):
 garbage-first heap   total 10240K, used 3718K [0x00000000c1400000, 0x0000000100000000)
  region size 1024K, 1 young (1024K), 1 survivors (1024K)
 Metaspace       used 8225K, capacity 11099K, committed 11264K, reserved 1058816K
  class space    used 961K, capacity 1229K, committed 1280K, reserved 1048576K
}
Event: 1.029 GC heap before
{Heap before GC invocations=7 (full 0):
 garbage-first heap   total 10240K, used 4742K [0x00000000c1400000, 0x0000000100000000)
  region size 1024K, 2 young (2048K), 1 survivors (1024K)
 Metaspace       used 8325K, capacity 11102K, committed 11264K, reserved 1058816K
  class space    used 967K, capacity 1230K, committed 1280K, reserved 1048576K
}
Event: 1.031 GC heap after
{Heap after GC invocations=8 (full 0):
 garbage-first heap   total 10240K, used 3792K [0x00000000c1400000, 0x0000000100000000)
  region size 1024K, 1 young (1024K), 1 survivors (1024K)
 Metaspace       used 8325K, capacity 11102K, committed 11264K, reserved 1058816K
  class space    used 967K, capacity 1230K, committed 1280K, reserved 1048576K
}
Event: 1.088 GC heap before
{Heap before GC invocations=8 (full 0):
 garbage-first heap   total 10240K, used 5840K [0x00000000c1400000, 0x0000000100000000)
  region size 1024K, 3 young (3072K), 1 survivors (1024K)
 Metaspace       used 8350K, capacity 11102K, committed 11264K, reserved 1058816K
  class space    used 968K, capacity 1230K, committed 1280K, reserved 1048576K
}
Event: 1.090 GC heap after
{Heap after GC invocations=9 (full 0):
 garbage-first heap   total 13312K, used 4040K [0x00000000c1400000, 0x0000000100000000)
  region size 1024K, 1 young (1024K), 1 survivors (1024K)
 Metaspace       used 8350K, capacity 11102K, committed 11264K, reserved 1058816K
  class space    used 968K, capacity 1230K, committed 1280K, reserved 1048576K
}
Event: 1.275 GC heap before
{Heap before GC invocations=9 (full 0):
 garbage-first heap   total 13312K, used 7112K [0x00000000c1400000, 0x0000000100000000)
  region size 1024K, 4 young (4096K), 1 survivors (1024K)
 Metaspace       used 8486K, capacity 11233K, committed 11520K, reserved 1058816K
  class space    used 980K, capacity 1231K, committed 1280K, reserved 1048576K
}
Event: 1.278 GC heap after
{Heap after GC invocations=10 (full 0):
 garbage-first heap   total 13312K, used 4518K [0x00000000c1400000, 0x0000000100000000)
  region size 1024K, 1 young (1024K), 1 survivors (1024K)
 Metaspace       used 8486K, capacity 11233K, committed 11520K, reserved 1058816K
  class space    used 980K, capacity 1231K, committed 1280K, reserved 1048576K
}
Event: 1.317 GC heap before
{Heap before GC invocations=10 (full 0):
 garbage-first heap   total 13312K, used 7590K [0x00000000c1400000, 0x0000000100000000)
  region size 1024K, 4 young (4096K), 1 survivors (1024K)
 Metaspace       used 8486K, capacity 11233K, committed 11520K, reserved 1058816K
  class space    used 980K, capacity 1231K, committed 1280K, reserved 1048576K
}
Event: 1.321 GC heap after
{Heap after GC invocations=11 (full 0):
 garbage-first heap   total 13312K, used 4951K [0x00000000c1400000, 0x0000000100000000)
  region size 1024K, 1 young (1024K), 1 survivors (1024K)
 Metaspace       used 8486K, capacity 11233K, committed 11520K, reserved 1058816K
  class space    used 980K, capacity 1231K, committed 1280K, reserved 1048576K
}
Event: 1.357 GC heap before
{Heap before GC invocations=11 (full 0):
 garbage-first heap   total 13312K, used 6999K [0x00000000c1400000, 0x0000000100000000)
  region size 1024K, 3 young (3072K), 1 survivors (1024K)
 Metaspace       used 8562K, capacity 11335K, committed 11520K, reserved 1058816K
  class space    used 990K, capacity 1265K, committed 1280K, reserved 1048576K
}
Event: 1.361 GC heap after
{Heap after GC invocations=12 (full 0):
 garbage-first heap   total 13312K, used 5369K [0x00000000c1400000, 0x0000000100000000)
  region size 1024K, 1 young (1024K), 1 survivors (1024K)
 Metaspace       used 8562K, capacity 11335K, committed 11520K, reserved 1058816K
  class space    used 990K, capacity 1265K, committed 1280K, reserved 1048576K
}
Event: 1.391 GC heap before
{Heap before GC invocations=12 (full 0):
 garbage-first heap   total 13312K, used 7417K [0x00000000c1400000, 0x0000000100000000)
  region size 1024K, 3 young (3072K), 1 survivors (1024K)
 Metaspace       used 8605K, capacity 11335K, committed 11520K, reserved 1058816K
  class space    used 991K, capacity 1265K, committed 1280K, reserved 1048576K
}

Deoptimization events (20 events):
Event: 1.012 Thread 0x0000024304dc18a0 Uncommon trap: trap_request=0xffffffbe fr.pc=0x0000024314b05b84 relative=0x00000000000008a4
Event: 1.012 Thread 0x0000024304dc18a0 Uncommon trap: reason=profile_predicate action=maybe_recompile pc=0x0000024314b05b84 method=jdk.internal.jimage.ImageStringsReader.charsFromByteBuffer([CLjava/nio/ByteBuffer;)V @ 6 c2
Event: 1.012 Thread 0x0000024304dc18a0 DEOPT PACKING pc=0x0000024314b05b84 sp=0x0000009afb8fa2d0
Event: 1.013 Thread 0x0000024304dc18a0 DEOPT UNPACKING pc=0x000002430d03e42f sp=0x0000009afb8fa1a8 mode 2
Event: 1.013 Thread 0x0000024304dc18a0 Uncommon trap: trap_request=0xffffffbe fr.pc=0x0000024314b05b84 relative=0x00000000000008a4
Event: 1.013 Thread 0x0000024304dc18a0 Uncommon trap: reason=profile_predicate action=maybe_recompile pc=0x0000024314b05b84 method=jdk.internal.jimage.ImageStringsReader.charsFromByteBuffer([CLjava/nio/ByteBuffer;)V @ 6 c2
Event: 1.013 Thread 0x0000024304dc18a0 DEOPT PACKING pc=0x0000024314b05b84 sp=0x0000009afb8fa2d0
Event: 1.013 Thread 0x0000024304dc18a0 DEOPT UNPACKING pc=0x000002430d03e42f sp=0x0000009afb8fa1a8 mode 2
Event: 1.013 Thread 0x0000024304dc18a0 Uncommon trap: trap_request=0xffffffbe fr.pc=0x0000024314b05b84 relative=0x00000000000008a4
Event: 1.013 Thread 0x0000024304dc18a0 Uncommon trap: reason=profile_predicate action=maybe_recompile pc=0x0000024314b05b84 method=jdk.internal.jimage.ImageStringsReader.charsFromByteBuffer([CLjava/nio/ByteBuffer;)V @ 6 c2
Event: 1.013 Thread 0x0000024304dc18a0 DEOPT PACKING pc=0x0000024314b05b84 sp=0x0000009afb8fa2d0
Event: 1.013 Thread 0x0000024304dc18a0 DEOPT UNPACKING pc=0x000002430d03e42f sp=0x0000009afb8fa1a8 mode 2
Event: 1.013 Thread 0x0000024304dc18a0 Uncommon trap: trap_request=0xffffffbe fr.pc=0x0000024314b07000 relative=0x0000000000000840
Event: 1.013 Thread 0x0000024304dc18a0 Uncommon trap: reason=profile_predicate action=maybe_recompile pc=0x0000024314b07000 method=jdk.internal.jimage.ImageStringsReader.charsFromByteBuffer([CLjava/nio/ByteBuffer;)V @ 6 c2
Event: 1.013 Thread 0x0000024304dc18a0 DEOPT PACKING pc=0x0000024314b07000 sp=0x0000009afb8fa350
Event: 1.013 Thread 0x0000024304dc18a0 DEOPT UNPACKING pc=0x000002430d03e42f sp=0x0000009afb8fa2a0 mode 2
Event: 1.173 Thread 0x0000024304dc18a0 Uncommon trap: trap_request=0xffffff45 fr.pc=0x0000024314afaedc relative=0x000000000000005c
Event: 1.173 Thread 0x0000024304dc18a0 Uncommon trap: reason=unstable_if action=reinterpret pc=0x0000024314afaedc method=com.sun.tools.javac.jvm.PoolReader.sizeof(I)I @ 1 c2
Event: 1.173 Thread 0x0000024304dc18a0 DEOPT PACKING pc=0x0000024314afaedc sp=0x0000009afb8fdff0
Event: 1.173 Thread 0x0000024304dc18a0 DEOPT UNPACKING pc=0x000002430d03e42f sp=0x0000009afb8fdf80 mode 2

Classes unloaded (0 events):
No events

Classes redefined (0 events):
No events

Internal exceptions (20 events):
Event: 0.767 Thread 0x0000024304dc18a0 Exception <a 'java/lang/NoSuchMethodError'{0x00000000c1d118d0}: 'java.lang.Object java.lang.invoke.DirectMethodHandle$Holder.invokeVirtual(java.lang.Object, java.lang.Object, int)'> (0x00000000c1d118d0) 
thrown [./open/src/hotspot/share/interpreter/linkResolver.cpp, line 782]
Event: 0.770 Thread 0x0000024304dc18a0 Exception <a 'java/lang/NoSuchMethodError'{0x00000000c1d1af60}: 'java.lang.Object java.lang.invoke.DirectMethodHandle$Holder.invokeSpecial(java.lang.Object, java.lang.Object, java.lang.Object, int, int)'> (0x00000000c1d1af60) 
thrown [./open/src/hotspot/share/interpreter/linkResolver.cpp, line 782]
Event: 0.854 Thread 0x0000024304dc18a0 Exception <a 'java/lang/NoSuchMethodError'{0x00000000c1ca4898}: 'void java.lang.invoke.DirectMethodHandle$Holder.invokeStatic(java.lang.Object, java.lang.Object)'> (0x00000000c1ca4898) 
thrown [./open/src/hotspot/share/interpreter/linkResolver.cpp, line 782]
Event: 0.860 Thread 0x0000024304dc18a0 Exception <a 'sun/nio/fs/WindowsException'{0x00000000c1caf540}> (0x00000000c1caf540) 
thrown [./open/src/hotspot/share/prims/jni.cpp, line 578]
Event: 0.890 Thread 0x0000024304dc18a0 Exception <a 'sun/nio/fs/WindowsException'{0x00000000c1cc4a40}> (0x00000000c1cc4a40) 
thrown [./open/src/hotspot/share/prims/jni.cpp, line 578]
Event: 1.014 Thread 0x0000024304dc18a0 Exception <a 'sun/nio/fs/WindowsException'{0x00000000c1de1648}> (0x00000000c1de1648) 
thrown [./open/src/hotspot/share/prims/jni.cpp, line 578]
Event: 1.016 Thread 0x0000024304dc18a0 Exception <a 'sun/nio/fs/WindowsException'{0x00000000c1de48e0}> (0x00000000c1de48e0) 
thrown [./open/src/hotspot/share/prims/jni.cpp, line 578]
Event: 1.018 Thread 0x0000024304dc18a0 Exception <a 'sun/nio/fs/WindowsException'{0x00000000c1de7448}> (0x00000000c1de7448) 
thrown [./open/src/hotspot/share/prims/jni.cpp, line 578]
Event: 1.021 Thread 0x0000024304dc18a0 Exception <a 'sun/nio/fs/WindowsException'{0x00000000c1dea070}> (0x00000000c1dea070) 
thrown [./open/src/hotspot/share/prims/jni.cpp, line 578]
Event: 1.023 Thread 0x0000024304dc18a0 Exception <a 'java/lang/NoSuchMethodError'{0x00000000c1df0108}: 'int java.lang.invoke.DirectMethodHandle$Holder.invokeSpecial(java.lang.Object, java.lang.Object, java.lang.Object)'> (0x00000000c1df0108) 
thrown [./open/src/hotspot/share/interpreter/linkResolver.cpp, line 782]
Event: 1.027 Thread 0x0000024304dc18a0 Exception <a 'sun/nio/fs/WindowsException'{0x00000000c1dfbb98}> (0x00000000c1dfbb98) 
thrown [./open/src/hotspot/share/prims/jni.cpp, line 578]
Event: 1.028 Thread 0x0000024304dc18a0 Exception <a 'sun/nio/fs/WindowsException'{0x00000000c1dfbec8}> (0x00000000c1dfbec8) 
thrown [./open/src/hotspot/share/prims/jni.cpp, line 578]
Event: 1.028 Thread 0x0000024304dc18a0 Exception <a 'sun/nio/fs/WindowsException'{0x00000000c1dfd250}> (0x00000000c1dfd250) 
thrown [./open/src/hotspot/share/prims/jni.cpp, line 578]
Event: 1.028 Thread 0x0000024304dc18a0 Exception <a 'sun/nio/fs/WindowsException'{0x00000000c1dfd540}> (0x00000000c1dfd540) 
thrown [./open/src/hotspot/share/prims/jni.cpp, line 578]
Event: 1.177 Thread 0x0000024304dc18a0 Exception <a 'java/lang/NoSuchMethodError'{0x00000000c20f6178}: 'java.lang.Object java.lang.invoke.DirectMethodHandle$Holder.invokeStatic(java.lang.Object, java.lang.Object, int, int)'> (0x00000000c20f6178) 
thrown [./open/src/hotspot/share/interpreter/linkResolver.cpp, line 782]
Event: 1.261 Thread 0x0000024304dc18a0 Exception <a 'sun/nio/fs/WindowsException'{0x00000000c1f6fb78}> (0x00000000c1f6fb78) 
thrown [./open/src/hotspot/share/prims/jni.cpp, line 578]
Event: 1.261 Thread 0x0000024304dc18a0 Exception <a 'sun/nio/fs/WindowsException'{0x00000000c1f6fea8}> (0x00000000c1f6fea8) 
thrown [./open/src/hotspot/share/prims/jni.cpp, line 578]
Event: 1.261 Thread 0x0000024304dc18a0 Exception <a 'sun/nio/fs/WindowsException'{0x00000000c1f70ef8}> (0x00000000c1f70ef8) 
thrown [./open/src/hotspot/share/prims/jni.cpp, line 578]
Event: 1.261 Thread 0x0000024304dc18a0 Exception <a 'sun/nio/fs/WindowsException'{0x00000000c1f711f0}> (0x00000000c1f711f0) 
thrown [./open/src/hotspot/share/prims/jni.cpp, line 578]
Event: 1.327 Thread 0x0000024304dc18a0 Exception <a 'java/lang/NoSuchMethodError'{0x00000000c206bce0}: 'java.lang.Object java.lang.invoke.DirectMethodHandle$Holder.invokeInterface(java.lang.Object, java.lang.Object)'> (0x00000000c206bce0) 
thrown [./open/src/hotspot/share/interpreter/linkResolver.cpp, line 782]

Events (20 events):
Event: 0.887 loading class sun/nio/fs/WindowsPath$WindowsPathWithAttributes done
Event: 0.910 Executing VM operation: G1CollectForAllocation
Event: 0.915 Executing VM operation: G1CollectForAllocation done
Event: 0.943 Executing VM operation: G1CollectForAllocation
Event: 0.949 Executing VM operation: G1CollectForAllocation done
Event: 1.029 Executing VM operation: G1CollectForAllocation
Event: 1.031 Executing VM operation: G1CollectForAllocation done
Event: 1.088 Executing VM operation: G1CollectForAllocation
Event: 1.090 Executing VM operation: G1CollectForAllocation done
Event: 1.243 loading class jdk/internal/jimage/ImageReader$LinkNode
Event: 1.244 loading class jdk/internal/jimage/ImageReader$LinkNode done
Event: 1.244 Executing VM operation: HandshakeAllThreads
Event: 1.244 Executing VM operation: HandshakeAllThreads done
Event: 1.274 Executing VM operation: G1CollectForAllocation
Event: 1.278 Executing VM operation: G1CollectForAllocation done
Event: 1.317 Executing VM operation: G1CollectForAllocation
Event: 1.321 Executing VM operation: G1CollectForAllocation done
Event: 1.357 Executing VM operation: G1CollectForAllocation
Event: 1.361 Executing VM operation: G1CollectForAllocation done
Event: 1.391 Executing VM operation: G1CollectForAllocation


Dynamic libraries:
0x00007ff72dd70000 - 0x00007ff72dd78000 	C:\Program Files\Java\jdk-15.0.1\bin\javac.exe
0x00007ffbf9bb0000 - 0x00007ffbf9da5000 	C:\WINDOWS\SYSTEM32\ntdll.dll
0x00007ffbf9900000 - 0x00007ffbf99bd000 	C:\WINDOWS\System32\KERNEL32.DLL
0x00007ffbf73e0000 - 0x00007ffbf76a9000 	C:\WINDOWS\System32\KERNELBASE.dll
0x00007ffbf44f0000 - 0x00007ffbf4580000 	C:\WINDOWS\SYSTEM32\apphelp.dll
0x00007ffbf79a0000 - 0x00007ffbf7aa0000 	C:\WINDOWS\System32\ucrtbase.dll
0x00007ffbe39b0000 - 0x00007ffbe39c9000 	C:\Program Files\Java\jdk-15.0.1\bin\VCRUNTIME140.dll
0x00007ffbe5820000 - 0x00007ffbe5838000 	C:\Program Files\Java\jdk-15.0.1\bin\jli.dll
0x00007ffbf8170000 - 0x00007ffbf821c000 	C:\WINDOWS\System32\ADVAPI32.dll
0x00007ffbf8260000 - 0x00007ffbf82fe000 	C:\WINDOWS\System32\msvcrt.dll
0x00007ffbf8d50000 - 0x00007ffbf8dec000 	C:\WINDOWS\System32\sechost.dll
0x00007ffbf9000000 - 0x00007ffbf912b000 	C:\WINDOWS\System32\RPCRT4.dll
0x00007ffbf96e0000 - 0x00007ffbf9880000 	C:\WINDOWS\System32\USER32.dll
0x00007ffbf77e0000 - 0x00007ffbf7802000 	C:\WINDOWS\System32\win32u.dll
0x00007ffbf8220000 - 0x00007ffbf824a000 	C:\WINDOWS\System32\GDI32.dll
0x00007ffbf7aa0000 - 0x00007ffbf7bab000 	C:\WINDOWS\System32\gdi32full.dll
0x00007ffbf7340000 - 0x00007ffbf73dd000 	C:\WINDOWS\System32\msvcp_win.dll
0x00007ffbf1d20000 - 0x00007ffbf1fba000 	C:\WINDOWS\WinSxS\amd64_microsoft.windows.common-controls_6595b64144ccf1df_6.0.19041.844_none_ca00b6081b84eb1d\COMCTL32.dll
0x00007ffbedeb0000 - 0x00007ffbedeba000 	C:\WINDOWS\SYSTEM32\VERSION.dll
0x00007ffbf8ab0000 - 0x00007ffbf8ae0000 	C:\WINDOWS\System32\IMM32.DLL
0x00007ffbf2190000 - 0x00007ffbf219c000 	C:\Program Files\Java\jdk-15.0.1\bin\vcruntime140_1.dll
0x00007ffbd1890000 - 0x00007ffbd1921000 	C:\Program Files\Java\jdk-15.0.1\bin\msvcp140.dll
0x00007ffbbaf80000 - 0x00007ffbbbade000 	C:\Program Files\Java\jdk-15.0.1\bin\server\jvm.dll
0x00007ffbf91a0000 - 0x00007ffbf91a8000 	C:\WINDOWS\System32\PSAPI.DLL
0x00007ffbdea70000 - 0x00007ffbdea97000 	C:\WINDOWS\SYSTEM32\WINMM.dll
0x00007ffbf21b0000 - 0x00007ffbf21b9000 	C:\WINDOWS\SYSTEM32\WSOCK32.dll
0x00007ffbf9130000 - 0x00007ffbf919b000 	C:\WINDOWS\System32\WS2_32.dll
0x00007ffbf5eb0000 - 0x00007ffbf5ec2000 	C:\WINDOWS\SYSTEM32\kernel.appcore.dll
0x00007ffbe76c0000 - 0x00007ffbe76ca000 	C:\Program Files\Java\jdk-15.0.1\bin\jimage.dll
0x00007ffbf58f0000 - 0x00007ffbf5ad4000 	C:\WINDOWS\SYSTEM32\DBGHELP.DLL
0x00007ffbdf740000 - 0x00007ffbdf76c000 	C:\WINDOWS\SYSTEM32\dbgcore.DLL
0x00007ffbf76b0000 - 0x00007ffbf7730000 	C:\WINDOWS\System32\bcryptPrimitives.dll
0x00007ffbd2760000 - 0x00007ffbd2785000 	C:\Program Files\Java\jdk-15.0.1\bin\java.dll
0x00007ffbf8360000 - 0x00007ffbf8aa2000 	C:\WINDOWS\System32\SHELL32.dll
0x00007ffbf5090000 - 0x00007ffbf5820000 	C:\WINDOWS\SYSTEM32\windows.storage.dll
0x00007ffbf7cc0000 - 0x00007ffbf8015000 	C:\WINDOWS\System32\combase.dll
0x00007ffbf6c90000 - 0x00007ffbf6cbc000 	C:\WINDOWS\SYSTEM32\Wldp.dll
0x00007ffbf7c10000 - 0x00007ffbf7cbe000 	C:\WINDOWS\System32\SHCORE.dll
0x00007ffbf8300000 - 0x00007ffbf8355000 	C:\WINDOWS\System32\shlwapi.dll
0x00007ffbf7230000 - 0x00007ffbf724f000 	C:\WINDOWS\SYSTEM32\profapi.dll
0x00007ffbd1c60000 - 0x00007ffbd1c79000 	C:\Program Files\Java\jdk-15.0.1\bin\net.dll
0x00007ffbe94a0000 - 0x00007ffbe95ac000 	C:\WINDOWS\SYSTEM32\WINHTTP.dll
0x00007ffbf6a10000 - 0x00007ffbf6a7a000 	C:\WINDOWS\system32\mswsock.dll
0x00007ffbd1c40000 - 0x00007ffbd1c52000 	C:\Program Files\Java\jdk-15.0.1\bin\nio.dll

dbghelp: loaded successfully - version: 4.0.5 - missing functions: none
symbol engine: initialized successfully - sym options: 0x614 - pdb path: .;C:\Program Files\Java\jdk-15.0.1\bin;C:\WINDOWS\SYSTEM32;C:\WINDOWS\WinSxS\amd64_microsoft.windows.common-controls_6595b64144ccf1df_6.0.19041.844_none_ca00b6081b84eb1d;C:\Program Files\Java\jdk-15.0.1\bin\server

VM Arguments:
jvm_args: -Dapplication.home=C:\Program Files\Java\jdk-15.0.1 --add-modules=ALL-DEFAULT -Xms8m -Djdk.module.main=jdk.compiler 
java_command: jdk.compiler/com.sun.tools.javac.Main -d C:\Users\Shri\Documents\NetBeansProjects\Travel Management System\build\classes -classpath C:\Users\Shri\Documents\NetBeansProjects\Travel Management System\build\classes -sourcepath C:\Users\Shri\Documents\NetBeansProjects\Travel Management System\src -target 15 -encoding UTF-8 -g -processorpath C:\Users\Shri\Documents\NetBeansProjects\Travel Management System\build\empty -s C:\Users\Shri\Documents\NetBeansProjects\Travel Management System\build\generated-sources\ap-source-output -source 15 C:\Users\Shri\Documents\NetBeansProjects\Travel Management System\src\travel\management\system\Login.java
java_class_path (initial): <not set>
Launcher Type: SUN_STANDARD

[Global flags]
     intx CICompilerCount                          = 3                                         {product} {ergonomic}
     uint ConcGCThreads                            = 1                                         {product} {ergonomic}
     uint G1ConcRefinementThreads                  = 4                                         {product} {ergonomic}
   size_t G1HeapRegionSize                         = 1048576                                   {product} {ergonomic}
    uintx GCDrainStackTargetSize                   = 64                                        {product} {ergonomic}
   size_t InitialHeapSize                          = 8388608                                   {product} {command line}
   size_t MarkStackSize                            = 4194304                                   {product} {ergonomic}
   size_t MaxHeapSize                              = 1052770304                                {product} {ergonomic}
   size_t MaxNewSize                               = 631242752                                 {product} {ergonomic}
   size_t MinHeapDeltaBytes                        = 1048576                                   {product} {ergonomic}
   size_t MinHeapSize                              = 8388608                                   {product} {command line}
    uintx NonNMethodCodeHeapSize                   = 5832780                                {pd product} {ergonomic}
    uintx NonProfiledCodeHeapSize                  = 122912730                              {pd product} {ergonomic}
    uintx ProfiledCodeHeapSize                     = 122912730                              {pd product} {ergonomic}
    uintx ReservedCodeCacheSize                    = 251658240                              {pd product} {ergonomic}
     bool SegmentedCodeCache                       = true                                      {product} {ergonomic}
   size_t SoftMaxHeapSize                          = 1052770304                             {manageable} {ergonomic}
     bool UseCompressedClassPointers               = true                                 {lp64_product} {ergonomic}
     bool UseCompressedOops                        = true                                 {lp64_product} {ergonomic}
     bool UseG1GC                                  = true                                      {product} {ergonomic}
     bool UseLargePagesIndividualAllocation        = false                                  {pd product} {ergonomic}

Logging:
Log output configuration:
 #0: stdout all=warning uptime,level,tags
 #1: stderr all=off uptime,level,tags

Environment Variables:
PATH=C:\Program Files\Common Files\Oracle\Java\javapath;C:\WINDOWS\system32;C:\WINDOWS;C:\WINDOWS\System32\Wbem;C:\WINDOWS\System32\WindowsPowerShell\v1.0\;C:\WINDOWS\System32\OpenSSH\;C:\Program Files\Java\jdk-15.0.1\bin;C:\Program Files\MySQL\MySQL Shell 8.0\bin\;C:\Users\Shri\AppData\Local\Microsoft\WindowsApps;
USERNAME=Shri
OS=Windows_NT
PROCESSOR_IDENTIFIER=Intel64 Family 6 Model 142 Stepping 10, GenuineIntel



---------------  S Y S T E M  ---------------

OS:
 Windows 10 , 64 bit Build 19041 (10.0.19041.804)
OS uptime: 0 days 22:30 hours

CPU: total 4 (initial active 4) (2 cores per cpu, 2 threads per core) family 6 model 142 stepping 10 microcode 0xe0, cmov, cx8, fxsr, mmx, sse, sse2, sse3, ssse3, sse4.1, sse4.2, popcnt, vzeroupper, avx, avx2, aes, clmul, erms, 3dnowpref, lzcnt, ht, tsc, tscinvbit, bmi1, bmi2, adx, fma, clflush, clflushopt

Memory: 4k page, system-wide physical 4011M (268M free)
TotalPageFile size 16299M (AvailPageFile size 7M)
current process WorkingSet (physical memory assigned to process): 69M, peak: 69M
current process commit charge ("private bytes"): 101M, peak: 105M

vm_info: Java HotSpot(TM) 64-Bit Server VM (15.0.1+9-18) for windows-amd64 JRE (15.0.1+9-18), built on Sep 15 2020 14:43:54 by "mach5one" with unknown MS VC++:1925

END.
