#
# There is insufficient memory for the Java Runtime Environment to continue.
# Native memory allocation (malloc) failed to allocate 340656 bytes for Chunk::new
# Possible reasons:
#   The system is out of physical RAM or swap space
#   The process is running with CompressedOops enabled, and the Java Heap may be blocking the growth of the native heap
# Possible solutions:
#   Reduce memory load on the system
#   Increase physical memory or swap space
#   Check if swap backing store is full
#   Decrease Java heap size (-Xmx/-Xms)
#   Decrease number of Java threads
#   Decrease Java thread stack sizes (-Xss)
#   Set larger code cache with -XX:ReservedCodeCacheSize=
#   JVM is running with Unscaled Compressed Oops mode in which the Java heap is
#     placed in the first 4GB address space. The Java Heap base address is the
#     maximum limit for the native heap growth. Please use -XX:HeapBaseMinAddress
#     to set the Java Heap base and to place the Java Heap above 4GB virtual address.
# This output file may be truncated or incomplete.
#
#  Out of Memory Error (./open/src/hotspot/share/memory/arena.cpp:195), pid=7064, tid=14212
#
# JRE version: Java(TM) SE Runtime Environment (15.0.1+9) (build 15.0.1+9-18)
# Java VM: Java HotSpot(TM) 64-Bit Server VM (15.0.1+9-18, mixed mode, sharing, tiered, compressed oops, g1 gc, windows-amd64)
# No core dump will be written. Minidumps are not enabled by default on client versions of Windows
#

---------------  S U M M A R Y ------------

Command Line: -Dapplication.home=C:\Program Files\Java\jdk-15.0.1 --add-modules=ALL-DEFAULT -Xms8m -Djdk.module.main=jdk.compiler jdk.compiler/com.sun.tools.javac.Main -d C:\Users\Shri\Documents\NetBeansProjects\Travel Management System\build\classes -classpath C:\Users\Shri\Documents\NetBeansProjects\Travel Management System\build\classes -sourcepath C:\Users\Shri\Documents\NetBeansProjects\Travel Management System\src -target 15 -encoding UTF-8 -g -processorpath C:\Users\Shri\Documents\NetBeansProjects\Travel Management System\build\empty -s C:\Users\Shri\Documents\NetBeansProjects\Travel Management System\build\generated-sources\ap-source-output -source 15 C:\Users\Shri\Documents\NetBeansProjects\Travel Management System\src\travel\management\system\Login.java

Host: Intel(R) Core(TM) i3-7020U CPU @ 2.30GHz, 4 cores, 3G,  Windows 10 , 64 bit Build 19041 (10.0.19041.804)
Time: Sat Mar 20 23:54:09 2021 India Standard Time elapsed time: 1.105583 seconds (0d 0h 0m 1s)

---------------  T H R E A D  ---------------

Current thread (0x000002937e78dda0):  JavaThread "C2 CompilerThread0" daemon [_thread_in_native, id=14212, stack(0x000000a2e4d00000,0x000000a2e4e00000)]


Current CompileTask:
C2:   1136  825       4       java.util.HashMap::putVal (300 bytes)

Stack: [0x000000a2e4d00000,0x000000a2e4e00000]
Native frames: (J=compiled Java code, j=interpreted, Vv=VM code, C=native code)
V  [jvm.dll+0x62ae9a]
V  [jvm.dll+0x781389]
V  [jvm.dll+0x782ae3]
V  [jvm.dll+0x783143]
V  [jvm.dll+0x216265]
V  [jvm.dll+0x97efa]
V  [jvm.dll+0x985dc]
V  [jvm.dll+0x32e4c8]
V  [jvm.dll+0x2f78aa]
V  [jvm.dll+0x2f6c6a]
V  [jvm.dll+0x1ea645]
V  [jvm.dll+0x1e98ae]
V  [jvm.dll+0x1784c7]
V  [jvm.dll+0x1f9165]
V  [jvm.dll+0x1f720c]
V  [jvm.dll+0x74485d]
V  [jvm.dll+0x73d65a]
V  [jvm.dll+0x629c56]
C  [ucrtbase.dll+0x21bb2]
C  [KERNEL32.DLL+0x17034]
C  [ntdll.dll+0x52651]


---------------  P R O C E S S  ---------------

Threads class SMR info:
_java_thread_list=0x000002937f81fdd0, length=12, elements={
0x0000029371a89fd0, 0x0000029373c2e230, 0x000002937e76b430, 0x000002937e786970,
0x000002937e78b250, 0x000002937e78bc00, 0x000002937e78dda0, 0x000002937e78e840,
0x000002937e7fb6b0, 0x000002937f19c710, 0x000002937f24a260, 0x000002937f923750
}

Java Threads: ( => current thread )
  0x0000029371a89fd0 JavaThread "main" [_thread_in_vm, id=8716, stack(0x000000a2e4100000,0x000000a2e4200000)]
  0x0000029373c2e230 JavaThread "Reference Handler" daemon [_thread_blocked, id=2568, stack(0x000000a2e4800000,0x000000a2e4900000)]
  0x000002937e76b430 JavaThread "Finalizer" daemon [_thread_blocked, id=12688, stack(0x000000a2e4900000,0x000000a2e4a00000)]
  0x000002937e786970 JavaThread "Signal Dispatcher" daemon [_thread_blocked, id=8416, stack(0x000000a2e4a00000,0x000000a2e4b00000)]
  0x000002937e78b250 JavaThread "Attach Listener" daemon [_thread_blocked, id=12732, stack(0x000000a2e4b00000,0x000000a2e4c00000)]
  0x000002937e78bc00 JavaThread "Service Thread" daemon [_thread_blocked, id=13796, stack(0x000000a2e4c00000,0x000000a2e4d00000)]
=>0x000002937e78dda0 JavaThread "C2 CompilerThread0" daemon [_thread_in_native, id=14212, stack(0x000000a2e4d00000,0x000000a2e4e00000)]
  0x000002937e78e840 JavaThread "C1 CompilerThread0" daemon [_thread_blocked, id=12208, stack(0x000000a2e4e00000,0x000000a2e4f00000)]
  0x000002937e7fb6b0 JavaThread "Sweeper thread" daemon [_thread_blocked, id=12044, stack(0x000000a2e4f00000,0x000000a2e5000000)]
  0x000002937f19c710 JavaThread "Common-Cleaner" daemon [_thread_blocked, id=10144, stack(0x000000a2e5000000,0x000000a2e5100000)]
  0x000002937f24a260 JavaThread "Notification Thread" daemon [_thread_blocked, id=676, stack(0x000000a2e5100000,0x000000a2e5200000)]
  0x000002937f923750 JavaThread "C2 CompilerThread1" daemon [_thread_blocked, id=10132, stack(0x000000a2e5400000,0x000000a2e5500000)]

Other Threads:
  0x0000029373c2d9c0 VMThread "VM Thread" [stack: 0x000000a2e4700000,0x000000a2e4800000] [id=13884]
  0x000002937f206bc0 WatcherThread [stack: 0x000000a2e5200000,0x000000a2e5300000] [id=20348]
  0x0000029373b8f550 GCTaskThread "GC Thread#0" [stack: 0x000000a2e4200000,0x000000a2e4300000] [id=7248]
  0x000002937f21ff00 GCTaskThread "GC Thread#1" [stack: 0x000000a2e5300000,0x000000a2e5400000] [id=12484]
  0x0000029373b9ad50 ConcurrentGCThread "G1 Main Marker" [stack: 0x000000a2e4300000,0x000000a2e4400000] [id=8148]
  0x0000029373b9c0e0 ConcurrentGCThread "G1 Conc#0" [stack: 0x000000a2e4400000,0x000000a2e4500000] [id=8988]
  0x0000029373bef370 ConcurrentGCThread "G1 Refine#0" [stack: 0x000000a2e4500000,0x000000a2e4600000] [id=11092]
  0x0000029373beff70 ConcurrentGCThread "G1 Young RemSet Sampling" [stack: 0x000000a2e4600000,0x000000a2e4700000] [id=17096]

Threads with active compile tasks:
C2 CompilerThread0     1276  825       4       java.util.HashMap::putVal (300 bytes)

VM state: not at safepoint (normal execution)

VM Mutex/Monitor currently owned by a thread: None

Heap address: 0x00000000c1400000, size: 1004 MB, Compressed Oops mode: 32-bit
CDS archive(s) mapped at: [0x0000000800000000-0x0000000800b50000-0x0000000800b50000), size 11862016, SharedBaseAddress: 0x0000000800000000, ArchiveRelocationMode: 0.
Compressed class space mapped at: 0x0000000800b50000-0x0000000840b50000, size: 1073741824
Narrow klass base: 0x0000000800000000, Narrow klass shift: 3, Narrow klass range: 0x100000000

GC Precious Log:
 CPUs: 4 total, 4 available
 Memory: 4011M
 Large Page Support: Disabled
 NUMA Support: Disabled
 Compressed Oops: Enabled (32-bit)
 Heap Region Size: 1M
 Heap Min Capacity: 8M
 Heap Initial Capacity: 8M
 Heap Max Capacity: 1004M
 Pre-touch: Disabled
 Parallel Workers: 4
 Concurrent Workers: 1
 Concurrent Refinement Workers: 4
 Periodic GC: Disabled

Heap:
 garbage-first heap   total 10240K, used 4709K [0x00000000c1400000, 0x0000000100000000)
  region size 1024K, 2 young (2048K), 1 survivors (1024K)
 Metaspace       used 8312K, capacity 11102K, committed 11264K, reserved 1058816K
  class space    used 967K, capacity 1230K, committed 1280K, reserved 1048576K

Heap Regions: E=young(eden), S=young(survivor), O=old, HS=humongous(starts), HC=humongous(continues), CS=collection set, F=free, OA=open archive, CA=closed archive, TAMS=top-at-mark-start (previous, next)
|   0|0x00000000c1400000, 0x00000000c1500000, 0x00000000c1500000|100%| O|  |TAMS 0x00000000c1400000, 0x00000000c1400000| Untracked 
|   1|0x00000000c1500000, 0x00000000c1600000, 0x00000000c1600000|100%| O|  |TAMS 0x00000000c1500000, 0x00000000c1500000| Untracked 
|   2|0x00000000c1600000, 0x00000000c1700000, 0x00000000c1700000|100%| O|  |TAMS 0x00000000c1600000, 0x00000000c1600000| Untracked 
|   3|0x00000000c1700000, 0x00000000c1744200, 0x00000000c1800000| 26%| O|  |TAMS 0x00000000c1700000, 0x00000000c1700000| Untracked 
|   4|0x00000000c1800000, 0x00000000c1800000, 0x00000000c1900000|  0%| F|  |TAMS 0x00000000c1800000, 0x00000000c1800000| Untracked 
|   5|0x00000000c1900000, 0x00000000c1900000, 0x00000000c1a00000|  0%| F|  |TAMS 0x00000000c1900000, 0x00000000c1900000| Untracked 
|   6|0x00000000c1a00000, 0x00000000c1a552a0, 0x00000000c1b00000| 33%| E|CS|TAMS 0x00000000c1a00000, 0x00000000c1a00000| Complete 
|   7|0x00000000c1b00000, 0x00000000c1b00000, 0x00000000c1c00000|  0%| F|  |TAMS 0x00000000c1b00000, 0x00000000c1b00000| Untracked 
|   8|0x00000000c1c00000, 0x00000000c1c0a7c0, 0x00000000c1d00000|  4%| S|  |TAMS 0x00000000c1c00000, 0x00000000c1c00000| Complete 
|   9|0x00000000c1d00000, 0x00000000c1e00000, 0x00000000c1e00000|100%| E|CS|TAMS 0x00000000c1d00000, 0x00000000c1d00000| Complete 

Card table byte_map: [0x000002937bf90000,0x000002937c190000] _byte_map_base: 0x000002937b986000

Marking Bits (Prev, Next): (CMBitMap*) 0x0000029373b8fdc0, (CMBitMap*) 0x0000029373b8fe00
 Prev Bits: [0x000002937c390000, 0x000002937d340000)
 Next Bits: [0x000002937d340000, 0x000002937e2f0000)

Polling page: 0x0000029371ae0000

Metaspace:

Usage:
  Non-class:      9.64 MB capacity,     7.17 MB ( 74%) used,     2.46 MB ( 25%) free+waste,     9.69 KB ( <1%) overhead. 
      Class:      1.20 MB capacity,   967.19 KB ( 79%) used,   258.81 KB ( 21%) free+waste,     4.00 KB ( <1%) overhead. 
       Both:     10.84 MB capacity,     8.12 MB ( 75%) used,     2.71 MB ( 25%) free+waste,    13.69 KB ( <1%) overhead. 

Virtual space:
  Non-class space:       10.00 MB reserved,       9.75 MB ( 98%) committed 
      Class space:        1.00 GB reserved,       1.25 MB ( <1%) committed 
             Both:        1.01 GB reserved,      11.00 MB (  1%) committed 

Chunk freelists:
   Non-Class:  48.00 KB
       Class:  18.00 KB
        Both:  66.00 KB

MaxMetaspaceSize: 17179869184.00 GB
CompressedClassSpaceSize: 1.00 GB

CodeHeap 'non-profiled nmethods': size=120000Kb used=310Kb max_used=310Kb free=119689Kb
 bounds [0x0000029307ad0000, 0x0000029307d40000, 0x000002930f000000]
CodeHeap 'profiled nmethods': size=120000Kb used=1662Kb max_used=1662Kb free=118337Kb
 bounds [0x00000293005a0000, 0x0000029300810000, 0x0000029307ad0000]
CodeHeap 'non-nmethods': size=5760Kb used=1138Kb max_used=1164Kb free=4621Kb
 bounds [0x0000029300000000, 0x0000029300270000, 0x00000293005a0000]
 total_blobs=1384 nmethods=996 adapters=301
 compilation: enabled
              stopped_count=0, restarted_count=0
 full_count=0

Compilation events (20 events):
Event: 1.040 Thread 0x000002937e78e840 nmethod 851 0x0000029307b10690 code [0x0000029307b10820, 0x0000029307b108d8]
Event: 1.042 Thread 0x000002937e78e840  853       3       java.lang.StringBuilder::append (8 bytes)
Event: 1.042 Thread 0x000002937e78e840 nmethod 853 0x00000293006f1810 code [0x00000293006f19c0, 0x00000293006f1b08]
Event: 1.042 Thread 0x000002937e78e840  854       3       java.lang.AbstractStringBuilder::append (55 bytes)
Event: 1.043 Thread 0x000002937e78e840 nmethod 854 0x00000293006f1b90 code [0x00000293006f1d60, 0x00000293006f2098]
Event: 1.045 Thread 0x000002937e78e840  856       3       java.lang.invoke.MemberName::getInvocationType (56 bytes)
Event: 1.046 Thread 0x000002937e78e840 nmethod 856 0x00000293006f2210 code [0x00000293006f2440, 0x00000293006f2d28]
Event: 1.051 Thread 0x000002937e78e840  857       3       jdk.internal.org.objectweb.asm.ClassReader::<init> (371 bytes)
Event: 1.053 Thread 0x000002937e78e840 nmethod 857 0x00000293006f2f90 code [0x00000293006f3280, 0x00000293006f4658]
Event: 1.053 Thread 0x000002937e78e840  858       3       jdk.internal.org.objectweb.asm.Type::<init> (26 bytes)
Event: 1.053 Thread 0x000002937e78e840 nmethod 858 0x00000293006f4c10 code [0x00000293006f4da0, 0x00000293006f4f58]
Event: 1.054 Thread 0x000002937e78e840  859       3       jdk.internal.org.objectweb.asm.MethodWriter::visitFieldInsn (258 bytes)
Event: 1.056 Thread 0x000002937e78e840 nmethod 859 0x00000293006f5010 code [0x00000293006f5260, 0x00000293006f5da8]
Event: 1.061 Thread 0x000002937e78e840  861       3       jdk.internal.jimage.ImageLocation::getParentOffset (7 bytes)
Event: 1.061 Thread 0x000002937e78e840 nmethod 861 0x00000293006f6190 code [0x00000293006f6340, 0x00000293006f6488]
Event: 1.068 Thread 0x000002937e78e840  863   !   3       java.lang.ref.ReferenceQueue::enqueue (119 bytes)
Event: 1.069 Thread 0x000002937e78e840 nmethod 863 0x00000293006f6510 code [0x00000293006f6700, 0x00000293006f6dc8]
Event: 1.069 Thread 0x000002937e78e840  865       3       java.lang.ref.ReferenceQueue::reallyPoll (65 bytes)
Event: 1.070 Thread 0x000002937e78e840 nmethod 865 0x00000293006f6f90 code [0x00000293006f7160, 0x00000293006f7678]
Event: 1.072 Thread 0x000002937e78e840  867   !   3       jdk.internal.jimage.ImageReader$SharedImageReader::imageFileAttributes (46 bytes)

GC Heap History (12 events):
Event: 0.526 GC heap before
{Heap before GC invocations=0 (full 0):
 garbage-first heap   total 8192K, used 3072K [0x00000000c1400000, 0x0000000100000000)
  region size 1024K, 3 young (3072K), 0 survivors (0K)
 Metaspace       used 2568K, capacity 6167K, committed 6400K, reserved 1056768K
  class space    used 325K, capacity 673K, committed 768K, reserved 1048576K
}
Event: 0.531 GC heap after
{Heap after GC invocations=1 (full 0):
 garbage-first heap   total 8192K, used 1135K [0x00000000c1400000, 0x0000000100000000)
  region size 1024K, 1 young (1024K), 1 survivors (1024K)
 Metaspace       used 2568K, capacity 6167K, committed 6400K, reserved 1056768K
  class space    used 325K, capacity 673K, committed 768K, reserved 1048576K
}
Event: 0.679 GC heap before
{Heap before GC invocations=1 (full 0):
 garbage-first heap   total 8192K, used 2159K [0x00000000c1400000, 0x0000000100000000)
  region size 1024K, 2 young (2048K), 1 survivors (1024K)
 Metaspace       used 4281K, capacity 7898K, committed 8064K, reserved 1056768K
  class space    used 532K, capacity 866K, committed 896K, reserved 1048576K
}
Event: 0.684 GC heap after
{Heap after GC invocations=2 (full 0):
 garbage-first heap   total 8192K, used 1659K [0x00000000c1400000, 0x0000000100000000)
  region size 1024K, 1 young (1024K), 1 survivors (1024K)
 Metaspace       used 4281K, capacity 7898K, committed 8064K, reserved 1056768K
  class space    used 532K, capacity 866K, committed 896K, reserved 1048576K
}
Event: 0.784 GC heap before
{Heap before GC invocations=2 (full 0):
 garbage-first heap   total 8192K, used 2683K [0x00000000c1400000, 0x0000000100000000)
  region size 1024K, 2 young (2048K), 1 survivors (1024K)
 Metaspace       used 5819K, capacity 9411K, committed 9600K, reserved 1058816K
  class space    used 697K, capacity 1029K, committed 1152K, reserved 1048576K
}
Event: 0.787 GC heap after
{Heap after GC invocations=3 (full 0):
 garbage-first heap   total 8192K, used 1991K [0x00000000c1400000, 0x0000000100000000)
  region size 1024K, 1 young (1024K), 1 survivors (1024K)
 Metaspace       used 5819K, capacity 9411K, committed 9600K, reserved 1058816K
  class space    used 697K, capacity 1029K, committed 1152K, reserved 1048576K
}
Event: 0.873 GC heap before
{Heap before GC invocations=3 (full 0):
 garbage-first heap   total 8192K, used 3015K [0x00000000c1400000, 0x0000000100000000)
  region size 1024K, 2 young (2048K), 1 survivors (1024K)
 Metaspace       used 7240K, capacity 10438K, committed 10752K, reserved 1058816K
  class space    used 874K, capacity 1158K, committed 1280K, reserved 1048576K
}
Event: 0.876 GC heap after
{Heap after GC invocations=4 (full 0):
 garbage-first heap   total 8192K, used 2317K [0x00000000c1400000, 0x0000000100000000)
  region size 1024K, 1 young (1024K), 1 survivors (1024K)
 Metaspace       used 7240K, capacity 10438K, committed 10752K, reserved 1058816K
  class space    used 874K, capacity 1158K, committed 1280K, reserved 1048576K
}
Event: 0.934 GC heap before
{Heap before GC invocations=4 (full 0):
 garbage-first heap   total 8192K, used 3341K [0x00000000c1400000, 0x0000000100000000)
  region size 1024K, 2 young (2048K), 1 survivors (1024K)
 Metaspace       used 7841K, capacity 10857K, committed 11008K, reserved 1058816K
  class space    used 914K, capacity 1191K, committed 1280K, reserved 1048576K
}
Event: 0.936 GC heap after
{Heap after GC invocations=5 (full 0):
 garbage-first heap   total 10240K, used 2565K [0x00000000c1400000, 0x0000000100000000)
  region size 1024K, 1 young (1024K), 1 survivors (1024K)
 Metaspace       used 7841K, capacity 10857K, committed 11008K, reserved 1058816K
  class space    used 914K, capacity 1191K, committed 1280K, reserved 1048576K
}
Event: 1.061 GC heap before
{Heap before GC invocations=5 (full 0):
 garbage-first heap   total 10240K, used 4613K [0x00000000c1400000, 0x0000000100000000)
  region size 1024K, 3 young (3072K), 1 survivors (1024K)
 Metaspace       used 8178K, capacity 11099K, committed 11264K, reserved 1058816K
  class space    used 961K, capacity 1229K, committed 1280K, reserved 1048576K
}
Event: 1.068 GC heap after
{Heap after GC invocations=6 (full 0):
 garbage-first heap   total 10240K, used 3335K [0x00000000c1400000, 0x0000000100000000)
  region size 1024K, 1 young (1024K), 1 survivors (1024K)
 Metaspace       used 8178K, capacity 11099K, committed 11264K, reserved 1058816K
  class space    used 961K, capacity 1229K, committed 1280K, reserved 1048576K
}

Deoptimization events (12 events):
Event: 0.432 Thread 0x0000029371a89fd0 Uncommon trap: trap_request=0xffffff45 fr.pc=0x0000029307add96c relative=0x000000000000070c
Event: 0.432 Thread 0x0000029371a89fd0 Uncommon trap: reason=unstable_if action=reinterpret pc=0x0000029307add96c method=java.util.HashMap.putVal(ILjava/lang/Object;Ljava/lang/Object;ZZ)Ljava/lang/Object; @ 69 c2
Event: 0.432 Thread 0x0000029371a89fd0 DEOPT PACKING pc=0x0000029307add96c sp=0x000000a2e41feb40
Event: 0.432 Thread 0x0000029371a89fd0 DEOPT UNPACKING pc=0x000002930004e42f sp=0x000000a2e41feae0 mode 2
Event: 0.819 Thread 0x0000029371a89fd0 Uncommon trap: trap_request=0xffffff45 fr.pc=0x0000029307ae16e0 relative=0x0000000000000060
Event: 0.819 Thread 0x0000029371a89fd0 Uncommon trap: reason=unstable_if action=reinterpret pc=0x0000029307ae16e0 method=java.nio.Buffer.hasRemaining()Z @ 8 c2
Event: 0.819 Thread 0x0000029371a89fd0 DEOPT PACKING pc=0x0000029307ae16e0 sp=0x000000a2e41fe230
Event: 0.819 Thread 0x0000029371a89fd0 DEOPT UNPACKING pc=0x000002930004e42f sp=0x000000a2e41fe1c8 mode 2
Event: 0.836 Thread 0x0000029371a89fd0 Uncommon trap: trap_request=0xffffff45 fr.pc=0x0000029307af87b8 relative=0x0000000000000498
Event: 0.836 Thread 0x0000029371a89fd0 Uncommon trap: reason=unstable_if action=reinterpret pc=0x0000029307af87b8 method=java.lang.StringLatin1.replace([BCC)Ljava/lang/String; @ 19 c2
Event: 0.836 Thread 0x0000029371a89fd0 DEOPT PACKING pc=0x0000029307af87b8 sp=0x000000a2e41fd1a0
Event: 0.836 Thread 0x0000029371a89fd0 DEOPT UNPACKING pc=0x000002930004e42f sp=0x000000a2e41fd110 mode 2

Classes unloaded (0 events):
No events

Classes redefined (0 events):
No events

Internal exceptions (20 events):
Event: 0.480 Thread 0x0000029371a89fd0 Exception <a 'sun/nio/fs/WindowsException'{0x00000000c1988a78}> (0x00000000c1988a78) 
thrown [./open/src/hotspot/share/prims/jni.cpp, line 578]
Event: 0.481 Thread 0x0000029371a89fd0 Exception <a 'java/lang/NoSuchMethodError'{0x00000000c198d988}: 'int java.lang.invoke.DirectMethodHandle$Holder.invokeVirtual(java.lang.Object, java.lang.Object, java.lang.Object)'> (0x00000000c198d988) 
thrown [./open/src/hotspot/share/interpreter/linkResolver.cpp, line 782]
Event: 0.482 Thread 0x0000029371a89fd0 Exception <a 'java/lang/NoSuchMethodError'{0x00000000c19944d8}: 'void java.lang.invoke.DirectMethodHandle$Holder.invokeInterface(java.lang.Object, java.lang.Object, java.lang.Object)'> (0x00000000c19944d8) 
thrown [./open/src/hotspot/share/interpreter/linkResolver.cpp, line 782]
Event: 0.655 Thread 0x0000029371a89fd0 Exception <a 'java/lang/NoSuchMethodError'{0x00000000c1be8150}: 'int java.lang.invoke.DirectMethodHandle$Holder.invokeStaticInit(java.lang.Object, java.lang.Object)'> (0x00000000c1be8150) 
thrown [./open/src/hotspot/share/interpreter/linkResolver.cpp, line 782]
Event: 0.765 Thread 0x0000029371a89fd0 Exception <a 'java/lang/NoSuchMethodError'{0x00000000c1bb1170}: 'int java.lang.invoke.DirectMethodHandle$Holder.invokeVirtual(java.lang.Object, java.lang.Object)'> (0x00000000c1bb1170) 
thrown [./open/src/hotspot/share/interpreter/linkResolver.cpp, line 782]
Event: 0.773 Thread 0x0000029371a89fd0 Exception <a 'java/lang/NoSuchMethodError'{0x00000000c1bdbb60}: 'java.lang.Object java.lang.invoke.DirectMethodHandle$Holder.newInvokeSpecial(java.lang.Object, java.lang.Object, java.lang.Object, java.lang.Object, java.lang.Object)'> (0x00000000c1bdbb60) 
thrown [./open/src/hotspot/share/interpreter/linkResolver.cpp, line 782]
Event: 0.777 Thread 0x0000029371a89fd0 Exception <a 'java/lang/NoSuchMethodError'{0x00000000c1bec248}: 'java.lang.Object java.lang.invoke.DirectMethodHandle$Holder.newInvokeSpecial(java.lang.Object, java.lang.Object, java.lang.Object, java.lang.Object, java.lang.Object, java.lang.Object)'> (0x00000000c1bec248) 
thrown [./open/src/hotspot/share/interpreter/linkResolver.cpp, line 782]
Event: 0.809 Thread 0x0000029371a89fd0 Exception <a 'sun/nio/fs/WindowsException'{0x00000000c1b439a0}> (0x00000000c1b439a0) 
thrown [./open/src/hotspot/share/prims/jni.cpp, line 578]
Event: 0.809 Thread 0x0000029371a89fd0 Exception <a 'sun/nio/fs/WindowsException'{0x00000000c1b43be0}> (0x00000000c1b43be0) 
thrown [./open/src/hotspot/share/prims/jni.cpp, line 578]
Event: 0.820 Thread 0x0000029371a89fd0 Exception <a 'java/lang/NoSuchMethodError'{0x00000000c1b63d80}: 'java.lang.Object java.lang.invoke.DirectMethodHandle$Holder.invokeStaticInit(java.lang.Object)'> (0x00000000c1b63d80) 
thrown [./open/src/hotspot/share/interpreter/linkResolver.cpp, line 782]
Event: 0.898 Thread 0x0000029371a89fd0 Exception <a 'sun/nio/fs/WindowsException'{0x00000000c1b268d0}> (0x00000000c1b268d0) 
thrown [./open/src/hotspot/share/prims/jni.cpp, line 578]
Event: 0.898 Thread 0x0000029371a89fd0 Exception <a 'sun/nio/fs/WindowsException'{0x00000000c1b26c00}> (0x00000000c1b26c00) 
thrown [./open/src/hotspot/share/prims/jni.cpp, line 578]
Event: 0.899 Thread 0x0000029371a89fd0 Exception <a 'sun/nio/fs/WindowsException'{0x00000000c1b278a0}> (0x00000000c1b278a0) 
thrown [./open/src/hotspot/share/prims/jni.cpp, line 578]
Event: 0.899 Thread 0x0000029371a89fd0 Exception <a 'sun/nio/fs/WindowsException'{0x00000000c1b27c20}> (0x00000000c1b27c20) 
thrown [./open/src/hotspot/share/prims/jni.cpp, line 578]
Event: 0.941 Thread 0x0000029371a89fd0 Exception <a 'java/lang/NoSuchMethodError'{0x00000000c1d0b1c0}: 'java.lang.Object java.lang.invoke.DirectMethodHandle$Holder.invokeVirtual(java.lang.Object, java.lang.Object, java.lang.Object, int, int)'> (0x00000000c1d0b1c0) 
thrown [./open/src/hotspot/share/interpreter/linkResolver.cpp, line 782]
Event: 0.943 Thread 0x0000029371a89fd0 Exception <a 'java/lang/NoSuchMethodError'{0x00000000c1d12248}: 'java.lang.Object java.lang.invoke.DirectMethodHandle$Holder.invokeVirtual(java.lang.Object, java.lang.Object, int)'> (0x00000000c1d12248) 
thrown [./open/src/hotspot/share/interpreter/linkResolver.cpp, line 782]
Event: 0.946 Thread 0x0000029371a89fd0 Exception <a 'java/lang/NoSuchMethodError'{0x00000000c1d1b8d0}: 'java.lang.Object java.lang.invoke.DirectMethodHandle$Holder.invokeSpecial(java.lang.Object, java.lang.Object, java.lang.Object, int, int)'> (0x00000000c1d1b8d0) 
thrown [./open/src/hotspot/share/interpreter/linkResolver.cpp, line 782]
Event: 1.021 Thread 0x0000029371a89fd0 Exception <a 'java/lang/NoSuchMethodError'{0x00000000c1ca4d78}: 'void java.lang.invoke.DirectMethodHandle$Holder.invokeStatic(java.lang.Object, java.lang.Object)'> (0x00000000c1ca4d78) 
thrown [./open/src/hotspot/share/interpreter/linkResolver.cpp, line 782]
Event: 1.024 Thread 0x0000029371a89fd0 Exception <a 'sun/nio/fs/WindowsException'{0x00000000c1cafa38}> (0x00000000c1cafa38) 
thrown [./open/src/hotspot/share/prims/jni.cpp, line 578]
Event: 1.035 Thread 0x0000029371a89fd0 Exception <a 'sun/nio/fs/WindowsException'{0x00000000c1cc4f98}> (0x00000000c1cc4f98) 
thrown [./open/src/hotspot/share/prims/jni.cpp, line 578]

Events (20 events):
Event: 0.950 loading class java/util/stream/MatchOps$MatchOp done
Event: 0.950 loading class java/util/stream/MatchOps$BooleanTerminalSink
Event: 0.951 loading class java/util/stream/MatchOps$BooleanTerminalSink done
Event: 0.951 loading class java/util/stream/MatchOps$1MatchSink
Event: 0.951 loading class java/util/stream/MatchOps$1MatchSink done
Event: 0.959 Thread 0x000002937f923750 Thread added: 0x000002937f923750
Event: 1.016 loading class java/util/RegularEnumSet$EnumSetIterator
Event: 1.016 loading class java/util/RegularEnumSet$EnumSetIterator done
Event: 1.026 loading class java/nio/file/Files$AcceptAllFilter
Event: 1.026 loading class java/nio/file/Files$AcceptAllFilter done
Event: 1.026 loading class sun/nio/fs/WindowsDirectoryStream$WindowsDirectoryIterator
Event: 1.027 loading class sun/nio/fs/WindowsDirectoryStream$WindowsDirectoryIterator done
Event: 1.027 loading class java/nio/file/Files$2
Event: 1.027 loading class java/nio/file/Files$2 done
Event: 1.030 loading class sun/nio/fs/WindowsPath$WindowsPathWithAttributes
Event: 1.030 loading class sun/nio/fs/BasicFileAttributesHolder
Event: 1.030 loading class sun/nio/fs/BasicFileAttributesHolder done
Event: 1.030 loading class sun/nio/fs/WindowsPath$WindowsPathWithAttributes done
Event: 1.061 Executing VM operation: G1CollectForAllocation
Event: 1.068 Executing VM operation: G1CollectForAllocation done


Dynamic libraries:
0x00007ff7ba660000 - 0x00007ff7ba668000 	C:\Program Files\Java\jdk-15.0.1\bin\javac.exe
0x00007ffbf9bb0000 - 0x00007ffbf9da5000 	C:\WINDOWS\SYSTEM32\ntdll.dll
0x00007ffbf9900000 - 0x00007ffbf99bd000 	C:\WINDOWS\System32\KERNEL32.DLL
0x00007ffbf73e0000 - 0x00007ffbf76a9000 	C:\WINDOWS\System32\KERNELBASE.dll
0x00007ffbf44f0000 - 0x00007ffbf4580000 	C:\WINDOWS\SYSTEM32\apphelp.dll
0x00007ffbf79a0000 - 0x00007ffbf7aa0000 	C:\WINDOWS\System32\ucrtbase.dll
0x00007ffbe39b0000 - 0x00007ffbe39c9000 	C:\Program Files\Java\jdk-15.0.1\bin\VCRUNTIME140.dll
0x00007ffbe5820000 - 0x00007ffbe5838000 	C:\Program Files\Java\jdk-15.0.1\bin\jli.dll
0x00007ffbf8170000 - 0x00007ffbf821c000 	C:\WINDOWS\System32\ADVAPI32.dll
0x00007ffbf8260000 - 0x00007ffbf82fe000 	C:\WINDOWS\System32\msvcrt.dll
0x00007ffbf8d50000 - 0x00007ffbf8dec000 	C:\WINDOWS\System32\sechost.dll
0x00007ffbf9000000 - 0x00007ffbf912b000 	C:\WINDOWS\System32\RPCRT4.dll
0x00007ffbf96e0000 - 0x00007ffbf9880000 	C:\WINDOWS\System32\USER32.dll
0x00007ffbf1d20000 - 0x00007ffbf1fba000 	C:\WINDOWS\WinSxS\amd64_microsoft.windows.common-controls_6595b64144ccf1df_6.0.19041.844_none_ca00b6081b84eb1d\COMCTL32.dll
0x00007ffbf77e0000 - 0x00007ffbf7802000 	C:\WINDOWS\System32\win32u.dll
0x00007ffbf8220000 - 0x00007ffbf824a000 	C:\WINDOWS\System32\GDI32.dll
0x00007ffbf7aa0000 - 0x00007ffbf7bab000 	C:\WINDOWS\System32\gdi32full.dll
0x00007ffbf7340000 - 0x00007ffbf73dd000 	C:\WINDOWS\System32\msvcp_win.dll
0x00007ffbedeb0000 - 0x00007ffbedeba000 	C:\WINDOWS\SYSTEM32\VERSION.dll
0x00007ffbf8ab0000 - 0x00007ffbf8ae0000 	C:\WINDOWS\System32\IMM32.DLL
0x00007ffbf2190000 - 0x00007ffbf219c000 	C:\Program Files\Java\jdk-15.0.1\bin\vcruntime140_1.dll
0x00007ffbd1890000 - 0x00007ffbd1921000 	C:\Program Files\Java\jdk-15.0.1\bin\msvcp140.dll
0x00007ffbbaf80000 - 0x00007ffbbbade000 	C:\Program Files\Java\jdk-15.0.1\bin\server\jvm.dll
0x00007ffbf91a0000 - 0x00007ffbf91a8000 	C:\WINDOWS\System32\PSAPI.DLL
0x00007ffbdea70000 - 0x00007ffbdea97000 	C:\WINDOWS\SYSTEM32\WINMM.dll
0x00007ffbf21b0000 - 0x00007ffbf21b9000 	C:\WINDOWS\SYSTEM32\WSOCK32.dll
0x00007ffbf9130000 - 0x00007ffbf919b000 	C:\WINDOWS\System32\WS2_32.dll
0x00007ffbf5eb0000 - 0x00007ffbf5ec2000 	C:\WINDOWS\SYSTEM32\kernel.appcore.dll
0x00007ffbe76c0000 - 0x00007ffbe76ca000 	C:\Program Files\Java\jdk-15.0.1\bin\jimage.dll
0x00007ffbf58f0000 - 0x00007ffbf5ad4000 	C:\WINDOWS\SYSTEM32\DBGHELP.DLL
0x00007ffbdf740000 - 0x00007ffbdf76c000 	C:\WINDOWS\SYSTEM32\dbgcore.DLL
0x00007ffbf76b0000 - 0x00007ffbf7730000 	C:\WINDOWS\System32\bcryptPrimitives.dll
0x00007ffbd2760000 - 0x00007ffbd2785000 	C:\Program Files\Java\jdk-15.0.1\bin\java.dll
0x00007ffbf8360000 - 0x00007ffbf8aa2000 	C:\WINDOWS\System32\SHELL32.dll
0x00007ffbf5090000 - 0x00007ffbf5820000 	C:\WINDOWS\SYSTEM32\windows.storage.dll
0x00007ffbf7cc0000 - 0x00007ffbf8015000 	C:\WINDOWS\System32\combase.dll
0x00007ffbf6c90000 - 0x00007ffbf6cbc000 	C:\WINDOWS\SYSTEM32\Wldp.dll
0x00007ffbf7c10000 - 0x00007ffbf7cbe000 	C:\WINDOWS\System32\SHCORE.dll
0x00007ffbf8300000 - 0x00007ffbf8355000 	C:\WINDOWS\System32\shlwapi.dll
0x00007ffbf7230000 - 0x00007ffbf724f000 	C:\WINDOWS\SYSTEM32\profapi.dll
0x00007ffbd1c60000 - 0x00007ffbd1c79000 	C:\Program Files\Java\jdk-15.0.1\bin\net.dll
0x00007ffbe94a0000 - 0x00007ffbe95ac000 	C:\WINDOWS\SYSTEM32\WINHTTP.dll
0x00007ffbf6a10000 - 0x00007ffbf6a7a000 	C:\WINDOWS\system32\mswsock.dll
0x00007ffbd1c40000 - 0x00007ffbd1c52000 	C:\Program Files\Java\jdk-15.0.1\bin\nio.dll

dbghelp: loaded successfully - version: 4.0.5 - missing functions: none
symbol engine: initialized successfully - sym options: 0x614 - pdb path: .;C:\Program Files\Java\jdk-15.0.1\bin;C:\WINDOWS\SYSTEM32;C:\WINDOWS\WinSxS\amd64_microsoft.windows.common-controls_6595b64144ccf1df_6.0.19041.844_none_ca00b6081b84eb1d;C:\Program Files\Java\jdk-15.0.1\bin\server

VM Arguments:
jvm_args: -Dapplication.home=C:\Program Files\Java\jdk-15.0.1 --add-modules=ALL-DEFAULT -Xms8m -Djdk.module.main=jdk.compiler 
java_command: jdk.compiler/com.sun.tools.javac.Main -d C:\Users\Shri\Documents\NetBeansProjects\Travel Management System\build\classes -classpath C:\Users\Shri\Documents\NetBeansProjects\Travel Management System\build\classes -sourcepath C:\Users\Shri\Documents\NetBeansProjects\Travel Management System\src -target 15 -encoding UTF-8 -g -processorpath C:\Users\Shri\Documents\NetBeansProjects\Travel Management System\build\empty -s C:\Users\Shri\Documents\NetBeansProjects\Travel Management System\build\generated-sources\ap-source-output -source 15 C:\Users\Shri\Documents\NetBeansProjects\Travel Management System\src\travel\management\system\Login.java
java_class_path (initial): <not set>
Launcher Type: SUN_STANDARD

[Global flags]
     intx CICompilerCount                          = 3                                         {product} {ergonomic}
     uint ConcGCThreads                            = 1                                         {product} {ergonomic}
     uint G1ConcRefinementThreads                  = 4                                         {product} {ergonomic}
   size_t G1HeapRegionSize                         = 1048576                                   {product} {ergonomic}
    uintx GCDrainStackTargetSize                   = 64                                        {product} {ergonomic}
   size_t InitialHeapSize                          = 8388608                                   {product} {command line}
   size_t MarkStackSize                            = 4194304                                   {product} {ergonomic}
   size_t MaxHeapSize                              = 1052770304                                {product} {ergonomic}
   size_t MaxNewSize                               = 631242752                                 {product} {ergonomic}
   size_t MinHeapDeltaBytes                        = 1048576                                   {product} {ergonomic}
   size_t MinHeapSize                              = 8388608                                   {product} {command line}
    uintx NonNMethodCodeHeapSize                   = 5832780                                {pd product} {ergonomic}
    uintx NonProfiledCodeHeapSize                  = 122912730                              {pd product} {ergonomic}
    uintx ProfiledCodeHeapSize                     = 122912730                              {pd product} {ergonomic}
    uintx ReservedCodeCacheSize                    = 251658240                              {pd product} {ergonomic}
     bool SegmentedCodeCache                       = true                                      {product} {ergonomic}
   size_t SoftMaxHeapSize                          = 1052770304                             {manageable} {ergonomic}
     bool UseCompressedClassPointers               = true                                 {lp64_product} {ergonomic}
     bool UseCompressedOops                        = true                                 {lp64_product} {ergonomic}
     bool UseG1GC                                  = true                                      {product} {ergonomic}
     bool UseLargePagesIndividualAllocation        = false                                  {pd product} {ergonomic}

Logging:
Log output configuration:
 #0: stdout all=warning uptime,level,tags
 #1: stderr all=off uptime,level,tags

Environment Variables:
PATH=C:\Program Files\Common Files\Oracle\Java\javapath;C:\WINDOWS\system32;C:\WINDOWS;C:\WINDOWS\System32\Wbem;C:\WINDOWS\System32\WindowsPowerShell\v1.0\;C:\WINDOWS\System32\OpenSSH\;C:\Program Files\Java\jdk-15.0.1\bin;C:\Program Files\MySQL\MySQL Shell 8.0\bin\;C:\Users\Shri\AppData\Local\Microsoft\WindowsApps;
USERNAME=Shri
OS=Windows_NT
PROCESSOR_IDENTIFIER=Intel64 Family 6 Model 142 Stepping 10, GenuineIntel



---------------  S Y S T E M  ---------------

OS:
 Windows 10 , 64 bit Build 19041 (10.0.19041.804)
OS uptime: 0 days 22:36 hours

CPU: total 4 (initial active 4) (2 cores per cpu, 2 threads per core) family 6 model 142 stepping 10 microcode 0xe0, cmov, cx8, fxsr, mmx, sse, sse2, sse3, ssse3, sse4.1, sse4.2, popcnt, vzeroupper, avx, avx2, aes, clmul, erms, 3dnowpref, lzcnt, ht, tsc, tscinvbit, bmi1, bmi2, adx, fma, clflush, clflushopt

Memory: 4k page, system-wide physical 4011M (552M free)
TotalPageFile size 16299M (AvailPageFile size 4M)
current process WorkingSet (physical memory assigned to process): 63M, peak: 63M
current process commit charge ("private bytes"): 96M, peak: 97M

vm_info: Java HotSpot(TM) 64-Bit Server VM (15.0.1+9-18) for windows-amd64 JRE (15.0.1+9-18), built on Sep 15 2020 14:43:54 by "mach5one" with unknown MS VC++:1925

END.
